#
# A fatal error has been detected by the Java Runtime Environment:
#
#  SIGSEGV (0xb) at pc=0x00007fcbbb56f9ea, pid=4838, tid=4852
#
# JRE version: OpenJDK Runtime Environment Temurin-17.0.8.1+1 (17.0.8.1+1) (build 17.0.8.1+1)
# Java VM: OpenJDK 64-Bit Server VM Temurin-17.0.8.1+1 (17.0.8.1+1, mixed mode, tiered, compressed oops, compressed class ptrs, parallel gc, linux-amd64)
# Problematic frame:
# V  [libjvm.so+0x56f9ea]  ciTypeFlow::df_flow_types(ciTypeFlow::Block*, bool, ciTypeFlow::StateVector*, ciTypeFlow::JsrSet*)+0x15a
#
# Core dump will be written. Default location: Core dumps may be processed with "/usr/share/apport/apport -p%p -s%s -c%c -d%d -P%P -u%u -g%g -- %E" (or dumping to /home/farhad/apps/my-examples/spring-boot/ddd-hexagonal-task-mng/core.4838)
#
# If you would like to submit a bug report, please visit:
#   https://github.com/adoptium/adoptium-support/issues
#

---------------  S U M M A R Y ------------

Command Line: --add-modules=ALL-SYSTEM --add-opens=java.base/java.util=ALL-UNNAMED --add-opens=java.base/java.lang=ALL-UNNAMED --add-opens=java.base/sun.nio.fs=ALL-UNNAMED -Declipse.application=org.eclipse.jdt.ls.core.id1 -Dosgi.bundles.defaultStartLevel=4 -Declipse.product=org.eclipse.jdt.ls.core.product -Djava.import.generatesMetadataFilesAtProjectRoot=false -DDetectVMInstallationsJob.disabled=true -Dfile.encoding=utf8 -XX:+UseParallelGC -XX:GCTimeRatio=4 -XX:AdaptiveSizePolicyWeight=90 -Dsun.zip.disableMemoryMapping=true -Xmx1G -Xms100m -Xlog:disable -javaagent:/home/farhad/.vscode/extensions/redhat.java-1.23.0-linux-x64/lombok/lombok-1.18.30.jar -XX:+HeapDumpOnOutOfMemoryError -XX:HeapDumpPath=/home/farhad/.config/Code/User/workspaceStorage/272d5d35a52b0053f6d6da278043ada3/redhat.java -Daether.dependencyCollector.impl=bf /home/farhad/.vscode/extensions/redhat.java-1.23.0-linux-x64/server/plugins/org.eclipse.equinox.launcher_1.6.500.v20230717-2134.jar -configuration /home/farhad/.config/Code/User/globalStorage/redhat.java/1.23.0/config_linux -data /home/farhad/.config/Code/User/workspaceStorage/272d5d35a52b0053f6d6da278043ada3/redhat.java/jdt_ws

Host: AMD Ryzen 7 5700U with Radeon Graphics, 16 cores, 15G, Ubuntu 22.04.3 LTS
Time: Wed Oct 25 05:43:38 2023 +0330 elapsed time: 1381.473200 seconds (0d 0h 23m 1s)

---------------  T H R E A D  ---------------

Current thread (0x00007fcbb42bc090):  JavaThread "C2 CompilerThread0" daemon [_thread_in_native, id=4852, stack(0x00007fcb96b00000,0x00007fcb96c00000)]


Current CompileTask:
C2:1381473 25815       4       java.io.FileInputStream::<init> (107 bytes)

Stack: [0x00007fcb96b00000,0x00007fcb96c00000],  sp=0x00007fcb96bfcaa0,  free space=1010k
Native frames: (J=compiled Java code, j=interpreted, Vv=VM code, C=native code)
V  [libjvm.so+0x56f9ea]  ciTypeFlow::df_flow_types(ciTypeFlow::Block*, bool, ciTypeFlow::StateVector*, ciTypeFlow::JsrSet*)+0x15a
V  [libjvm.so+0x57080e]  ciTypeFlow::flow_types()+0x18e
V  [libjvm.so+0x5708f2]  ciTypeFlow::do_flow()+0x12
V  [libjvm.so+0x5535f2]  ciMethod::get_flow_analysis()+0x72
V  [libjvm.so+0x454031]  InlineTree::ok_to_inline(ciMethod*, JVMState*, ciCallProfile&, bool&)+0x101
V  [libjvm.so+0x69a920]  Compile::call_generator(ciMethod*, int, bool, JVMState*, bool, float, ciKlass*, bool)+0x8b0
V  [libjvm.so+0x69b2ae]  Parse::do_call()+0x18e
V  [libjvm.so+0xc44a38]  Parse::do_one_block()+0x208
V  [libjvm.so+0xc44e65]  Parse::do_all_blocks()+0xe5
V  [libjvm.so+0xc482fc]  Parse::Parse(JVMState*, ciMethod*, float)+0x79c
V  [libjvm.so+0x51758b]  ParseGenerator::generate(JVMState*)+0x8b
V  [libjvm.so+0x5d6335]  Compile::Compile(ciEnv*, ciMethod*, int, bool, bool, bool, bool, bool, DirectiveSet*)+0xcb5
V  [libjvm.so+0x5162c9]  C2Compiler::compile_method(ciEnv*, ciMethod*, int, bool, DirectiveSet*)+0xe9
V  [libjvm.so+0x5df632]  CompileBroker::invoke_compiler_on_method(CompileTask*)+0xef2
V  [libjvm.so+0x5e0448]  CompileBroker::compiler_thread_loop()+0x678
V  [libjvm.so+0xe65584]  JavaThread::thread_main_inner()+0x184
V  [libjvm.so+0xe68d40]  Thread::call_run()+0xc0
V  [libjvm.so+0xc1e681]  thread_native_entry(Thread*)+0xe1


siginfo: si_signo: 11 (SIGSEGV), si_code: 1 (SEGV_MAPERR), si_addr: 0xffffffffffffff89

Register to memory mapping:

RAX=0x0 is NULL
RBX=0x00007fcb7042f660 points into unknown readable memory: 0x00007fcb96bfe8d0 | d0 e8 bf 96 cb 7f 00 00
RCX=0x0000000000000001 is an unknown value
RDX=0x00007fcb7042f660 points into unknown readable memory: 0x00007fcb96bfe8d0 | d0 e8 bf 96 cb 7f 00 00
RSP=0x00007fcb96bfcaa0 is pointing into the stack for thread: 0x00007fcbb42bc090
RBP=0x00007fcb96bfcb40 is pointing into the stack for thread: 0x00007fcbb42bc090
RSI=0x00000000ffffffff is an unallocated location in the heap
RDI=0x00007fcb7042fb90 points into unknown readable memory: 0x00007fcb7042f9b0 | b0 f9 42 70 cb 7f 00 00
R8 =0x0 is NULL
R9 =0x00000000000013dd is an unknown value
R10=0x00007fcb7c2d45a0 points into unknown readable memory: 0x00007fcbbc295a28 | 28 5a 29 bc cb 7f 00 00
R11=0x00007fcbb40a2830 points into unknown readable memory: 0x4c28001686b8ffff | ff ff b8 86 16 00 28 4c
R12=0x00007fcb96bfcaf0 is pointing into the stack for thread: 0x00007fcbb42bc090
R13=0x00007fcb7042fb90 points into unknown readable memory: 0x00007fcb7042f9b0 | b0 f9 42 70 cb 7f 00 00
R14=0x0000000000000001 is an unknown value
R15=0x00007fcb7042fe00 points into unknown readable memory: 0x00007fcb7042fcd0 | d0 fc 42 70 cb 7f 00 00


Registers:
RAX=0x0000000000000000, RBX=0x00007fcb7042f660, RCX=0x0000000000000001, RDX=0x00007fcb7042f660
RSP=0x00007fcb96bfcaa0, RBP=0x00007fcb96bfcb40, RSI=0x00000000ffffffff, RDI=0x00007fcb7042fb90
R8 =0x0000000000000000, R9 =0x00000000000013dd, R10=0x00007fcb7c2d45a0, R11=0x00007fcbb40a2830
R12=0x00007fcb96bfcaf0, R13=0x00007fcb7042fb90, R14=0x0000000000000001, R15=0x00007fcb7042fe00
RIP=0x00007fcbbb56f9ea, EFLAGS=0x0000000000010286, CSGSFS=0x002b000000000033, ERR=0x0000000000000007
  TRAPNO=0x000000000000000e

Top of Stack: (sp=0x00007fcb96bfcaa0)
0x00007fcb96bfcaa0:   00007fcb96bfcaf0 00007fcb96bfcad0
0x00007fcb96bfcab0:   00007fcb70178a90 00007fcb70178a60
0x00007fcb96bfcac0:   00007fcb00000000 01007fcb7042fb50
0x00007fcb96bfcad0:   0000006400000001 00007fcb70178b00 

Instructions: (pc=0x00007fcbbb56f9ea)
0x00007fcbbb56f8ea:   00 00 48 83 c0 08 48 39 d0 75 eb 48 8b 7b 08 48
0x00007fcbbb56f8fa:   c7 45 a0 00 00 00 00 e8 3a 60 fe ff 48 89 c7 e8
0x00007fcbbb56f90a:   62 92 fe ff 31 f6 bf 20 00 00 00 49 89 c6 e8 d3
0x00007fcbbb56f91a:   d8 74 00 49 89 c5 48 85 c0 74 20 be 08 00 00 00
0x00007fcbbb56f92a:   31 ff e8 9f 6c 24 00 49 c7 45 08 00 00 00 00 49
0x00007fcbbb56f93a:   89 45 10 49 c7 45 18 00 00 00 00 48 8b 03 bf 78
0x00007fcbbb56f94a:   00 00 00 48 8b 30 e8 6b 8c e5 ff 49 89 c4 48 85
0x00007fcbbb56f95a:   c0 74 11 4c 89 e9 4c 89 f2 48 89 de 48 89 c7 e8
0x00007fcbbb56f96a:   42 d2 ff ff 48 8b 03 bf 78 00 00 00 48 8b 30 e8
0x00007fcbbb56f97a:   42 8c e5 ff 49 89 c7 48 85 c0 74 11 4c 89 e9 4c
0x00007fcbbb56f98a:   89 f2 48 89 de 48 89 c7 e8 19 d2 ff ff 48 8b 05
0x00007fcbbb56f99a:   62 4e a2 00 bf 38 00 00 00 49 c7 44 24 50 00 00
0x00007fcbbb56f9aa:   00 00 49 89 47 50 48 8b 03 48 8b 30 e8 05 8c e5
0x00007fcbbb56f9ba:   ff 48 85 c0 74 2b 48 c7 00 00 00 00 00 48 c7 40
0x00007fcbbb56f9ca:   08 00 00 00 00 48 c7 40 10 00 00 00 00 4c 89 60
0x00007fcbbb56f9da:   18 4c 89 78 20 c6 40 28 00 48 c7 40 30 00 00 00
0x00007fcbbb56f9ea:   00 48 89 43 48 48 63 75 90 3b 75 94 0f 84 ac 01
0x00007fcbbb56f9fa:   00 00 8d 46 01 48 8b 7d 80 4c 8d 65 b0 c7 45 80
0x00007fcbbb56fa0a:   00 00 00 00 89 45 90 48 8b 45 98 48 89 3c f0 44
0x00007fcbbb56fa1a:   8b 75 90 48 8d 45 90 c7 43 40 00 00 00 00 48 c7
0x00007fcbbb56fa2a:   43 38 00 00 00 00 48 89 85 68 ff ff ff 45 85 f6
0x00007fcbbb56fa3a:   7f 29 e9 b5 00 00 00 0f 1f 80 00 00 00 00 41 8b
0x00007fcbbb56fa4a:   4d 54 85 c9 0f 88 cc 00 00 00 41 83 ee 01 44 89
0x00007fcbbb56fa5a:   75 90 45 85 f6 0f 8e 91 00 00 00 48 8b 4d 98 49
0x00007fcbbb56fa6a:   63 d6 4c 8b 6c d1 f8 41 8b 75 50 85 f6 79 cf 49
0x00007fcbbb56fa7a:   8b 45 38 48 8b 50 10 8b 42 40 8d 48 01 89 4a 40
0x00007fcbbb56fa8a:   41 89 45 50 66 48 8d 3d 02 b5 d4 00 66 66 48 e8
0x00007fcbbb56fa9a:   72 3a ce ff 48 8b 00 48 8b 80 78 05 00 00 48 8b
0x00007fcbbb56faaa:   80 80 00 00 00 48 8b 50 68 89 d0 c1 e8 1f 01 d0
0x00007fcbbb56faba:   d1 f8 39 43 40 0f 8d b3 01 00 00 80 7d 8f 00 44
0x00007fcbbb56faca:   8b 75 90 74 8d 48 8b 8d 70 ff ff ff 48 8b 95 78
0x00007fcbbb56fada:   ff ff ff 4c 89 ee 48 89 df e8 a8 f3 ff ff 48 8b 


Stack slot to memory mapping:
stack at sp + 0 slots: 0x00007fcb96bfcaf0 is pointing into the stack for thread: 0x00007fcbb42bc090
stack at sp + 1 slots: 0x00007fcb96bfcad0 is pointing into the stack for thread: 0x00007fcbb42bc090
stack at sp + 2 slots: 0x00007fcb70178a90 points into unknown readable memory: 0x0000000000000000 | 00 00 00 00 00 00 00 00
stack at sp + 3 slots: 0x00007fcb70178a60 points into unknown readable memory: 0x00007fcb7042fb20 | 20 fb 42 70 cb 7f 00 00
stack at sp + 4 slots: 0x00007fcb00000000 points into unknown readable memory: 0x00007fcb00000030 | 30 00 00 00 cb 7f 00 00
stack at sp + 5 slots: 0x01007fcb7042fb50 is an unknown value
stack at sp + 6 slots: 0x0000006400000001 is an unknown value
stack at sp + 7 slots: 0x00007fcb70178b00 points into unknown readable memory: 0x00007fcb7042fb90 | 90 fb 42 70 cb 7f 00 00


---------------  P R O C E S S  ---------------

Threads class SMR info:
_java_thread_list=0x00007fcaec13cc80, length=45, elements={
0x00007fcbb4027f40, 0x00007fcbb428c780, 0x00007fcbb428dd00, 0x00007fcbb42b6170,
0x00007fcbb42b9a60, 0x00007fcbb42baa00, 0x00007fcbb42bc090, 0x00007fcbb42bd5a0,
0x00007fcbb42be9f0, 0x00007fcbb4364770, 0x00007fcbb4452790, 0x00007fcbb464ddd0,
0x00007fcbb4696b50, 0x00007fcbb46a2cd0, 0x00007fcb2c43a160, 0x00007fcb2c48d520,
0x00007fcb2c5c97b0, 0x00007fcb2c67ba00, 0x00007fcb2c9ac480, 0x00007fcbb47ca5a0,
0x00007fcbb4952070, 0x00007fcbb4953030, 0x00007fcacc026cb0, 0x00007fcaec5f6740,
0x00007fcaec5f22e0, 0x00007fcaec63c280, 0x00007fcaec63fb80, 0x00007fcaec647ac0,
0x00007fcaec648c30, 0x00007fcaec649dc0, 0x00007fcab0004db0, 0x00007fcab8052910,
0x00007fca900010d0, 0x00007fcb80000eb0, 0x00007fcaec63ea10, 0x00007fcaec63b4e0,
0x00007fcb5837eb60, 0x00007fca900dc290, 0x00007fcaa0005530, 0x00007fca9418a670,
0x00007fcac4014960, 0x00007fcaac0015d0, 0x00007fcb480d93c0, 0x00007fcb58213100,
0x00007fcaec26f3f0
}

Java Threads: ( => current thread )
  0x00007fcbb4027f40 JavaThread "main" [_thread_blocked, id=4841, stack(0x00007fcbbae19000,0x00007fcbbaf19000)]
  0x00007fcbb428c780 JavaThread "Reference Handler" daemon [_thread_blocked, id=4847, stack(0x00007fcb97afb000,0x00007fcb97bfb000)]
  0x00007fcbb428dd00 JavaThread "Finalizer" daemon [_thread_blocked, id=4848, stack(0x00007fcb979fb000,0x00007fcb97afb000)]
  0x00007fcbb42b6170 JavaThread "Signal Dispatcher" daemon [_thread_blocked, id=4849, stack(0x00007fcb978fb000,0x00007fcb979fb000)]
  0x00007fcbb42b9a60 JavaThread "Service Thread" daemon [_thread_blocked, id=4850, stack(0x00007fcb96d00000,0x00007fcb96e00000)]
  0x00007fcbb42baa00 JavaThread "Monitor Deflation Thread" daemon [_thread_blocked, id=4851, stack(0x00007fcb96c00000,0x00007fcb96d00000)]
=>0x00007fcbb42bc090 JavaThread "C2 CompilerThread0" daemon [_thread_in_native, id=4852, stack(0x00007fcb96b00000,0x00007fcb96c00000)]
  0x00007fcbb42bd5a0 JavaThread "C1 CompilerThread0" daemon [_thread_blocked, id=4853, stack(0x00007fcb96a00000,0x00007fcb96b00000)]
  0x00007fcbb42be9f0 JavaThread "Sweeper thread" daemon [_thread_blocked, id=4854, stack(0x00007fcb96900000,0x00007fcb96a00000)]
  0x00007fcbb4364770 JavaThread "Common-Cleaner" daemon [_thread_blocked, id=4861, stack(0x00007fcb96800000,0x00007fcb96900000)]
  0x00007fcbb4452790 JavaThread "Notification Thread" daemon [_thread_blocked, id=4895, stack(0x00007fcb96300000,0x00007fcb96400000)]
  0x00007fcbb464ddd0 JavaThread "Active Thread: Equinox Container: 3958e0ba-f54a-4771-a75f-f730528acfb9" [_thread_blocked, id=5025, stack(0x00007fcb959f4000,0x00007fcb95af4000)]
  0x00007fcbb4696b50 JavaThread "Framework Event Dispatcher: Equinox Container: 3958e0ba-f54a-4771-a75f-f730528acfb9" daemon [_thread_blocked, id=5054, stack(0x00007fcb958f4000,0x00007fcb959f4000)]
  0x00007fcbb46a2cd0 JavaThread "Start Level: Equinox Container: 3958e0ba-f54a-4771-a75f-f730528acfb9" daemon [_thread_blocked, id=5055, stack(0x00007fcb957f4000,0x00007fcb958f4000)]
  0x00007fcb2c43a160 JavaThread "Bundle File Closer" daemon [_thread_blocked, id=5168, stack(0x00007fcb951fe000,0x00007fcb952fe000)]
  0x00007fcb2c48d520 JavaThread "SCR Component Actor" daemon [_thread_blocked, id=5230, stack(0x00007fcb950fe000,0x00007fcb951fe000)]
  0x00007fcb2c5c97b0 JavaThread "Worker-JM" [_thread_blocked, id=5237, stack(0x00007fcb960fe000,0x00007fcb961fe000)]
  0x00007fcb2c67ba00 JavaThread "Worker-1" [_thread_blocked, id=5244, stack(0x00007fcb94bf8000,0x00007fcb94cf8000)]
  0x00007fcb2c9ac480 JavaThread "Java indexing" daemon [_thread_blocked, id=5254, stack(0x00007fcb947f4000,0x00007fcb948f4000)]
  0x00007fcbb47ca5a0 JavaThread "pool-2-thread-1" [_thread_blocked, id=5258, stack(0x00007fcb944a1000,0x00007fcb945a1000)]
  0x00007fcbb4952070 JavaThread "WorkspaceEventsHandler" [_thread_blocked, id=5260, stack(0x00007fcb946f4000,0x00007fcb947f4000)]
  0x00007fcbb4953030 JavaThread "pool-1-thread-1" [_thread_in_native, id=5261, stack(0x00007fcb945f4000,0x00007fcb946f4000)]
  0x00007fcacc026cb0 JavaThread "Worker-5" [_thread_blocked, id=5297, stack(0x00007fcad7c00000,0x00007fcad7d00000)]
  0x00007fcaec5f6740 JavaThread "ForkJoinPool.commonPool-worker-2" daemon [_thread_blocked, id=5320, stack(0x00007fcad7a00000,0x00007fcad7b00000)]
  0x00007fcaec5f22e0 JavaThread "ForkJoinPool.commonPool-worker-3" daemon [_thread_blocked, id=5321, stack(0x00007fcad7900000,0x00007fcad7a00000)]
  0x00007fcaec63c280 JavaThread "ForkJoinPool.commonPool-worker-5" daemon [_thread_blocked, id=5363, stack(0x00007fcad7700000,0x00007fcad7800000)]
  0x00007fcaec63fb80 JavaThread "ForkJoinPool.commonPool-worker-8" daemon [_thread_blocked, id=5367, stack(0x00007fcad7400000,0x00007fcad7500000)]
  0x00007fcaec647ac0 JavaThread "ForkJoinPool.commonPool-worker-9" daemon [_thread_blocked, id=5368, stack(0x00007fcad7300000,0x00007fcad7400000)]
  0x00007fcaec648c30 JavaThread "ForkJoinPool.commonPool-worker-10" daemon [_thread_blocked, id=5370, stack(0x00007fcad7200000,0x00007fcad7300000)]
  0x00007fcaec649dc0 JavaThread "ForkJoinPool.commonPool-worker-11" daemon [_thread_blocked, id=5371, stack(0x00007fcad7100000,0x00007fcad7200000)]
  0x00007fcab0004db0 JavaThread "ForkJoinPool.commonPool-worker-12" daemon [_thread_blocked, id=5396, stack(0x00007fcad7000000,0x00007fcad7100000)]
  0x00007fcab8052910 JavaThread "ForkJoinPool.commonPool-worker-13" daemon [_thread_blocked, id=5408, stack(0x00007fcad6a00000,0x00007fcad6b00000)]
  0x00007fca900010d0 JavaThread "ForkJoinPool.commonPool-worker-14" daemon [_thread_blocked, id=5421, stack(0x00007fcad6c00000,0x00007fcad6d00000)]
  0x00007fcb80000eb0 JavaThread "Attach Listener" daemon [_thread_blocked, id=5563, stack(0x00007fcb948f4000,0x00007fcb949f4000)]
  0x00007fcaec63ea10 JavaThread "Worker-7" [_thread_blocked, id=9455, stack(0x00007fcad7800000,0x00007fcad7900000)]
  0x00007fcaec63b4e0 JavaThread "Worker-8" [_thread_blocked, id=9456, stack(0x00007fcb96600000,0x00007fcb96700000)]
  0x00007fcb5837eb60 JavaThread "Worker-9" [_thread_blocked, id=9457, stack(0x00007fcad7f00000,0x00007fcad8000000)]
  0x00007fca900dc290 JavaThread "ForkJoinPool.commonPool-worker-16" daemon [_thread_blocked, id=9491, stack(0x00007fcb95ffe000,0x00007fcb960fe000)]
  0x00007fcaa0005530 JavaThread "ForkJoinPool.commonPool-worker-17" daemon [_thread_blocked, id=9521, stack(0x00007fcad7d00000,0x00007fcad7e00000)]
  0x00007fca9418a670 JavaThread "ForkJoinPool.commonPool-worker-18" daemon [_thread_in_Java, id=9522, stack(0x00007fcad7b00000,0x00007fcad7c00000)]
  0x00007fcac4014960 JavaThread "ForkJoinPool.commonPool-worker-19" daemon [_thread_blocked, id=9523, stack(0x00007fcad7500000,0x00007fcad7600000)]
  0x00007fcaac0015d0 JavaThread "ForkJoinPool.commonPool-worker-20" daemon [_thread_blocked, id=9524, stack(0x00007fcad6900000,0x00007fcad6a00000)]
  0x00007fcb480d93c0 JavaThread "Worker-10" [_thread_blocked, id=9903, stack(0x00007fcad6f00000,0x00007fcad7000000)]
  0x00007fcb58213100 JavaThread "Worker-11" [_thread_blocked, id=10684, stack(0x00007fcb96700000,0x00007fcb96800000)]
  0x00007fcaec26f3f0 JavaThread "pool-1-thread-6" [_thread_blocked, id=13704, stack(0x00007fcad7600000,0x00007fcad7700000)]

Other Threads:
  0x00007fcbb4068f50 VMThread "VM Thread" [stack: 0x00007fcb97bfd000,0x00007fcb97cfd000] [id=4845]
  0x00007fcbb4071d30 WatcherThread [stack: 0x00007fcb96200000,0x00007fcb96300000] [id=4896]
  0x00007fcbb403f700 GCTaskThread "GC Thread#0" [stack: 0x00007fcbba946000,0x00007fcbbaa46000] [id=4842]
  0x00007fcb900012d0 GCTaskThread "GC Thread#1" [stack: 0x00007fcb95efe000,0x00007fcb95ffe000] [id=4947]
  0x00007fcb900032a0 GCTaskThread "GC Thread#2" [stack: 0x00007fcb95dfc000,0x00007fcb95efc000] [id=4952]
  0x00007fcb90003c30 GCTaskThread "GC Thread#3" [stack: 0x00007fcb95cfa000,0x00007fcb95dfa000] [id=4953]
  0x00007fcb900045c0 GCTaskThread "GC Thread#4" [stack: 0x00007fcb95bf8000,0x00007fcb95cf8000] [id=4954]
  0x00007fcb90004f50 GCTaskThread "GC Thread#5" [stack: 0x00007fcb95af6000,0x00007fcb95bf6000] [id=4955]
  0x00007fcb900065c0 GCTaskThread "GC Thread#6" [stack: 0x00007fcb956f4000,0x00007fcb957f4000] [id=5088]
  0x00007fcb90006e90 GCTaskThread "GC Thread#7" [stack: 0x00007fcb95300000,0x00007fcb95400000] [id=5089]
  0x00007fcb900084a0 GCTaskThread "GC Thread#8" [stack: 0x00007fcb94ffe000,0x00007fcb950fe000] [id=5231]
  0x00007fcb90008d20 GCTaskThread "GC Thread#9" [stack: 0x00007fcb94efc000,0x00007fcb94ffc000] [id=5232]
  0x00007fcb90009680 GCTaskThread "GC Thread#10" [stack: 0x00007fcb94cfa000,0x00007fcb94dfa000] [id=5238]
  0x00007fcb9000b1d0 GCTaskThread "GC Thread#11" [stack: 0x00007fcb94af8000,0x00007fcb94bf8000] [id=5245]
  0x00007fcb9000b8d0 GCTaskThread "GC Thread#12" [stack: 0x00007fcb949f6000,0x00007fcb94af6000] [id=5246]

Threads with active compile tasks:
C2 CompilerThread0  1381482 25815       4       java.io.FileInputStream::<init> (107 bytes)

VM state: not at safepoint (normal execution)

VM Mutex/Monitor currently owned by a thread: None

Heap address: 0x00000000c0000000, size: 1024 MB, Compressed Oops mode: 32-bit

CDS archive(s) not mapped
Compressed class space mapped at: 0x0000000100000000-0x0000000140000000, reserved size: 1073741824
Narrow klass base: 0x0000000000000000, Narrow klass shift: 3, Narrow klass range: 0x140000000

GC Precious Log:
 CPUs: 16 total, 16 available
 Memory: 15362M
 Large Page Support: Disabled
 NUMA Support: Disabled
 Compressed Oops: Enabled (32-bit)
 Alignments: Space 512K, Generation 512K, Heap 2M
 Heap Min Capacity: 100M
 Heap Initial Capacity: 100M
 Heap Max Capacity: 1G
 Pre-touch: Disabled
 Parallel Workers: 13

Heap:
 PSYoungGen      total 17408K, used 11383K [0x00000000eab00000, 0x00000000ec600000, 0x0000000100000000)
  eden space 11776K, 53% used [0x00000000eab00000,0x00000000eb11d068,0x00000000eb680000)
  from space 5632K, 90% used [0x00000000ec080000,0x00000000ec580e30,0x00000000ec600000)
  to   space 6656K, 0% used [0x00000000eb900000,0x00000000eb900000,0x00000000ebf80000)
 ParOldGen       total 136704K, used 116921K [0x00000000c0000000, 0x00000000c8580000, 0x00000000eab00000)
  object space 136704K, 85% used [0x00000000c0000000,0x00000000c722e530,0x00000000c8580000)
 Metaspace       used 96807K, committed 98176K, reserved 1179648K
  class space    used 9481K, committed 10048K, reserved 1048576K

Card table byte_map: [0x00007fcbbaa46000,0x00007fcbbac47000] _byte_map_base: 0x00007fcbba446000

Marking Bits: (ParMarkBitMap*) 0x00007fcbbc321ba0
 Begin Bits: [0x00007fcbb87ee000, 0x00007fcbb97ee000)
 End Bits:   [0x00007fcbb97ee000, 0x00007fcbba7ee000)

Polling page: 0x00007fcbbc699000

Metaspace:

Usage:
  Non-class:     85.28 MB used.
      Class:      9.26 MB used.
       Both:     94.54 MB used.

Virtual space:
  Non-class space:      128.00 MB reserved,      86.06 MB ( 67%) committed,  2 nodes.
      Class space:        1.00 GB reserved,       9.81 MB ( <1%) committed,  1 nodes.
             Both:        1.12 GB reserved,      95.88 MB (  8%) committed. 

Chunk freelists:
   Non-Class:  9.89 MB
       Class:  6.15 MB
        Both:  16.04 MB

MaxMetaspaceSize: unlimited
CompressedClassSpaceSize: 1.00 GB
Initial GC threshold: 21.00 MB
Current GC threshold: 159.81 MB
CDS: off
MetaspaceReclaimPolicy: balanced
 - commit_granule_bytes: 65536.
 - commit_granule_words: 8192.
 - virtual_space_node_default_size: 8388608.
 - enlarge_chunks_in_place: 1.
 - new_chunks_are_fully_committed: 0.
 - uncommit_free_chunks: 1.
 - use_allocation_guard: 0.
 - handle_deallocations: 1.


Internal statistics:

num_allocs_failed_limit: 9.
num_arena_births: 1242.
num_arena_deaths: 184.
num_vsnodes_births: 3.
num_vsnodes_deaths: 0.
num_space_committed: 1534.
num_space_uncommitted: 0.
num_chunks_returned_to_freelist: 232.
num_chunks_taken_from_freelist: 5591.
num_chunk_merges: 79.
num_chunk_splits: 3291.
num_chunks_enlarged: 1725.
num_inconsistent_stats: 0.

CodeHeap 'non-profiled nmethods': size=119168Kb used=20951Kb max_used=20951Kb free=98216Kb
 bounds [0x00007fcba9da0000, 0x00007fcbab220000, 0x00007fcbb1200000]
CodeHeap 'profiled nmethods': size=119164Kb used=46407Kb max_used=47308Kb free=72756Kb
 bounds [0x00007fcba2200000, 0x00007fcba5040000, 0x00007fcba965f000]
CodeHeap 'non-nmethods': size=7428Kb used=1429Kb max_used=3268Kb free=5998Kb
 bounds [0x00007fcba965f000, 0x00007fcba999f000, 0x00007fcba9da0000]
 total_blobs=20825 nmethods=20048 adapters=688
 compilation: enabled
              stopped_count=0, restarted_count=0
 full_count=0

Compilation events (20 events):
Event: 1377.485 Thread 0x00007fcbb42bd5a0 nmethod 25805 0x00007fcba3d50d90 code [0x00007fcba3d51020, 0x00007fcba3d51c10]
Event: 1377.485 Thread 0x00007fcbb42bd5a0 25806       3       org.eclipse.jdt.ls.core.internal.handlers.DocumentSymbolHandler::<init> (10 bytes)
Event: 1377.485 Thread 0x00007fcbb42bd5a0 nmethod 25806 0x00007fcba3e36910 code [0x00007fcba3e36ac0, 0x00007fcba3e36c30]
Event: 1377.485 Thread 0x00007fcbb42bd5a0 25807       3       org.eclipse.jdt.ls.core.internal.handlers.JDTLanguageServer$$Lambda$653/0x0000000100840950::<init> (20 bytes)
Event: 1377.485 Thread 0x00007fcbb42bd5a0 nmethod 25807 0x00007fcba3f6d610 code [0x00007fcba3f6d7c0, 0x00007fcba3f6d970]
Event: 1377.485 Thread 0x00007fcbb42bd5a0 25808       3       org.eclipse.jdt.ls.core.internal.handlers.JDTLanguageServer$$Lambda$653/0x0000000100840950::apply (20 bytes)
Event: 1377.485 Thread 0x00007fcbb42bd5a0 nmethod 25808 0x00007fcba3c75d10 code [0x00007fcba3c75f00, 0x00007fcba3c76480]
Event: 1377.485 Thread 0x00007fcbb42bd5a0 25809       3       org.eclipse.jdt.ls.core.internal.handlers.JDTLanguageServer::lambda$13 (12 bytes)
Event: 1377.486 Thread 0x00007fcbb42bd5a0 nmethod 25809 0x00007fcba3033610 code [0x00007fcba3033800, 0x00007fcba3033c00]
Event: 1377.486 Thread 0x00007fcbb42bd5a0 25810       3       org.eclipse.jdt.ls.core.internal.handlers.DocumentSymbolHandler::documentSymbol (118 bytes)
Event: 1377.486 Thread 0x00007fcbb42bd5a0 nmethod 25810 0x00007fcba2ecf810 code [0x00007fcba2ecfba0, 0x00007fcba2ed1220]
Event: 1377.486 Thread 0x00007fcbb42bd5a0 25811       3       org.eclipse.jdt.ls.core.internal.preferences.ClientPreferences::isHierarchicalDocumentSymbolSupported (59 bytes)
Event: 1377.487 Thread 0x00007fcbb42bd5a0 nmethod 25811 0x00007fcba3cd5790 code [0x00007fcba3cd5960, 0x00007fcba3cd5cf0]
Event: 1377.800 Thread 0x00007fcbb42bc090 25812       4       java.util.Arrays::copyOfRange (64 bytes)
Event: 1377.802 Thread 0x00007fcbb42bc090 nmethod 25812 0x00007fcbab214e10 code [0x00007fcbab214fa0, 0x00007fcbab215298]
Event: 1380.659 Thread 0x00007fcbb42bc090 25813       4       org.eclipse.jdt.internal.compiler.problem.DefaultProblemFactory::setLocale (56 bytes)
Event: 1380.664 Thread 0x00007fcbb42bc090 nmethod 25813 0x00007fcbab215390 code [0x00007fcbab215520, 0x00007fcbab2156f8]
Event: 1380.664 Thread 0x00007fcbb42bc090 25814       4       java.lang.PublicMethods$Key::matches (31 bytes)
Event: 1380.668 Thread 0x00007fcbb42bc090 nmethod 25814 0x00007fcbab215910 code [0x00007fcbab215aa0, 0x00007fcbab215d58]
Event: 1381.459 Thread 0x00007fcbb42bc090 25815       4       java.io.FileInputStream::<init> (107 bytes)

GC Heap History (20 events):
Event: 1375.864 GC heap before
{Heap before GC invocations=1865 (full 107):
 PSYoungGen      total 16384K, used 16085K [0x00000000eab00000, 0x00000000ec680000, 0x0000000100000000)
  eden space 12288K, 100% used [0x00000000eab00000,0x00000000eb700000,0x00000000eb700000)
  from space 4096K, 92% used [0x00000000eb700000,0x00000000ebab5758,0x00000000ebb00000)
  to   space 6656K, 0% used [0x00000000ec000000,0x00000000ec000000,0x00000000ec680000)
 ParOldGen       total 136704K, used 105821K [0x00000000c0000000, 0x00000000c8580000, 0x00000000eab00000)
  object space 136704K, 77% used [0x00000000c0000000,0x00000000c6757400,0x00000000c8580000)
 Metaspace       used 96782K, committed 98176K, reserved 1179648K
  class space    used 9480K, committed 10048K, reserved 1048576K
}
Event: 1375.870 GC heap after
{Heap after GC invocations=1865 (full 107):
 PSYoungGen      total 18432K, used 5880K [0x00000000eab00000, 0x00000000ec600000, 0x0000000100000000)
  eden space 12288K, 0% used [0x00000000eab00000,0x00000000eab00000,0x00000000eb700000)
  from space 6144K, 95% used [0x00000000ec000000,0x00000000ec5be030,0x00000000ec600000)
  to   space 6656K, 0% used [0x00000000eb900000,0x00000000eb900000,0x00000000ebf80000)
 ParOldGen       total 136704K, used 105909K [0x00000000c0000000, 0x00000000c8580000, 0x00000000eab00000)
  object space 136704K, 77% used [0x00000000c0000000,0x00000000c676d400,0x00000000c8580000)
 Metaspace       used 96782K, committed 98176K, reserved 1179648K
  class space    used 9480K, committed 10048K, reserved 1048576K
}
Event: 1375.901 GC heap before
{Heap before GC invocations=1866 (full 107):
 PSYoungGen      total 18432K, used 18168K [0x00000000eab00000, 0x00000000ec600000, 0x0000000100000000)
  eden space 12288K, 100% used [0x00000000eab00000,0x00000000eb700000,0x00000000eb700000)
  from space 6144K, 95% used [0x00000000ec000000,0x00000000ec5be030,0x00000000ec600000)
  to   space 6656K, 0% used [0x00000000eb900000,0x00000000eb900000,0x00000000ebf80000)
 ParOldGen       total 136704K, used 105909K [0x00000000c0000000, 0x00000000c8580000, 0x00000000eab00000)
  object space 136704K, 77% used [0x00000000c0000000,0x00000000c676d400,0x00000000c8580000)
 Metaspace       used 96782K, committed 98176K, reserved 1179648K
  class space    used 9480K, committed 10048K, reserved 1048576K
}
Event: 1375.907 GC heap after
{Heap after GC invocations=1866 (full 107):
 PSYoungGen      total 16896K, used 4195K [0x00000000eab00000, 0x00000000ec100000, 0x0000000100000000)
  eden space 12288K, 0% used [0x00000000eab00000,0x00000000eab00000,0x00000000eb700000)
  from space 4608K, 91% used [0x00000000eb900000,0x00000000ebd18e30,0x00000000ebd80000)
  to   space 3584K, 0% used [0x00000000ebd80000,0x00000000ebd80000,0x00000000ec100000)
 ParOldGen       total 136704K, used 106201K [0x00000000c0000000, 0x00000000c8580000, 0x00000000eab00000)
  object space 136704K, 77% used [0x00000000c0000000,0x00000000c67b6620,0x00000000c8580000)
 Metaspace       used 96782K, committed 98176K, reserved 1179648K
  class space    used 9480K, committed 10048K, reserved 1048576K
}
Event: 1375.922 GC heap before
{Heap before GC invocations=1867 (full 107):
 PSYoungGen      total 16896K, used 16436K [0x00000000eab00000, 0x00000000ec100000, 0x0000000100000000)
  eden space 12288K, 99% used [0x00000000eab00000,0x00000000eb6f4500,0x00000000eb700000)
  from space 4608K, 91% used [0x00000000eb900000,0x00000000ebd18e30,0x00000000ebd80000)
  to   space 3584K, 0% used [0x00000000ebd80000,0x00000000ebd80000,0x00000000ec100000)
 ParOldGen       total 136704K, used 106201K [0x00000000c0000000, 0x00000000c8580000, 0x00000000eab00000)
  object space 136704K, 77% used [0x00000000c0000000,0x00000000c67b6620,0x00000000c8580000)
 Metaspace       used 96782K, committed 98176K, reserved 1179648K
  class space    used 9480K, committed 10048K, reserved 1048576K
}
Event: 1375.926 GC heap after
{Heap after GC invocations=1867 (full 107):
 PSYoungGen      total 14848K, used 2365K [0x00000000eab00000, 0x00000000ec000000, 0x0000000100000000)
  eden space 12288K, 0% used [0x00000000eab00000,0x00000000eab00000,0x00000000eb700000)
  from space 2560K, 92% used [0x00000000ebd80000,0x00000000ebfcf680,0x00000000ec000000)
  to   space 3584K, 0% used [0x00000000eb900000,0x00000000eb900000,0x00000000ebc80000)
 ParOldGen       total 136704K, used 106201K [0x00000000c0000000, 0x00000000c8580000, 0x00000000eab00000)
  object space 136704K, 77% used [0x00000000c0000000,0x00000000c67b6620,0x00000000c8580000)
 Metaspace       used 96782K, committed 98176K, reserved 1179648K
  class space    used 9480K, committed 10048K, reserved 1048576K
}
Event: 1376.261 GC heap before
{Heap before GC invocations=1868 (full 107):
 PSYoungGen      total 14848K, used 14653K [0x00000000eab00000, 0x00000000ec000000, 0x0000000100000000)
  eden space 12288K, 100% used [0x00000000eab00000,0x00000000eb700000,0x00000000eb700000)
  from space 2560K, 92% used [0x00000000ebd80000,0x00000000ebfcf680,0x00000000ec000000)
  to   space 3584K, 0% used [0x00000000eb900000,0x00000000eb900000,0x00000000ebc80000)
 ParOldGen       total 136704K, used 106201K [0x00000000c0000000, 0x00000000c8580000, 0x00000000eab00000)
  object space 136704K, 77% used [0x00000000c0000000,0x00000000c67b6620,0x00000000c8580000)
 Metaspace       used 96797K, committed 98176K, reserved 1179648K
  class space    used 9480K, committed 10048K, reserved 1048576K
}
Event: 1376.263 GC heap after
{Heap after GC invocations=1868 (full 107):
 PSYoungGen      total 15872K, used 660K [0x00000000eab00000, 0x00000000ebe00000, 0x0000000100000000)
  eden space 12288K, 0% used [0x00000000eab00000,0x00000000eab00000,0x00000000eb700000)
  from space 3584K, 18% used [0x00000000eb900000,0x00000000eb9a5200,0x00000000ebc80000)
  to   space 1536K, 0% used [0x00000000ebc80000,0x00000000ebc80000,0x00000000ebe00000)
 ParOldGen       total 136704K, used 106257K [0x00000000c0000000, 0x00000000c8580000, 0x00000000eab00000)
  object space 136704K, 77% used [0x00000000c0000000,0x00000000c67c4620,0x00000000c8580000)
 Metaspace       used 96797K, committed 98176K, reserved 1179648K
  class space    used 9480K, committed 10048K, reserved 1048576K
}
Event: 1377.734 GC heap before
{Heap before GC invocations=1869 (full 107):
 PSYoungGen      total 15872K, used 12948K [0x00000000eab00000, 0x00000000ebe00000, 0x0000000100000000)
  eden space 12288K, 100% used [0x00000000eab00000,0x00000000eb700000,0x00000000eb700000)
  from space 3584K, 18% used [0x00000000eb900000,0x00000000eb9a5200,0x00000000ebc80000)
  to   space 1536K, 0% used [0x00000000ebc80000,0x00000000ebc80000,0x00000000ebe00000)
 ParOldGen       total 136704K, used 106257K [0x00000000c0000000, 0x00000000c8580000, 0x00000000eab00000)
  object space 136704K, 77% used [0x00000000c0000000,0x00000000c67c4620,0x00000000c8580000)
 Metaspace       used 96807K, committed 98176K, reserved 1179648K
  class space    used 9481K, committed 10048K, reserved 1048576K
}
Event: 1377.740 GC heap after
{Heap after GC invocations=1869 (full 107):
 PSYoungGen      total 13312K, used 1517K [0x00000000eab00000, 0x00000000ec300000, 0x0000000100000000)
  eden space 11776K, 0% used [0x00000000eab00000,0x00000000eab00000,0x00000000eb680000)
  from space 1536K, 98% used [0x00000000ebc80000,0x00000000ebdfb740,0x00000000ebe00000)
  to   space 6144K, 0% used [0x00000000eb680000,0x00000000eb680000,0x00000000ebc80000)
 ParOldGen       total 136704K, used 109648K [0x00000000c0000000, 0x00000000c8580000, 0x00000000eab00000)
  object space 136704K, 80% used [0x00000000c0000000,0x00000000c6b14120,0x00000000c8580000)
 Metaspace       used 96807K, committed 98176K, reserved 1179648K
  class space    used 9481K, committed 10048K, reserved 1048576K
}
Event: 1377.770 GC heap before
{Heap before GC invocations=1870 (full 107):
 PSYoungGen      total 13312K, used 13293K [0x00000000eab00000, 0x00000000ec300000, 0x0000000100000000)
  eden space 11776K, 100% used [0x00000000eab00000,0x00000000eb680000,0x00000000eb680000)
  from space 1536K, 98% used [0x00000000ebc80000,0x00000000ebdfb740,0x00000000ebe00000)
  to   space 6144K, 0% used [0x00000000eb680000,0x00000000eb680000,0x00000000ebc80000)
 ParOldGen       total 136704K, used 109648K [0x00000000c0000000, 0x00000000c8580000, 0x00000000eab00000)
  object space 136704K, 80% used [0x00000000c0000000,0x00000000c6b14120,0x00000000c8580000)
 Metaspace       used 96807K, committed 98176K, reserved 1179648K
  class space    used 9481K, committed 10048K, reserved 1048576K
}
Event: 1377.774 GC heap after
{Heap after GC invocations=1870 (full 107):
 PSYoungGen      total 14848K, used 2627K [0x00000000eab00000, 0x00000000ebd80000, 0x0000000100000000)
  eden space 11776K, 0% used [0x00000000eab00000,0x00000000eab00000,0x00000000eb680000)
  from space 3072K, 85% used [0x00000000eb680000,0x00000000eb910e30,0x00000000eb980000)
  to   space 3584K, 0% used [0x00000000eba00000,0x00000000eba00000,0x00000000ebd80000)
 ParOldGen       total 136704K, used 109970K [0x00000000c0000000, 0x00000000c8580000, 0x00000000eab00000)
  object space 136704K, 80% used [0x00000000c0000000,0x00000000c6b64a40,0x00000000c8580000)
 Metaspace       used 96807K, committed 98176K, reserved 1179648K
  class space    used 9481K, committed 10048K, reserved 1048576K
}
Event: 1377.789 GC heap before
{Heap before GC invocations=1871 (full 107):
 PSYoungGen      total 14848K, used 14403K [0x00000000eab00000, 0x00000000ebd80000, 0x0000000100000000)
  eden space 11776K, 100% used [0x00000000eab00000,0x00000000eb680000,0x00000000eb680000)
  from space 3072K, 85% used [0x00000000eb680000,0x00000000eb910e30,0x00000000eb980000)
  to   space 3584K, 0% used [0x00000000eba00000,0x00000000eba00000,0x00000000ebd80000)
 ParOldGen       total 136704K, used 109970K [0x00000000c0000000, 0x00000000c8580000, 0x00000000eab00000)
  object space 136704K, 80% used [0x00000000c0000000,0x00000000c6b64a40,0x00000000c8580000)
 Metaspace       used 96807K, committed 98176K, reserved 1179648K
  class space    used 9481K, committed 10048K, reserved 1048576K
}
Event: 1377.790 GC heap after
{Heap after GC invocations=1871 (full 107):
 PSYoungGen      total 12288K, used 314K [0x00000000eab00000, 0x00000000eba80000, 0x0000000100000000)
  eden space 11776K, 0% used [0x00000000eab00000,0x00000000eab00000,0x00000000eb680000)
  from space 512K, 61% used [0x00000000eba00000,0x00000000eba4e900,0x00000000eba80000)
  to   space 1536K, 0% used [0x00000000eb780000,0x00000000eb780000,0x00000000eb900000)
 ParOldGen       total 136704K, used 109970K [0x00000000c0000000, 0x00000000c8580000, 0x00000000eab00000)
  object space 136704K, 80% used [0x00000000c0000000,0x00000000c6b64a40,0x00000000c8580000)
 Metaspace       used 96807K, committed 98176K, reserved 1179648K
  class space    used 9481K, committed 10048K, reserved 1048576K
}
Event: 1379.706 GC heap before
{Heap before GC invocations=1872 (full 107):
 PSYoungGen      total 12288K, used 12090K [0x00000000eab00000, 0x00000000eba80000, 0x0000000100000000)
  eden space 11776K, 100% used [0x00000000eab00000,0x00000000eb680000,0x00000000eb680000)
  from space 512K, 61% used [0x00000000eba00000,0x00000000eba4e900,0x00000000eba80000)
  to   space 1536K, 0% used [0x00000000eb780000,0x00000000eb780000,0x00000000eb900000)
 ParOldGen       total 136704K, used 109970K [0x00000000c0000000, 0x00000000c8580000, 0x00000000eab00000)
  object space 136704K, 80% used [0x00000000c0000000,0x00000000c6b64a40,0x00000000c8580000)
 Metaspace       used 96807K, committed 98176K, reserved 1179648K
  class space    used 9481K, committed 10048K, reserved 1048576K
}
Event: 1379.707 GC heap after
{Heap after GC invocations=1872 (full 107):
 PSYoungGen      total 13312K, used 1076K [0x00000000eab00000, 0x00000000eba80000, 0x0000000100000000)
  eden space 11776K, 0% used [0x00000000eab00000,0x00000000eab00000,0x00000000eb680000)
  from space 1536K, 70% used [0x00000000eb780000,0x00000000eb88d200,0x00000000eb900000)
  to   space 1536K, 0% used [0x00000000eb900000,0x00000000eb900000,0x00000000eba80000)
 ParOldGen       total 136704K, used 109986K [0x00000000c0000000, 0x00000000c8580000, 0x00000000eab00000)
  object space 136704K, 80% used [0x00000000c0000000,0x00000000c6b68a40,0x00000000c8580000)
 Metaspace       used 96807K, committed 98176K, reserved 1179648K
  class space    used 9481K, committed 10048K, reserved 1048576K
}
Event: 1380.420 GC heap before
{Heap before GC invocations=1873 (full 107):
 PSYoungGen      total 13312K, used 12852K [0x00000000eab00000, 0x00000000eba80000, 0x0000000100000000)
  eden space 11776K, 99% used [0x00000000eab00000,0x00000000eb67fff0,0x00000000eb680000)
  from space 1536K, 70% used [0x00000000eb780000,0x00000000eb88d200,0x00000000eb900000)
  to   space 1536K, 0% used [0x00000000eb900000,0x00000000eb900000,0x00000000eba80000)
 ParOldGen       total 136704K, used 109986K [0x00000000c0000000, 0x00000000c8580000, 0x00000000eab00000)
  object space 136704K, 80% used [0x00000000c0000000,0x00000000c6b68a40,0x00000000c8580000)
 Metaspace       used 96807K, committed 98176K, reserved 1179648K
  class space    used 9481K, committed 10048K, reserved 1048576K
}
Event: 1380.422 GC heap after
{Heap after GC invocations=1873 (full 107):
 PSYoungGen      total 13312K, used 1514K [0x00000000eab00000, 0x00000000ebb80000, 0x0000000100000000)
  eden space 11776K, 0% used [0x00000000eab00000,0x00000000eab00000,0x00000000eb680000)
  from space 1536K, 98% used [0x00000000eb900000,0x00000000eba7a910,0x00000000eba80000)
  to   space 2560K, 0% used [0x00000000eb680000,0x00000000eb680000,0x00000000eb900000)
 ParOldGen       total 136704K, used 110359K [0x00000000c0000000, 0x00000000c8580000, 0x00000000eab00000)
  object space 136704K, 80% used [0x00000000c0000000,0x00000000c6bc5c40,0x00000000c8580000)
 Metaspace       used 96807K, committed 98176K, reserved 1179648K
  class space    used 9481K, committed 10048K, reserved 1048576K
}
Event: 1381.432 GC heap before
{Heap before GC invocations=1874 (full 107):
 PSYoungGen      total 13312K, used 13290K [0x00000000eab00000, 0x00000000ebb80000, 0x0000000100000000)
  eden space 11776K, 100% used [0x00000000eab00000,0x00000000eb680000,0x00000000eb680000)
  from space 1536K, 98% used [0x00000000eb900000,0x00000000eba7a910,0x00000000eba80000)
  to   space 2560K, 0% used [0x00000000eb680000,0x00000000eb680000,0x00000000eb900000)
 ParOldGen       total 136704K, used 110359K [0x00000000c0000000, 0x00000000c8580000, 0x00000000eab00000)
  object space 136704K, 80% used [0x00000000c0000000,0x00000000c6bc5c40,0x00000000c8580000)
 Metaspace       used 96807K, committed 98176K, reserved 1179648K
  class space    used 9481K, committed 10048K, reserved 1048576K
}
Event: 1381.439 GC heap after
{Heap after GC invocations=1874 (full 107):
 PSYoungGen      total 14336K, used 2536K [0x00000000eab00000, 0x00000000eca80000, 0x0000000100000000)
  eden space 11776K, 0% used [0x00000000eab00000,0x00000000eab00000,0x00000000eb680000)
  from space 2560K, 99% used [0x00000000eb680000,0x00000000eb8fa040,0x00000000eb900000)
  to   space 10240K, 0% used [0x00000000ec080000,0x00000000ec080000,0x00000000eca80000)
 ParOldGen       total 136704K, used 116548K [0x00000000c0000000, 0x00000000c8580000, 0x00000000eab00000)
  object space 136704K, 85% used [0x00000000c0000000,0x00000000c71d1310,0x00000000c8580000)
 Metaspace       used 96807K, committed 98176K, reserved 1179648K
  class space    used 9481K, committed 10048K, reserved 1048576K
}

Dll operation events (10 events):
Event: 0.002 Loaded shared library /home/farhad/.vscode/extensions/redhat.java-1.23.0-linux-x64/jre/17.0.8.1-linux-x86_64/lib/libjava.so
Event: 0.106 Loaded shared library /home/farhad/.vscode/extensions/redhat.java-1.23.0-linux-x64/jre/17.0.8.1-linux-x86_64/lib/libzip.so
Event: 0.107 Loaded shared library /home/farhad/.vscode/extensions/redhat.java-1.23.0-linux-x64/jre/17.0.8.1-linux-x86_64/lib/libinstrument.so
Event: 0.116 Loaded shared library /home/farhad/.vscode/extensions/redhat.java-1.23.0-linux-x64/jre/17.0.8.1-linux-x86_64/lib/libnio.so
Event: 0.125 Loaded shared library /home/farhad/.vscode/extensions/redhat.java-1.23.0-linux-x64/jre/17.0.8.1-linux-x86_64/lib/libzip.so
Event: 0.139 Loaded shared library /home/farhad/.vscode/extensions/redhat.java-1.23.0-linux-x64/jre/17.0.8.1-linux-x86_64/lib/libjimage.so
Event: 0.184 Loaded shared library /home/farhad/.vscode/extensions/redhat.java-1.23.0-linux-x64/jre/17.0.8.1-linux-x86_64/lib/libverify.so
Event: 0.725 Loaded shared library /home/farhad/.vscode/extensions/redhat.java-1.23.0-linux-x64/jre/17.0.8.1-linux-x86_64/lib/libnet.so
Event: 1.079 Loaded shared library /home/farhad/.config/Code/User/globalStorage/redhat.java/1.23.0/config_linux/org.eclipse.equinox.launcher/org.eclipse.equinox.launcher.gtk.linux.x86_64_1.2.700.v20221108-1024/eclipse_11801.so
Event: 4.094 Loaded shared library /home/farhad/.vscode/extensions/redhat.java-1.23.0-linux-x64/jre/17.0.8.1-linux-x86_64/lib/libextnet.so

Deoptimization events (20 events):
Event: 1332.675 Thread 0x00007fcbb4953030 DEOPT PACKING pc=0x00007fcbaa3bb358 sp=0x00007fcb946f1a10
Event: 1332.675 Thread 0x00007fcbb4953030 DEOPT UNPACKING pc=0x00007fcba96b5399 sp=0x00007fcb946f1928 mode 2
Event: 1333.461 Thread 0x00007fcaec5f22e0 DEOPT PACKING pc=0x00007fcba3f95d92 sp=0x00007fcad79fd750
Event: 1333.461 Thread 0x00007fcaec5f22e0 DEOPT UNPACKING pc=0x00007fcba96b5b2f sp=0x00007fcad79fccc0 mode 0
Event: 1333.520 Thread 0x00007fcaec5f22e0 DEOPT PACKING pc=0x00007fcba3f95d92 sp=0x00007fcad79fd690
Event: 1333.520 Thread 0x00007fcaec5f22e0 DEOPT UNPACKING pc=0x00007fcba96b5b2f sp=0x00007fcad79fcc00 mode 0
Event: 1337.636 Thread 0x00007fcb2c67ba00 DEOPT PACKING pc=0x00007fcba4189e48 sp=0x00007fcb94cf5ce0
Event: 1337.636 Thread 0x00007fcb2c67ba00 DEOPT UNPACKING pc=0x00007fcba96b5b2f sp=0x00007fcb94cf5190 mode 0
Event: 1338.877 Thread 0x00007fcbb4953030 Uncommon trap: trap_request=0xffffffc6 fr.pc=0x00007fcbaa76f968 relative=0x0000000000001308
Event: 1338.877 Thread 0x00007fcbb4953030 Uncommon trap: reason=bimorphic_or_optimized_type_check action=maybe_recompile pc=0x00007fcbaa76f968 method=org.eclipse.jdt.internal.compiler.lookup.LookupEnvironment.askForType(Lorg/eclipse/jdt/internal/compiler/lookup/PackageBinding;[CLorg/eclipse/jdt/i
Event: 1338.878 Thread 0x00007fcbb4953030 DEOPT PACKING pc=0x00007fcbaa76f968 sp=0x00007fcb946f19d0
Event: 1338.878 Thread 0x00007fcbb4953030 DEOPT UNPACKING pc=0x00007fcba96b5399 sp=0x00007fcb946f1948 mode 2
Event: 1339.632 Thread 0x00007fcb480d93c0 Uncommon trap: trap_request=0xffffffc6 fr.pc=0x00007fcbaa76f968 relative=0x0000000000001308
Event: 1339.632 Thread 0x00007fcb480d93c0 Uncommon trap: reason=bimorphic_or_optimized_type_check action=maybe_recompile pc=0x00007fcbaa76f968 method=org.eclipse.jdt.internal.compiler.lookup.LookupEnvironment.askForType(Lorg/eclipse/jdt/internal/compiler/lookup/PackageBinding;[CLorg/eclipse/jdt/i
Event: 1339.632 Thread 0x00007fcb480d93c0 DEOPT PACKING pc=0x00007fcbaa76f968 sp=0x00007fcad6ffd910
Event: 1339.632 Thread 0x00007fcb480d93c0 DEOPT UNPACKING pc=0x00007fcba96b5399 sp=0x00007fcad6ffd888 mode 2
Event: 1344.713 Thread 0x00007fca900010d0 DEOPT PACKING pc=0x00007fcba3f95d92 sp=0x00007fcad6cfd750
Event: 1344.713 Thread 0x00007fca900010d0 DEOPT UNPACKING pc=0x00007fcba96b5b2f sp=0x00007fcad6cfccc0 mode 0
Event: 1344.905 Thread 0x00007fca900010d0 DEOPT PACKING pc=0x00007fcba3f95d92 sp=0x00007fcad6cfd690
Event: 1344.905 Thread 0x00007fca900010d0 DEOPT UNPACKING pc=0x00007fcba96b5b2f sp=0x00007fcad6cfcc00 mode 0

Classes unloaded (20 events):
Event: 945.027 Thread 0x00007fcbb4068f50 Unloading class 0x0000000100269000 'java/lang/invoke/LambdaForm$MH+0x0000000100269000'
Event: 945.027 Thread 0x00007fcbb4068f50 Unloading class 0x0000000100268c00 'java/lang/invoke/LambdaForm$MH+0x0000000100268c00'
Event: 945.027 Thread 0x00007fcbb4068f50 Unloading class 0x0000000100268400 'java/lang/invoke/LambdaForm$MH+0x0000000100268400'
Event: 945.027 Thread 0x00007fcbb4068f50 Unloading class 0x0000000100268000 'java/lang/invoke/LambdaForm$MH+0x0000000100268000'
Event: 945.027 Thread 0x00007fcbb4068f50 Unloading class 0x0000000100255c00 'java/lang/invoke/LambdaForm$MH+0x0000000100255c00'
Event: 945.027 Thread 0x00007fcbb4068f50 Unloading class 0x000000010022d400 'java/lang/invoke/LambdaForm$MH+0x000000010022d400'
Event: 945.027 Thread 0x00007fcbb4068f50 Unloading class 0x000000010022d000 'java/lang/invoke/LambdaForm$MH+0x000000010022d000'
Event: 945.027 Thread 0x00007fcbb4068f50 Unloading class 0x000000010022cc00 'java/lang/invoke/LambdaForm$MH+0x000000010022cc00'
Event: 945.027 Thread 0x00007fcbb4068f50 Unloading class 0x000000010022c800 'java/lang/invoke/LambdaForm$MH+0x000000010022c800'
Event: 945.027 Thread 0x00007fcbb4068f50 Unloading class 0x000000010022c400 'java/lang/invoke/LambdaForm$MH+0x000000010022c400'
Event: 945.027 Thread 0x00007fcbb4068f50 Unloading class 0x000000010022c000 'java/lang/invoke/LambdaForm$MH+0x000000010022c000'
Event: 945.027 Thread 0x00007fcbb4068f50 Unloading class 0x000000010021cc00 'java/lang/invoke/LambdaForm$MH+0x000000010021cc00'
Event: 945.027 Thread 0x00007fcbb4068f50 Unloading class 0x000000010021c800 'java/lang/invoke/LambdaForm$MH+0x000000010021c800'
Event: 945.027 Thread 0x00007fcbb4068f50 Unloading class 0x000000010021c000 'java/lang/invoke/LambdaForm$MH+0x000000010021c000'
Event: 945.027 Thread 0x00007fcbb4068f50 Unloading class 0x0000000100129000 'jdk/internal/reflect/GeneratedMethodAccessor5'
Event: 945.027 Thread 0x00007fcbb4068f50 Unloading class 0x0000000100128c00 'jdk/internal/reflect/GeneratedMethodAccessor4'
Event: 945.027 Thread 0x00007fcbb4068f50 Unloading class 0x0000000100128800 'jdk/internal/reflect/GeneratedMethodAccessor3'
Event: 945.027 Thread 0x00007fcbb4068f50 Unloading class 0x0000000100128400 'jdk/internal/reflect/GeneratedMethodAccessor2'
Event: 945.027 Thread 0x00007fcbb4068f50 Unloading class 0x0000000100128000 'jdk/internal/reflect/GeneratedMethodAccessor1'
Event: 945.027 Thread 0x00007fcbb4068f50 Unloading class 0x00000001000cb400 'java/lang/invoke/LambdaForm$DMH+0x00000001000cb400'

Classes redefined (0 events):
No events

Internal exceptions (20 events):
Event: 1320.710 Thread 0x00007fcb2c9ac480 Implicit null exception at 0x00007fcba46fc670 to 0x00007fcba46fccdd
Event: 1320.710 Thread 0x00007fcb2c9ac480 Exception <a 'java/lang/NullPointerException'{0x00000000eb994a38}> (0x00000000eb994a38) 
thrown [src/hotspot/share/runtime/sharedRuntime.cpp, line 628]
Event: 1321.237 Thread 0x00007fcb58213100 Implicit null exception at 0x00007fcba46fc670 to 0x00007fcba46fccdd
Event: 1321.237 Thread 0x00007fcb58213100 Exception <a 'java/lang/NullPointerException'{0x00000000ebb68c60}> (0x00000000ebb68c60) 
thrown [src/hotspot/share/runtime/sharedRuntime.cpp, line 628]
Event: 1321.242 Thread 0x00007fcb58213100 Implicit null exception at 0x00007fcba46fc670 to 0x00007fcba46fccdd
Event: 1321.242 Thread 0x00007fcb58213100 Exception <a 'java/lang/NullPointerException'{0x00000000ebc58090}> (0x00000000ebc58090) 
thrown [src/hotspot/share/runtime/sharedRuntime.cpp, line 628]
Event: 1321.722 Thread 0x00007fcaec5f22e0 Implicit null exception at 0x00007fcba46fc670 to 0x00007fcba46fccdd
Event: 1321.722 Thread 0x00007fcaec5f22e0 Exception <a 'java/lang/NullPointerException'{0x00000000eb351ac0}> (0x00000000eb351ac0) 
thrown [src/hotspot/share/runtime/sharedRuntime.cpp, line 628]
Event: 1329.377 Thread 0x00007fcaec648c30 Implicit null exception at 0x00007fcba46fc670 to 0x00007fcba46fccdd
Event: 1329.377 Thread 0x00007fcaec648c30 Exception <a 'java/lang/NullPointerException'{0x00000000eb0a4c80}> (0x00000000eb0a4c80) 
thrown [src/hotspot/share/runtime/sharedRuntime.cpp, line 628]
Event: 1333.590 Thread 0x00007fcaec5f22e0 Implicit null exception at 0x00007fcba46fc670 to 0x00007fcba46fccdd
Event: 1333.590 Thread 0x00007fcaec5f22e0 Exception <a 'java/lang/NullPointerException'{0x00000000eaff3db8}> (0x00000000eaff3db8) 
thrown [src/hotspot/share/runtime/sharedRuntime.cpp, line 628]
Event: 1344.954 Thread 0x00007fca900010d0 Implicit null exception at 0x00007fcba46fc670 to 0x00007fcba46fccdd
Event: 1344.954 Thread 0x00007fca900010d0 Exception <a 'java/lang/NullPointerException'{0x00000000eb2731f8}> (0x00000000eb2731f8) 
thrown [src/hotspot/share/runtime/sharedRuntime.cpp, line 628]
Event: 1374.313 Thread 0x00007fcab0004db0 Implicit null exception at 0x00007fcba46fc670 to 0x00007fcba46fccdd
Event: 1374.313 Thread 0x00007fcab0004db0 Exception <a 'java/lang/NullPointerException'{0x00000000ead910d0}> (0x00000000ead910d0) 
thrown [src/hotspot/share/runtime/sharedRuntime.cpp, line 628]
Event: 1375.934 Thread 0x00007fcab0004db0 Implicit null exception at 0x00007fcba46fc670 to 0x00007fcba46fccdd
Event: 1375.934 Thread 0x00007fcab0004db0 Exception <a 'java/lang/NullPointerException'{0x00000000eb0a2640}> (0x00000000eb0a2640) 
thrown [src/hotspot/share/runtime/sharedRuntime.cpp, line 628]
Event: 1377.800 Thread 0x00007fca9418a670 Implicit null exception at 0x00007fcba46fc670 to 0x00007fcba46fccdd
Event: 1377.800 Thread 0x00007fca9418a670 Exception <a 'java/lang/NullPointerException'{0x00000000eb2a2d80}> (0x00000000eb2a2d80) 
thrown [src/hotspot/share/runtime/sharedRuntime.cpp, line 628]

VM Operations (20 events):
Event: 1375.922 Executing VM operation: ParallelGCFailedAllocation
Event: 1375.926 Executing VM operation: ParallelGCFailedAllocation done
Event: 1376.261 Executing VM operation: ParallelGCFailedAllocation
Event: 1376.263 Executing VM operation: ParallelGCFailedAllocation done
Event: 1377.734 Executing VM operation: ParallelGCFailedAllocation
Event: 1377.740 Executing VM operation: ParallelGCFailedAllocation done
Event: 1377.770 Executing VM operation: ParallelGCFailedAllocation
Event: 1377.774 Executing VM operation: ParallelGCFailedAllocation done
Event: 1377.789 Executing VM operation: ParallelGCFailedAllocation
Event: 1377.790 Executing VM operation: ParallelGCFailedAllocation done
Event: 1378.791 Executing VM operation: Cleanup
Event: 1378.791 Executing VM operation: Cleanup done
Event: 1379.706 Executing VM operation: ParallelGCFailedAllocation
Event: 1379.707 Executing VM operation: ParallelGCFailedAllocation done
Event: 1380.420 Executing VM operation: ParallelGCFailedAllocation
Event: 1380.422 Executing VM operation: ParallelGCFailedAllocation done
Event: 1381.396 Executing VM operation: HandshakeAllThreads
Event: 1381.396 Executing VM operation: HandshakeAllThreads done
Event: 1381.432 Executing VM operation: ParallelGCFailedAllocation
Event: 1381.439 Executing VM operation: ParallelGCFailedAllocation done

Events (20 events):
Event: 1320.361 Protecting memory [0x00007fcad6e00000,0x00007fcad6e04000] with protection modes 0
Event: 1320.362 Thread 0x00007fcbb42be9f0 flushing nmethod 0x00007fcba3d5a790
Event: 1320.366 Thread 0x00007fcbb42be9f0 flushing nmethod 0x00007fcba401db10
Event: 1320.367 Thread 0x00007fcbb42be9f0 flushing nmethod 0x00007fcba40ac590
Event: 1320.367 Thread 0x00007fcbb42be9f0 flushing nmethod 0x00007fcba40b0610
Event: 1320.369 Thread 0x00007fcbb42be9f0 flushing nmethod 0x00007fcba417b190
Event: 1320.370 Thread 0x00007fcbb42be9f0 flushing nmethod 0x00007fcba4206f90
Event: 1320.373 Thread 0x00007fcbb42be9f0 flushing nmethod 0x00007fcba4351810
Event: 1320.373 Thread 0x00007fcbb42be9f0 flushing nmethod 0x00007fcba43d6a90
Event: 1320.376 Thread 0x00007fcbb42be9f0 flushing nmethod 0x00007fcba4669d90
Event: 1320.382 Thread 0x00007fcbb42be9f0 flushing nmethod 0x00007fcba4a74910
Event: 1320.386 Thread 0x00007fcbb42be9f0 flushing nmethod 0x00007fcba4da4490
Event: 1320.386 Thread 0x00007fcbb42be9f0 flushing nmethod 0x00007fcba4dba210
Event: 1320.388 Thread 0x00007fcbb42be9f0 flushing nmethod 0x00007fcba4f1fc90
Event: 1320.708 Thread 0x00007fcb7cd50210 Thread exited: 0x00007fcb7cd50210
Event: 1320.709 Thread 0x00007fcad04b72d0 Thread exited: 0x00007fcad04b72d0
Event: 1321.212 Thread 0x00007fcb701ebf50 Thread exited: 0x00007fcb701ebf50
Event: 1322.681 Thread 0x00007fcaec2762d0 Thread exited: 0x00007fcaec2762d0
Event: 1332.392 Thread 0x00007fcaec26f3f0 Thread added: 0x00007fcaec26f3f0
Event: 1332.392 Protecting memory [0x00007fcad7600000,0x00007fcad7604000] with protection modes 0


Dynamic libraries:
c0000000-c8580000 rw-p 00000000 00:00 0 
c8580000-eab00000 ---p 00000000 00:00 0 
eab00000-ec600000 rw-p 00000000 00:00 0 
ec600000-100000000 ---p 00000000 00:00 0 
100000000-100010000 rw-p 00000000 00:00 0 
100010000-100030000 rw-p 00000000 00:00 0 
100030000-1000b0000 rw-p 00000000 00:00 0 
1000b0000-1000d0000 rw-p 00000000 00:00 0 
1000d0000-100130000 rw-p 00000000 00:00 0 
100130000-100170000 rw-p 00000000 00:00 0 
100170000-1001f0000 rw-p 00000000 00:00 0 
1001f0000-1002f0000 rw-p 00000000 00:00 0 
1002f0000-1003b0000 rw-p 00000000 00:00 0 
1003b0000-1003f0000 rw-p 00000000 00:00 0 
1003f0000-1004b0000 rw-p 00000000 00:00 0 
1004b0000-1004f0000 rw-p 00000000 00:00 0 
1004f0000-100570000 rw-p 00000000 00:00 0 
100570000-100850000 rw-p 00000000 00:00 0 
100850000-100950000 rw-p 00000000 00:00 0 
100950000-100970000 rw-p 00000000 00:00 0 
100970000-100980000 ---p 00000000 00:00 0 
100980000-1009e0000 rw-p 00000000 00:00 0 
1009e0000-140000000 ---p 00000000 00:00 0 
55973e28e000-55973e28f000 r--p 00000000 103:02 7769689                   /home/farhad/.vscode/extensions/redhat.java-1.23.0-linux-x64/jre/17.0.8.1-linux-x86_64/bin/java
55973e28f000-55973e290000 r-xp 00001000 103:02 7769689                   /home/farhad/.vscode/extensions/redhat.java-1.23.0-linux-x64/jre/17.0.8.1-linux-x86_64/bin/java
55973e290000-55973e291000 r--p 00002000 103:02 7769689                   /home/farhad/.vscode/extensions/redhat.java-1.23.0-linux-x64/jre/17.0.8.1-linux-x86_64/bin/java
55973e291000-55973e292000 r--p 00002000 103:02 7769689                   /home/farhad/.vscode/extensions/redhat.java-1.23.0-linux-x64/jre/17.0.8.1-linux-x86_64/bin/java
55973e292000-55973e293000 rw-p 00003000 103:02 7769689                   /home/farhad/.vscode/extensions/redhat.java-1.23.0-linux-x64/jre/17.0.8.1-linux-x86_64/bin/java
55973f8a8000-55973f8f0000 rw-p 00000000 00:00 0                          [heap]
7fca6c000000-7fca6c021000 rw-p 00000000 00:00 0 
7fca6c021000-7fca70000000 ---p 00000000 00:00 0 
7fca74000000-7fca74021000 rw-p 00000000 00:00 0 
7fca74021000-7fca78000000 ---p 00000000 00:00 0 
7fca78000000-7fca78039000 rw-p 00000000 00:00 0 
7fca78039000-7fca7c000000 ---p 00000000 00:00 0 
7fca7c000000-7fca7c3b0000 rw-p 00000000 00:00 0 
7fca7c3b0000-7fca7c4f0000 rw-p 00000000 00:00 0 
7fca7c4f0000-7fca7d3b0000 rw-p 00000000 00:00 0 
7fca7d3b0000-7fca7d3f0000 rw-p 00000000 00:00 0 
7fca7d3f0000-7fca7d400000 ---p 00000000 00:00 0 
7fca7d400000-7fca7d620000 rw-p 00000000 00:00 0 
7fca7d620000-7fca80000000 ---p 00000000 00:00 0 
7fca80000000-7fca8006d000 rw-p 00000000 00:00 0 
7fca8006d000-7fca84000000 ---p 00000000 00:00 0 
7fca84000000-7fca84d9d000 rw-p 00000000 00:00 0 
7fca84d9d000-7fca88000000 ---p 00000000 00:00 0 
7fca88000000-7fca89365000 rw-p 00000000 00:00 0 
7fca89365000-7fca8c000000 ---p 00000000 00:00 0 
7fca8c000000-7fca8c021000 rw-p 00000000 00:00 0 
7fca8c021000-7fca90000000 ---p 00000000 00:00 0 
7fca90000000-7fca901ae000 rw-p 00000000 00:00 0 
7fca901ae000-7fca94000000 ---p 00000000 00:00 0 
7fca94000000-7fca9427c000 rw-p 00000000 00:00 0 
7fca9427c000-7fca98000000 ---p 00000000 00:00 0 
7fca98000000-7fca9803a000 rw-p 00000000 00:00 0 
7fca9803a000-7fca9c000000 ---p 00000000 00:00 0 
7fca9c000000-7fca9c03f000 rw-p 00000000 00:00 0 
7fca9c03f000-7fcaa0000000 ---p 00000000 00:00 0 
7fcaa0000000-7fcaa0199000 rw-p 00000000 00:00 0 
7fcaa0199000-7fcaa4000000 ---p 00000000 00:00 0 
7fcaa4000000-7fcaa4044000 rw-p 00000000 00:00 0 
7fcaa4044000-7fcaa8000000 ---p 00000000 00:00 0 
7fcaa8000000-7fcaaa2eb000 rw-p 00000000 00:00 0 
7fcaaa2eb000-7fcaac000000 ---p 00000000 00:00 0 
7fcaac000000-7fcaad451000 rw-p 00000000 00:00 0 
7fcaad451000-7fcab0000000 ---p 00000000 00:00 0 
7fcab0000000-7fcab0021000 rw-p 00000000 00:00 0 
7fcab0021000-7fcab4000000 ---p 00000000 00:00 0 
7fcab4000000-7fcab403b000 rw-p 00000000 00:00 0 
7fcab403b000-7fcab8000000 ---p 00000000 00:00 0 
7fcab8000000-7fcab8103000 rw-p 00000000 00:00 0 
7fcab8103000-7fcabc000000 ---p 00000000 00:00 0 
7fcabc000000-7fcabc021000 rw-p 00000000 00:00 0 
7fcabc021000-7fcac0000000 ---p 00000000 00:00 0 
7fcac0000000-7fcac0025000 rw-p 00000000 00:00 0 
7fcac0025000-7fcac4000000 ---p 00000000 00:00 0 
7fcac4000000-7fcac42bd000 rw-p 00000000 00:00 0 
7fcac42bd000-7fcac8000000 ---p 00000000 00:00 0 
7fcac8000000-7fcac8e30000 rw-p 00000000 00:00 0 
7fcac8e30000-7fcacc000000 ---p 00000000 00:00 0 
7fcacc000000-7fcacd3fe000 rw-p 00000000 00:00 0 
7fcacd3fe000-7fcad0000000 ---p 00000000 00:00 0 
7fcad0000000-7fcad1646000 rw-p 00000000 00:00 0 
7fcad1646000-7fcad4000000 ---p 00000000 00:00 0 
7fcad6800000-7fcad6804000 ---p 00000000 00:00 0 
7fcad6804000-7fcad6900000 rw-p 00000000 00:00 0 
7fcad6900000-7fcad6904000 ---p 00000000 00:00 0 
7fcad6904000-7fcad6a00000 rw-p 00000000 00:00 0 
7fcad6a00000-7fcad6a04000 ---p 00000000 00:00 0 
7fcad6a04000-7fcad6b00000 rw-p 00000000 00:00 0 
7fcad6b00000-7fcad6b04000 ---p 00000000 00:00 0 
7fcad6b04000-7fcad6c00000 rw-p 00000000 00:00 0 
7fcad6c00000-7fcad6c04000 ---p 00000000 00:00 0 
7fcad6c04000-7fcad6d00000 rw-p 00000000 00:00 0 
7fcad6d00000-7fcad6d04000 ---p 00000000 00:00 0 
7fcad6d04000-7fcad6e00000 rw-p 00000000 00:00 0 
7fcad6e00000-7fcad6e04000 ---p 00000000 00:00 0 
7fcad6e04000-7fcad6f00000 rw-p 00000000 00:00 0 
7fcad6f00000-7fcad6f04000 ---p 00000000 00:00 0 
7fcad6f04000-7fcad7000000 rw-p 00000000 00:00 0 
7fcad7000000-7fcad7004000 ---p 00000000 00:00 0 
7fcad7004000-7fcad7100000 rw-p 00000000 00:00 0 
7fcad7100000-7fcad7104000 ---p 00000000 00:00 0 
7fcad7104000-7fcad7200000 rw-p 00000000 00:00 0 
7fcad7200000-7fcad7204000 ---p 00000000 00:00 0 
7fcad7204000-7fcad7300000 rw-p 00000000 00:00 0 
7fcad7300000-7fcad7304000 ---p 00000000 00:00 0 
7fcad7304000-7fcad7400000 rw-p 00000000 00:00 0 
7fcad7400000-7fcad7404000 ---p 00000000 00:00 0 
7fcad7404000-7fcad7500000 rw-p 00000000 00:00 0 
7fcad7500000-7fcad7504000 ---p 00000000 00:00 0 
7fcad7504000-7fcad7600000 rw-p 00000000 00:00 0 
7fcad7600000-7fcad7604000 ---p 00000000 00:00 0 
7fcad7604000-7fcad7700000 rw-p 00000000 00:00 0 
7fcad7700000-7fcad7704000 ---p 00000000 00:00 0 
7fcad7704000-7fcad7800000 rw-p 00000000 00:00 0 
7fcad7800000-7fcad7804000 ---p 00000000 00:00 0 
7fcad7804000-7fcad7900000 rw-p 00000000 00:00 0 
7fcad7900000-7fcad7904000 ---p 00000000 00:00 0 
7fcad7904000-7fcad7a00000 rw-p 00000000 00:00 0 
7fcad7a00000-7fcad7a04000 ---p 00000000 00:00 0 
7fcad7a04000-7fcad7b00000 rw-p 00000000 00:00 0 
7fcad7b00000-7fcad7b04000 ---p 00000000 00:00 0 
7fcad7b04000-7fcad7c00000 rw-p 00000000 00:00 0 
7fcad7c00000-7fcad7c04000 ---p 00000000 00:00 0 
7fcad7c04000-7fcad7d00000 rw-p 00000000 00:00 0 
7fcad7d00000-7fcad7d04000 ---p 00000000 00:00 0 
7fcad7d04000-7fcad7e00000 rw-p 00000000 00:00 0 
7fcad7e00000-7fcad7e04000 ---p 00000000 00:00 0 
7fcad7e04000-7fcad7f00000 rw-p 00000000 00:00 0 
7fcad7f00000-7fcad7f04000 ---p 00000000 00:00 0 
7fcad7f04000-7fcad8000000 rw-p 00000000 00:00 0 
7fcad8000000-7fcad91f7000 rw-p 00000000 00:00 0 
7fcad91f7000-7fcadc000000 ---p 00000000 00:00 0 
7fcadc000000-7fcadcc22000 rw-p 00000000 00:00 0 
7fcadcc22000-7fcae0000000 ---p 00000000 00:00 0 
7fcae0000000-7fcae172f000 rw-p 00000000 00:00 0 
7fcae172f000-7fcae4000000 ---p 00000000 00:00 0 
7fcae4000000-7fcae5c8e000 rw-p 00000000 00:00 0 
7fcae5c8e000-7fcae8000000 ---p 00000000 00:00 0 
7fcae8000000-7fcae8021000 rw-p 00000000 00:00 0 
7fcae8021000-7fcaec000000 ---p 00000000 00:00 0 
7fcaec000000-7fcaec7de000 rw-p 00000000 00:00 0 
7fcaec7de000-7fcaf0000000 ---p 00000000 00:00 0 
7fcaf0000000-7fcaf01d1000 rw-p 00000000 00:00 0 
7fcaf01d1000-7fcaf4000000 ---p 00000000 00:00 0 
7fcaf4000000-7fcaf4021000 rw-p 00000000 00:00 0 
7fcaf4021000-7fcaf8000000 ---p 00000000 00:00 0 
7fcaf8000000-7fcaf80d7000 rw-p 00000000 00:00 0 
7fcaf80d7000-7fcafc000000 ---p 00000000 00:00 0 
7fcafc000000-7fcafd090000 rw-p 00000000 00:00 0 
7fcafd090000-7fcb00000000 ---p 00000000 00:00 0 
7fcb00000000-7fcb004a8000 rw-p 00000000 00:00 0 
7fcb004a8000-7fcb04000000 ---p 00000000 00:00 0 
7fcb04000000-7fcb0402c000 rw-p 00000000 00:00 0 
7fcb0402c000-7fcb08000000 ---p 00000000 00:00 0 
7fcb08000000-7fcb08021000 rw-p 00000000 00:00 0 
7fcb08021000-7fcb0c000000 ---p 00000000 00:00 0 
7fcb0c000000-7fcb0c0e3000 rw-p 00000000 00:00 0 
7fcb0c0e3000-7fcb10000000 ---p 00000000 00:00 0 
7fcb10000000-7fcb10028000 rw-p 00000000 00:00 0 
7fcb10028000-7fcb14000000 ---p 00000000 00:00 0 
7fcb14000000-7fcb14021000 rw-p 00000000 00:00 0 
7fcb14021000-7fcb18000000 ---p 00000000 00:00 0 
7fcb18000000-7fcb18021000 rw-p 00000000 00:00 0 
7fcb18021000-7fcb1c000000 ---p 00000000 00:00 0 
7fcb1c000000-7fcb1c021000 rw-p 00000000 00:00 0 
7fcb1c021000-7fcb20000000 ---p 00000000 00:00 0 
7fcb20000000-7fcb20196000 rw-p 00000000 00:00 0 
7fcb20196000-7fcb24000000 ---p 00000000 00:00 0 
7fcb24000000-7fcb240d6000 rw-p 00000000 00:00 0 
7fcb240d6000-7fcb28000000 ---p 00000000 00:00 0 
7fcb28000000-7fcb28021000 rw-p 00000000 00:00 0 
7fcb28021000-7fcb2c000000 ---p 00000000 00:00 0 
7fcb2c000000-7fcb2caaf000 rw-p 00000000 00:00 0 
7fcb2caaf000-7fcb30000000 ---p 00000000 00:00 0 
7fcb30000000-7fcb30027000 rw-p 00000000 00:00 0 
7fcb30027000-7fcb34000000 ---p 00000000 00:00 0 
7fcb34000000-7fcb34021000 rw-p 00000000 00:00 0 
7fcb34021000-7fcb38000000 ---p 00000000 00:00 0 
7fcb38000000-7fcb380d0000 rw-p 00000000 00:00 0 
7fcb380d0000-7fcb3c000000 ---p 00000000 00:00 0 
7fcb3c000000-7fcb3c022000 rw-p 00000000 00:00 0 
7fcb3c022000-7fcb40000000 ---p 00000000 00:00 0 
7fcb40000000-7fcb40021000 rw-p 00000000 00:00 0 
7fcb40021000-7fcb44000000 ---p 00000000 00:00 0 
7fcb44000000-7fcb44021000 rw-p 00000000 00:00 0 
7fcb44021000-7fcb48000000 ---p 00000000 00:00 0 
7fcb48000000-7fcb4811f000 rw-p 00000000 00:00 0 
7fcb4811f000-7fcb4c000000 ---p 00000000 00:00 0 
7fcb4c000000-7fcb4c25c000 rw-p 00000000 00:00 0 
7fcb4c25c000-7fcb50000000 ---p 00000000 00:00 0 
7fcb50000000-7fcb50021000 rw-p 00000000 00:00 0 
7fcb50021000-7fcb54000000 ---p 00000000 00:00 0 
7fcb54000000-7fcb54296000 rw-p 00000000 00:00 0 
7fcb54296000-7fcb58000000 ---p 00000000 00:00 0 
7fcb58000000-7fcb58386000 rw-p 00000000 00:00 0 
7fcb58386000-7fcb5c000000 ---p 00000000 00:00 0 
7fcb5c000000-7fcb5c021000 rw-p 00000000 00:00 0 
7fcb5c021000-7fcb60000000 ---p 00000000 00:00 0 
7fcb60000000-7fcb61227000 rw-p 00000000 00:00 0 
7fcb61227000-7fcb64000000 ---p 00000000 00:00 0 
7fcb64000000-7fcb657c9000 rw-p 00000000 00:00 0 
7fcb657c9000-7fcb68000000 ---p 00000000 00:00 0 
7fcb68000000-7fcb68021000 rw-p 00000000 00:00 0 
7fcb68021000-7fcb6c000000 ---p 00000000 00:00 0 
7fcb6c000000-7fcb6cfad000 rw-p 00000000 00:00 0 
7fcb6cfad000-7fcb70000000 ---p 00000000 00:00 0 
7fcb70000000-7fcb70a23000 rw-p 00000000 00:00 0 
7fcb70a23000-7fcb74000000 ---p 00000000 00:00 0 
7fcb74000000-7fcb741f9000 rw-p 00000000 00:00 0 
7fcb741f9000-7fcb78000000 ---p 00000000 00:00 0 
7fcb78000000-7fcb78021000 rw-p 00000000 00:00 0 
7fcb78021000-7fcb7c000000 ---p 00000000 00:00 0 
7fcb7c000000-7fcb7fdab000 rw-p 00000000 00:00 0 
7fcb7fdab000-7fcb80000000 ---p 00000000 00:00 0 
7fcb80000000-7fcb80021000 rw-p 00000000 00:00 0 
7fcb80021000-7fcb84000000 ---p 00000000 00:00 0 
7fcb84000000-7fcb84021000 rw-p 00000000 00:00 0 
7fcb84021000-7fcb88000000 ---p 00000000 00:00 0 
7fcb88000000-7fcb88021000 rw-p 00000000 00:00 0 
7fcb88021000-7fcb8c000000 ---p 00000000 00:00 0 
7fcb8c000000-7fcb8c021000 rw-p 00000000 00:00 0 
7fcb8c021000-7fcb90000000 ---p 00000000 00:00 0 
7fcb90000000-7fcb9023f000 rw-p 00000000 00:00 0 
7fcb9023f000-7fcb94000000 ---p 00000000 00:00 0 
7fcb940a1000-7fcb940a5000 ---p 00000000 00:00 0 
7fcb940a5000-7fcb941a1000 rw-p 00000000 00:00 0 
7fcb941a1000-7fcb941a5000 ---p 00000000 00:00 0 
7fcb941a5000-7fcb942a1000 rw-p 00000000 00:00 0 
7fcb942a1000-7fcb942a5000 ---p 00000000 00:00 0 
7fcb942a5000-7fcb943a1000 rw-p 00000000 00:00 0 
7fcb943a1000-7fcb943a5000 ---p 00000000 00:00 0 
7fcb943a5000-7fcb944a1000 rw-p 00000000 00:00 0 
7fcb944a1000-7fcb944a5000 ---p 00000000 00:00 0 
7fcb944a5000-7fcb945a1000 rw-p 00000000 00:00 0 
7fcb945f4000-7fcb945f8000 ---p 00000000 00:00 0 
7fcb945f8000-7fcb946f4000 rw-p 00000000 00:00 0 
7fcb946f4000-7fcb946f8000 ---p 00000000 00:00 0 
7fcb946f8000-7fcb947f4000 rw-p 00000000 00:00 0 
7fcb947f4000-7fcb947f8000 ---p 00000000 00:00 0 
7fcb947f8000-7fcb948f4000 rw-p 00000000 00:00 0 
7fcb948f4000-7fcb948f8000 ---p 00000000 00:00 0 
7fcb948f8000-7fcb949f4000 rw-p 00000000 00:00 0 
7fcb949f4000-7fcb949f5000 ---p 00000000 00:00 0 
7fcb949f5000-7fcb94af6000 rw-p 00000000 00:00 0 
7fcb94af6000-7fcb94af7000 ---p 00000000 00:00 0 
7fcb94af7000-7fcb94bf8000 rw-p 00000000 00:00 0 
7fcb94bf8000-7fcb94bfc000 ---p 00000000 00:00 0 
7fcb94bfc000-7fcb94cf8000 rw-p 00000000 00:00 0 
7fcb94cf8000-7fcb94cf9000 ---p 00000000 00:00 0 
7fcb94cf9000-7fcb94dfa000 rw-p 00000000 00:00 0 
7fcb94dfa000-7fcb94dfe000 ---p 00000000 00:00 0 
7fcb94dfe000-7fcb94efa000 rw-p 00000000 00:00 0 
7fcb94efa000-7fcb94efb000 ---p 00000000 00:00 0 
7fcb94efb000-7fcb94ffc000 rw-p 00000000 00:00 0 
7fcb94ffc000-7fcb94ffd000 ---p 00000000 00:00 0 
7fcb94ffd000-7fcb950fe000 rw-p 00000000 00:00 0 
7fcb950fe000-7fcb95102000 ---p 00000000 00:00 0 
7fcb95102000-7fcb951fe000 rw-p 00000000 00:00 0 
7fcb951fe000-7fcb95202000 ---p 00000000 00:00 0 
7fcb95202000-7fcb952fe000 rw-p 00000000 00:00 0 
7fcb952fe000-7fcb952ff000 ---p 00000000 00:00 0 
7fcb952ff000-7fcb95400000 rw-p 00000000 00:00 0 
7fcb95400000-7fcb95410000 r-xp 00000000 103:02 7358788                   /home/farhad/.config/Code/User/globalStorage/redhat.java/1.23.0/config_linux/org.eclipse.equinox.launcher/org.eclipse.equinox.launcher.gtk.linux.x86_64_1.2.700.v20221108-1024/eclipse_11801.so
7fcb95410000-7fcb9560f000 ---p 00010000 103:02 7358788                   /home/farhad/.config/Code/User/globalStorage/redhat.java/1.23.0/config_linux/org.eclipse.equinox.launcher/org.eclipse.equinox.launcher.gtk.linux.x86_64_1.2.700.v20221108-1024/eclipse_11801.so
7fcb9560f000-7fcb95610000 r--p 0000f000 103:02 7358788                   /home/farhad/.config/Code/User/globalStorage/redhat.java/1.23.0/config_linux/org.eclipse.equinox.launcher/org.eclipse.equinox.launcher.gtk.linux.x86_64_1.2.700.v20221108-1024/eclipse_11801.so
7fcb95610000-7fcb95611000 rw-p 00010000 103:02 7358788                   /home/farhad/.config/Code/User/globalStorage/redhat.java/1.23.0/config_linux/org.eclipse.equinox.launcher/org.eclipse.equinox.launcher.gtk.linux.x86_64_1.2.700.v20221108-1024/eclipse_11801.so
7fcb95611000-7fcb95612000 rw-p 00000000 00:00 0 
7fcb956f2000-7fcb956f3000 ---p 00000000 00:00 0 
7fcb956f3000-7fcb957f4000 rw-p 00000000 00:00 0 
7fcb957f4000-7fcb957f8000 ---p 00000000 00:00 0 
7fcb957f8000-7fcb958f4000 rw-p 00000000 00:00 0 
7fcb958f4000-7fcb958f8000 ---p 00000000 00:00 0 
7fcb958f8000-7fcb959f4000 rw-p 00000000 00:00 0 
7fcb959f4000-7fcb959f8000 ---p 00000000 00:00 0 
7fcb959f8000-7fcb95af4000 rw-p 00000000 00:00 0 
7fcb95af4000-7fcb95af5000 ---p 00000000 00:00 0 
7fcb95af5000-7fcb95bf6000 rw-p 00000000 00:00 0 
7fcb95bf6000-7fcb95bf7000 ---p 00000000 00:00 0 
7fcb95bf7000-7fcb95cf8000 rw-p 00000000 00:00 0 
7fcb95cf8000-7fcb95cf9000 ---p 00000000 00:00 0 
7fcb95cf9000-7fcb95dfa000 rw-p 00000000 00:00 0 
7fcb95dfa000-7fcb95dfb000 ---p 00000000 00:00 0 
7fcb95dfb000-7fcb95efc000 rw-p 00000000 00:00 0 
7fcb95efc000-7fcb95efd000 ---p 00000000 00:00 0 
7fcb95efd000-7fcb95ffe000 rw-p 00000000 00:00 0 
7fcb95ffe000-7fcb96002000 ---p 00000000 00:00 0 
7fcb96002000-7fcb960fe000 rw-p 00000000 00:00 0 
7fcb960fe000-7fcb96102000 ---p 00000000 00:00 0 
7fcb96102000-7fcb961fe000 rw-p 00000000 00:00 0 
7fcb961fe000-7fcb961ff000 ---p 00000000 00:00 0 
7fcb961ff000-7fcb96300000 rw-p 00000000 00:00 0 
7fcb96300000-7fcb96304000 ---p 00000000 00:00 0 
7fcb96304000-7fcb96400000 rw-p 00000000 00:00 0 
7fcb96400000-7fcb96404000 ---p 00000000 00:00 0 
7fcb96404000-7fcb96500000 rw-p 00000000 00:00 0 
7fcb96500000-7fcb96504000 ---p 00000000 00:00 0 
7fcb96504000-7fcb96600000 rw-p 00000000 00:00 0 
7fcb96600000-7fcb96604000 ---p 00000000 00:00 0 
7fcb96604000-7fcb96700000 rw-p 00000000 00:00 0 
7fcb96700000-7fcb96704000 ---p 00000000 00:00 0 
7fcb96704000-7fcb96800000 rw-p 00000000 00:00 0 
7fcb96800000-7fcb96804000 ---p 00000000 00:00 0 
7fcb96804000-7fcb96900000 rw-p 00000000 00:00 0 
7fcb96900000-7fcb96904000 ---p 00000000 00:00 0 
7fcb96904000-7fcb96a00000 rw-p 00000000 00:00 0 
7fcb96a00000-7fcb96a04000 ---p 00000000 00:00 0 
7fcb96a04000-7fcb96b00000 rw-p 00000000 00:00 0 
7fcb96b00000-7fcb96b04000 ---p 00000000 00:00 0 
7fcb96b04000-7fcb96c00000 rw-p 00000000 00:00 0 
7fcb96c00000-7fcb96c04000 ---p 00000000 00:00 0 
7fcb96c04000-7fcb96d00000 rw-p 00000000 00:00 0 
7fcb96d00000-7fcb96d04000 ---p 00000000 00:00 0 
7fcb96d04000-7fcb96e00000 rw-p 00000000 00:00 0 
7fcb96e00000-7fcb978f3000 r--p 00000000 103:02 59770830                  /usr/lib/locale/locale-archive
7fcb978fb000-7fcb978ff000 ---p 00000000 00:00 0 
7fcb978ff000-7fcb979fb000 rw-p 00000000 00:00 0 
7fcb979fb000-7fcb979ff000 ---p 00000000 00:00 0 
7fcb979ff000-7fcb97afb000 rw-p 00000000 00:00 0 
7fcb97afb000-7fcb97aff000 ---p 00000000 00:00 0 
7fcb97aff000-7fcb97bfb000 rw-p 00000000 00:00 0 
7fcb97bfb000-7fcb97bfc000 ---p 00000000 00:00 0 
7fcb97bfc000-7fcb983f0000 rw-p 00000000 00:00 0 
7fcb983f0000-7fcb98450000 rw-p 00000000 00:00 0 
7fcb98450000-7fcb98470000 rw-p 00000000 00:00 0 
7fcb98470000-7fcb984f0000 rw-p 00000000 00:00 0 
7fcb984f0000-7fcb987f0000 rw-p 00000000 00:00 0 
7fcb987f0000-7fcb98870000 rw-p 00000000 00:00 0 
7fcb98870000-7fcb988f0000 rw-p 00000000 00:00 0 
7fcb988f0000-7fcb98b70000 rw-p 00000000 00:00 0 
7fcb98b70000-7fcb98bf0000 rw-p 00000000 00:00 0 
7fcb98bf0000-7fcb98cf0000 rw-p 00000000 00:00 0 
7fcb98cf0000-7fcb98df0000 rw-p 00000000 00:00 0 
7fcb98df0000-7fcb98ef0000 rw-p 00000000 00:00 0 
7fcb98ef0000-7fcb98ff0000 rw-p 00000000 00:00 0 
7fcb98ff0000-7fcb991b0000 rw-p 00000000 00:00 0 
7fcb991b0000-7fcb992f0000 rw-p 00000000 00:00 0 
7fcb992f0000-7fcb993f0000 rw-p 00000000 00:00 0 
7fcb993f0000-7fcb99770000 rw-p 00000000 00:00 0 
7fcb99770000-7fcb997f0000 rw-p 00000000 00:00 0 
7fcb997f0000-7fcb99970000 rw-p 00000000 00:00 0 
7fcb99970000-7fcb999f0000 rw-p 00000000 00:00 0 
7fcb999f0000-7fcb99ef0000 rw-p 00000000 00:00 0 
7fcb99ef0000-7fcb99ff0000 rw-p 00000000 00:00 0 
7fcb99ff0000-7fcb9a370000 rw-p 00000000 00:00 0 
7fcb9a370000-7fcb9a3f0000 rw-p 00000000 00:00 0 
7fcb9a3f0000-7fcb9a4b0000 rw-p 00000000 00:00 0 
7fcb9a4b0000-7fcb9a4f0000 rw-p 00000000 00:00 0 
7fcb9a4f0000-7fcb9a6f0000 rw-p 00000000 00:00 0 
7fcb9a6f0000-7fcb9a7f0000 rw-p 00000000 00:00 0 
7fcb9a7f0000-7fcb9aaf0000 rw-p 00000000 00:00 0 
7fcb9aaf0000-7fcb9b8f0000 rw-p 00000000 00:00 0 
7fcb9b8f0000-7fcb9b9f0000 rw-p 00000000 00:00 0 
7fcb9b9f0000-7fcb9c000000 rw-p 00000000 00:00 0 
7fcb9c000000-7fcb9c026000 rw-p 00000000 00:00 0 
7fcb9c026000-7fcba0000000 ---p 00000000 00:00 0 
7fcba00df000-7fcba2200000 rw-p 00000000 00:00 0 
7fcba2200000-7fcba5040000 rwxp 00000000 00:00 0 
7fcba5040000-7fcba965f000 ---p 00000000 00:00 0 
7fcba965f000-7fcba999f000 rwxp 00000000 00:00 0 
7fcba999f000-7fcba9da0000 ---p 00000000 00:00 0 
7fcba9da0000-7fcbab220000 rwxp 00000000 00:00 0 
7fcbab220000-7fcbb1200000 ---p 00000000 00:00 0 
7fcbb1200000-7fcbb3e1b000 r--s 00000000 103:02 7770095                   /home/farhad/.vscode/extensions/redhat.java-1.23.0-linux-x64/jre/17.0.8.1-linux-x86_64/lib/modules
7fcbb3eae000-7fcbb3eb5000 r--s 00000000 103:02 60430168                  /usr/lib/x86_64-linux-gnu/gconv/gconv-modules.cache
7fcbb3eb5000-7fcbb3eb9000 ---p 00000000 00:00 0 
7fcbb3eb9000-7fcbb3ed7000 rw-p 00000000 00:00 0 
7fcbb3ed7000-7fcbb3edb000 r--p 00000000 103:02 7770093                   /home/farhad/.vscode/extensions/redhat.java-1.23.0-linux-x64/jre/17.0.8.1-linux-x86_64/lib/libverify.so
7fcbb3edb000-7fcbb3ee2000 r-xp 00004000 103:02 7770093                   /home/farhad/.vscode/extensions/redhat.java-1.23.0-linux-x64/jre/17.0.8.1-linux-x86_64/lib/libverify.so
7fcbb3ee2000-7fcbb3ee4000 r--p 0000b000 103:02 7770093                   /home/farhad/.vscode/extensions/redhat.java-1.23.0-linux-x64/jre/17.0.8.1-linux-x86_64/lib/libverify.so
7fcbb3ee4000-7fcbb3ee6000 r--p 0000c000 103:02 7770093                   /home/farhad/.vscode/extensions/redhat.java-1.23.0-linux-x64/jre/17.0.8.1-linux-x86_64/lib/libverify.so
7fcbb3ee6000-7fcbb3ee7000 rw-p 0000e000 103:02 7770093                   /home/farhad/.vscode/extensions/redhat.java-1.23.0-linux-x64/jre/17.0.8.1-linux-x86_64/lib/libverify.so
7fcbb3ee7000-7fcbb3eeb000 r--p 00000000 103:02 7770086                   /home/farhad/.vscode/extensions/redhat.java-1.23.0-linux-x64/jre/17.0.8.1-linux-x86_64/lib/libnet.so
7fcbb3eeb000-7fcbb3ef9000 r-xp 00004000 103:02 7770086                   /home/farhad/.vscode/extensions/redhat.java-1.23.0-linux-x64/jre/17.0.8.1-linux-x86_64/lib/libnet.so
7fcbb3ef9000-7fcbb3efd000 r--p 00012000 103:02 7770086                   /home/farhad/.vscode/extensions/redhat.java-1.23.0-linux-x64/jre/17.0.8.1-linux-x86_64/lib/libnet.so
7fcbb3efd000-7fcbb3efe000 r--p 00015000 103:02 7770086                   /home/farhad/.vscode/extensions/redhat.java-1.23.0-linux-x64/jre/17.0.8.1-linux-x86_64/lib/libnet.so
7fcbb3efe000-7fcbb3eff000 rw-p 00016000 103:02 7770086                   /home/farhad/.vscode/extensions/redhat.java-1.23.0-linux-x64/jre/17.0.8.1-linux-x86_64/lib/libnet.so
7fcbb3eff000-7fcbb4000000 rw-p 00000000 00:00 0 
7fcbb4000000-7fcbb4957000 rw-p 00000000 00:00 0 
7fcbb4957000-7fcbb8000000 ---p 00000000 00:00 0 
7fcbb8002000-7fcbb8003000 r--p 00000000 103:02 7770066                   /home/farhad/.vscode/extensions/redhat.java-1.23.0-linux-x64/jre/17.0.8.1-linux-x86_64/lib/libextnet.so
7fcbb8003000-7fcbb8004000 r-xp 00001000 103:02 7770066                   /home/farhad/.vscode/extensions/redhat.java-1.23.0-linux-x64/jre/17.0.8.1-linux-x86_64/lib/libextnet.so
7fcbb8004000-7fcbb8005000 r--p 00002000 103:02 7770066                   /home/farhad/.vscode/extensions/redhat.java-1.23.0-linux-x64/jre/17.0.8.1-linux-x86_64/lib/libextnet.so
7fcbb8005000-7fcbb8006000 r--p 00002000 103:02 7770066                   /home/farhad/.vscode/extensions/redhat.java-1.23.0-linux-x64/jre/17.0.8.1-linux-x86_64/lib/libextnet.so
7fcbb8006000-7fcbb8007000 rw-p 00003000 103:02 7770066                   /home/farhad/.vscode/extensions/redhat.java-1.23.0-linux-x64/jre/17.0.8.1-linux-x86_64/lib/libextnet.so
7fcbb8007000-7fcbb8008000 r--p 00000000 103:02 59776062                  /usr/lib/x86_64-linux-gnu/libnss_mdns4_minimal.so.2
7fcbb8008000-7fcbb800a000 r-xp 00001000 103:02 59776062                  /usr/lib/x86_64-linux-gnu/libnss_mdns4_minimal.so.2
7fcbb800a000-7fcbb800b000 r--p 00003000 103:02 59776062                  /usr/lib/x86_64-linux-gnu/libnss_mdns4_minimal.so.2
7fcbb800b000-7fcbb800c000 r--p 00003000 103:02 59776062                  /usr/lib/x86_64-linux-gnu/libnss_mdns4_minimal.so.2
7fcbb800c000-7fcbb800d000 rw-p 00004000 103:02 59776062                  /usr/lib/x86_64-linux-gnu/libnss_mdns4_minimal.so.2
7fcbb800d000-7fcbba831000 rw-p 00000000 00:00 0 
7fcbba831000-7fcbba944000 ---p 00000000 00:00 0 
7fcbba944000-7fcbba945000 ---p 00000000 00:00 0 
7fcbba945000-7fcbbaa89000 rw-p 00000000 00:00 0 
7fcbbaa89000-7fcbbab9b000 ---p 00000000 00:00 0 
7fcbbab9b000-7fcbbaba9000 rw-p 00000000 00:00 0 
7fcbbaba9000-7fcbbac46000 ---p 00000000 00:00 0 
7fcbbac46000-7fcbbac70000 rw-p 00000000 00:00 0 
7fcbbac70000-7fcbbad30000 ---p 00000000 00:00 0 
7fcbbad30000-7fcbbad8d000 rw-p 00000000 00:00 0 
7fcbbad8d000-7fcbbae19000 ---p 00000000 00:00 0 
7fcbbae19000-7fcbbae1d000 ---p 00000000 00:00 0 
7fcbbae1d000-7fcbbaf19000 rw-p 00000000 00:00 0 
7fcbbaf19000-7fcbbaf27000 r--p 00000000 103:02 59770986                  /usr/lib/x86_64-linux-gnu/libm.so.6
7fcbbaf27000-7fcbbafa3000 r-xp 0000e000 103:02 59770986                  /usr/lib/x86_64-linux-gnu/libm.so.6
7fcbbafa3000-7fcbbaffe000 r--p 0008a000 103:02 59770986                  /usr/lib/x86_64-linux-gnu/libm.so.6
7fcbbaffe000-7fcbbafff000 r--p 000e4000 103:02 59770986                  /usr/lib/x86_64-linux-gnu/libm.so.6
7fcbbafff000-7fcbbb000000 rw-p 000e5000 103:02 59770986                  /usr/lib/x86_64-linux-gnu/libm.so.6
7fcbbb000000-7fcbbb253000 r--p 00000000 103:02 7770105                   /home/farhad/.vscode/extensions/redhat.java-1.23.0-linux-x64/jre/17.0.8.1-linux-x86_64/lib/server/libjvm.so
7fcbbb253000-7fcbbbf75000 r-xp 00253000 103:02 7770105                   /home/farhad/.vscode/extensions/redhat.java-1.23.0-linux-x64/jre/17.0.8.1-linux-x86_64/lib/server/libjvm.so
7fcbbbf75000-7fcbbc202000 r--p 00f75000 103:02 7770105                   /home/farhad/.vscode/extensions/redhat.java-1.23.0-linux-x64/jre/17.0.8.1-linux-x86_64/lib/server/libjvm.so
7fcbbc202000-7fcbbc2bb000 r--p 01201000 103:02 7770105                   /home/farhad/.vscode/extensions/redhat.java-1.23.0-linux-x64/jre/17.0.8.1-linux-x86_64/lib/server/libjvm.so
7fcbbc2bb000-7fcbbc2f0000 rw-p 012ba000 103:02 7770105                   /home/farhad/.vscode/extensions/redhat.java-1.23.0-linux-x64/jre/17.0.8.1-linux-x86_64/lib/server/libjvm.so
7fcbbc2f0000-7fcbbc34a000 rw-p 00000000 00:00 0 
7fcbbc34b000-7fcbbc352000 r--p 00000000 103:02 7770087                   /home/farhad/.vscode/extensions/redhat.java-1.23.0-linux-x64/jre/17.0.8.1-linux-x86_64/lib/libnio.so
7fcbbc352000-7fcbbc35b000 r-xp 00007000 103:02 7770087                   /home/farhad/.vscode/extensions/redhat.java-1.23.0-linux-x64/jre/17.0.8.1-linux-x86_64/lib/libnio.so
7fcbbc35b000-7fcbbc35f000 r--p 00010000 103:02 7770087                   /home/farhad/.vscode/extensions/redhat.java-1.23.0-linux-x64/jre/17.0.8.1-linux-x86_64/lib/libnio.so
7fcbbc35f000-7fcbbc360000 ---p 00014000 103:02 7770087                   /home/farhad/.vscode/extensions/redhat.java-1.23.0-linux-x64/jre/17.0.8.1-linux-x86_64/lib/libnio.so
7fcbbc360000-7fcbbc361000 r--p 00014000 103:02 7770087                   /home/farhad/.vscode/extensions/redhat.java-1.23.0-linux-x64/jre/17.0.8.1-linux-x86_64/lib/libnio.so
7fcbbc361000-7fcbbc362000 rw-p 00015000 103:02 7770087                   /home/farhad/.vscode/extensions/redhat.java-1.23.0-linux-x64/jre/17.0.8.1-linux-x86_64/lib/libnio.so
7fcbbc362000-7fcbbc3b7000 rw-p 00000000 00:00 0 
7fcbbc3b7000-7fcbbc3c4000 r--p 00000000 103:02 7770073                   /home/farhad/.vscode/extensions/redhat.java-1.23.0-linux-x64/jre/17.0.8.1-linux-x86_64/lib/libjava.so
7fcbbc3c4000-7fcbbc3d6000 r-xp 0000d000 103:02 7770073                   /home/farhad/.vscode/extensions/redhat.java-1.23.0-linux-x64/jre/17.0.8.1-linux-x86_64/lib/libjava.so
7fcbbc3d6000-7fcbbc3dc000 r--p 0001f000 103:02 7770073                   /home/farhad/.vscode/extensions/redhat.java-1.23.0-linux-x64/jre/17.0.8.1-linux-x86_64/lib/libjava.so
7fcbbc3dc000-7fcbbc3dd000 ---p 00025000 103:02 7770073                   /home/farhad/.vscode/extensions/redhat.java-1.23.0-linux-x64/jre/17.0.8.1-linux-x86_64/lib/libjava.so
7fcbbc3dd000-7fcbbc3de000 r--p 00025000 103:02 7770073                   /home/farhad/.vscode/extensions/redhat.java-1.23.0-linux-x64/jre/17.0.8.1-linux-x86_64/lib/libjava.so
7fcbbc3de000-7fcbbc3df000 rw-p 00026000 103:02 7770073                   /home/farhad/.vscode/extensions/redhat.java-1.23.0-linux-x64/jre/17.0.8.1-linux-x86_64/lib/libjava.so
7fcbbc3df000-7fcbbc3e0000 rw-p 00000000 00:00 0 
7fcbbc3e0000-7fcbbc3e4000 r--p 00000000 103:02 7770077                   /home/farhad/.vscode/extensions/redhat.java-1.23.0-linux-x64/jre/17.0.8.1-linux-x86_64/lib/libjimage.so
7fcbbc3e4000-7fcbbc3f7000 r-xp 00004000 103:02 7770077                   /home/farhad/.vscode/extensions/redhat.java-1.23.0-linux-x64/jre/17.0.8.1-linux-x86_64/lib/libjimage.so
7fcbbc3f7000-7fcbbc3fd000 r--p 00017000 103:02 7770077                   /home/farhad/.vscode/extensions/redhat.java-1.23.0-linux-x64/jre/17.0.8.1-linux-x86_64/lib/libjimage.so
7fcbbc3fd000-7fcbbc3ff000 r--p 0001c000 103:02 7770077                   /home/farhad/.vscode/extensions/redhat.java-1.23.0-linux-x64/jre/17.0.8.1-linux-x86_64/lib/libjimage.so
7fcbbc3ff000-7fcbbc400000 rw-p 0001e000 103:02 7770077                   /home/farhad/.vscode/extensions/redhat.java-1.23.0-linux-x64/jre/17.0.8.1-linux-x86_64/lib/libjimage.so
7fcbbc400000-7fcbbc428000 r--p 00000000 103:02 59770977                  /usr/lib/x86_64-linux-gnu/libc.so.6
7fcbbc428000-7fcbbc5bd000 r-xp 00028000 103:02 59770977                  /usr/lib/x86_64-linux-gnu/libc.so.6
7fcbbc5bd000-7fcbbc615000 r--p 001bd000 103:02 59770977                  /usr/lib/x86_64-linux-gnu/libc.so.6
7fcbbc615000-7fcbbc619000 r--p 00214000 103:02 59770977                  /usr/lib/x86_64-linux-gnu/libc.so.6
7fcbbc619000-7fcbbc61b000 rw-p 00218000 103:02 59770977                  /usr/lib/x86_64-linux-gnu/libc.so.6
7fcbbc61b000-7fcbbc628000 rw-p 00000000 00:00 0 
7fcbbc628000-7fcbbc62a000 r--p 00000000 103:02 7770094                   /home/farhad/.vscode/extensions/redhat.java-1.23.0-linux-x64/jre/17.0.8.1-linux-x86_64/lib/libzip.so
7fcbbc62a000-7fcbbc62e000 r-xp 00002000 103:02 7770094                   /home/farhad/.vscode/extensions/redhat.java-1.23.0-linux-x64/jre/17.0.8.1-linux-x86_64/lib/libzip.so
7fcbbc62e000-7fcbbc630000 r--p 00006000 103:02 7770094                   /home/farhad/.vscode/extensions/redhat.java-1.23.0-linux-x64/jre/17.0.8.1-linux-x86_64/lib/libzip.so
7fcbbc630000-7fcbbc631000 r--p 00007000 103:02 7770094                   /home/farhad/.vscode/extensions/redhat.java-1.23.0-linux-x64/jre/17.0.8.1-linux-x86_64/lib/libzip.so
7fcbbc631000-7fcbbc632000 rw-p 00008000 103:02 7770094                   /home/farhad/.vscode/extensions/redhat.java-1.23.0-linux-x64/jre/17.0.8.1-linux-x86_64/lib/libzip.so
7fcbbc632000-7fcbbc639000 rw-p 00000000 00:00 0 
7fcbbc639000-7fcbbc641000 ---p 00000000 00:00 0 
7fcbbc641000-7fcbbc642000 r--p 00000000 103:02 59771040                  /usr/lib/x86_64-linux-gnu/librt.so.1
7fcbbc642000-7fcbbc643000 r-xp 00001000 103:02 59771040                  /usr/lib/x86_64-linux-gnu/librt.so.1
7fcbbc643000-7fcbbc644000 r--p 00002000 103:02 59771040                  /usr/lib/x86_64-linux-gnu/librt.so.1
7fcbbc644000-7fcbbc645000 r--p 00002000 103:02 59771040                  /usr/lib/x86_64-linux-gnu/librt.so.1
7fcbbc645000-7fcbbc646000 rw-p 00003000 103:02 59771040                  /usr/lib/x86_64-linux-gnu/librt.so.1
7fcbbc646000-7fcbbc64a000 rw-p 00000000 00:00 0 
7fcbbc64a000-7fcbbc64b000 r--p 00000000 103:02 59770984                  /usr/lib/x86_64-linux-gnu/libdl.so.2
7fcbbc64b000-7fcbbc64c000 r-xp 00001000 103:02 59770984                  /usr/lib/x86_64-linux-gnu/libdl.so.2
7fcbbc64c000-7fcbbc64d000 r--p 00002000 103:02 59770984                  /usr/lib/x86_64-linux-gnu/libdl.so.2
7fcbbc64d000-7fcbbc64e000 r--p 00002000 103:02 59770984                  /usr/lib/x86_64-linux-gnu/libdl.so.2
7fcbbc64e000-7fcbbc64f000 rw-p 00003000 103:02 59770984                  /usr/lib/x86_64-linux-gnu/libdl.so.2
7fcbbc64f000-7fcbbc650000 r--p 00000000 103:02 59771035                  /usr/lib/x86_64-linux-gnu/libpthread.so.0
7fcbbc650000-7fcbbc651000 r-xp 00001000 103:02 59771035                  /usr/lib/x86_64-linux-gnu/libpthread.so.0
7fcbbc651000-7fcbbc652000 r--p 00002000 103:02 59771035                  /usr/lib/x86_64-linux-gnu/libpthread.so.0
7fcbbc652000-7fcbbc653000 r--p 00002000 103:02 59771035                  /usr/lib/x86_64-linux-gnu/libpthread.so.0
7fcbbc653000-7fcbbc654000 rw-p 00003000 103:02 59771035                  /usr/lib/x86_64-linux-gnu/libpthread.so.0
7fcbbc654000-7fcbbc657000 r--p 00000000 103:02 7770078                   /home/farhad/.vscode/extensions/redhat.java-1.23.0-linux-x64/jre/17.0.8.1-linux-x86_64/lib/libjli.so
7fcbbc657000-7fcbbc661000 r-xp 00003000 103:02 7770078                   /home/farhad/.vscode/extensions/redhat.java-1.23.0-linux-x64/jre/17.0.8.1-linux-x86_64/lib/libjli.so
7fcbbc661000-7fcbbc664000 r--p 0000d000 103:02 7770078                   /home/farhad/.vscode/extensions/redhat.java-1.23.0-linux-x64/jre/17.0.8.1-linux-x86_64/lib/libjli.so
7fcbbc664000-7fcbbc665000 ---p 00010000 103:02 7770078                   /home/farhad/.vscode/extensions/redhat.java-1.23.0-linux-x64/jre/17.0.8.1-linux-x86_64/lib/libjli.so
7fcbbc665000-7fcbbc666000 r--p 00010000 103:02 7770078                   /home/farhad/.vscode/extensions/redhat.java-1.23.0-linux-x64/jre/17.0.8.1-linux-x86_64/lib/libjli.so
7fcbbc666000-7fcbbc667000 rw-p 00011000 103:02 7770078                   /home/farhad/.vscode/extensions/redhat.java-1.23.0-linux-x64/jre/17.0.8.1-linux-x86_64/lib/libjli.so
7fcbbc667000-7fcbbc669000 r--p 00000000 103:02 59769187                  /usr/lib/x86_64-linux-gnu/libz.so.1.2.11
7fcbbc669000-7fcbbc67a000 r-xp 00002000 103:02 59769187                  /usr/lib/x86_64-linux-gnu/libz.so.1.2.11
7fcbbc67a000-7fcbbc680000 r--p 00013000 103:02 59769187                  /usr/lib/x86_64-linux-gnu/libz.so.1.2.11
7fcbbc680000-7fcbbc681000 ---p 00019000 103:02 59769187                  /usr/lib/x86_64-linux-gnu/libz.so.1.2.11
7fcbbc681000-7fcbbc682000 r--p 00019000 103:02 59769187                  /usr/lib/x86_64-linux-gnu/libz.so.1.2.11
7fcbbc682000-7fcbbc683000 rw-p 0001a000 103:02 59769187                  /usr/lib/x86_64-linux-gnu/libz.so.1.2.11
7fcbbc684000-7fcbbc68c000 rw-s 00000000 103:02 54394971                  /tmp/hsperfdata_farhad/4838
7fcbbc68c000-7fcbbc68e000 r--p 00000000 103:02 7770068                   /home/farhad/.vscode/extensions/redhat.java-1.23.0-linux-x64/jre/17.0.8.1-linux-x86_64/lib/libinstrument.so
7fcbbc68e000-7fcbbc694000 r-xp 00002000 103:02 7770068                   /home/farhad/.vscode/extensions/redhat.java-1.23.0-linux-x64/jre/17.0.8.1-linux-x86_64/lib/libinstrument.so
7fcbbc694000-7fcbbc697000 r--p 00008000 103:02 7770068                   /home/farhad/.vscode/extensions/redhat.java-1.23.0-linux-x64/jre/17.0.8.1-linux-x86_64/lib/libinstrument.so
7fcbbc697000-7fcbbc698000 r--p 0000a000 103:02 7770068                   /home/farhad/.vscode/extensions/redhat.java-1.23.0-linux-x64/jre/17.0.8.1-linux-x86_64/lib/libinstrument.so
7fcbbc698000-7fcbbc699000 rw-p 0000b000 103:02 7770068                   /home/farhad/.vscode/extensions/redhat.java-1.23.0-linux-x64/jre/17.0.8.1-linux-x86_64/lib/libinstrument.so
7fcbbc699000-7fcbbc69a000 ---p 00000000 00:00 0 
7fcbbc69a000-7fcbbc69b000 r--p 00000000 00:00 0 
7fcbbc69b000-7fcbbc69d000 rw-p 00000000 00:00 0 
7fcbbc69d000-7fcbbc69f000 r--p 00000000 103:02 59770968                  /usr/lib/x86_64-linux-gnu/ld-linux-x86-64.so.2
7fcbbc69f000-7fcbbc6c9000 r-xp 00002000 103:02 59770968                  /usr/lib/x86_64-linux-gnu/ld-linux-x86-64.so.2
7fcbbc6c9000-7fcbbc6d4000 r--p 0002c000 103:02 59770968                  /usr/lib/x86_64-linux-gnu/ld-linux-x86-64.so.2
7fcbbc6d4000-7fcbbc6d5000 ---p 00000000 00:00 0 
7fcbbc6d5000-7fcbbc6d7000 r--p 00037000 103:02 59770968                  /usr/lib/x86_64-linux-gnu/ld-linux-x86-64.so.2
7fcbbc6d7000-7fcbbc6d9000 rw-p 00039000 103:02 59770968                  /usr/lib/x86_64-linux-gnu/ld-linux-x86-64.so.2
7ffc29401000-7ffc29423000 rw-p 00000000 00:00 0                          [stack]
7ffc294dd000-7ffc294e1000 r--p 00000000 00:00 0                          [vvar]
7ffc294e1000-7ffc294e3000 r-xp 00000000 00:00 0                          [vdso]
ffffffffff600000-ffffffffff601000 --xp 00000000 00:00 0                  [vsyscall]


VM Arguments:
jvm_args: --add-modules=ALL-SYSTEM --add-opens=java.base/java.util=ALL-UNNAMED --add-opens=java.base/java.lang=ALL-UNNAMED --add-opens=java.base/sun.nio.fs=ALL-UNNAMED -Declipse.application=org.eclipse.jdt.ls.core.id1 -Dosgi.bundles.defaultStartLevel=4 -Declipse.product=org.eclipse.jdt.ls.core.product -Djava.import.generatesMetadataFilesAtProjectRoot=false -DDetectVMInstallationsJob.disabled=true -Dfile.encoding=utf8 -XX:+UseParallelGC -XX:GCTimeRatio=4 -XX:AdaptiveSizePolicyWeight=90 -Dsun.zip.disableMemoryMapping=true -Xmx1G -Xms100m -Xlog:disable -javaagent:/home/farhad/.vscode/extensions/redhat.java-1.23.0-linux-x64/lombok/lombok-1.18.30.jar -XX:+HeapDumpOnOutOfMemoryError -XX:HeapDumpPath=/home/farhad/.config/Code/User/workspaceStorage/272d5d35a52b0053f6d6da278043ada3/redhat.java -Daether.dependencyCollector.impl=bf 
java_command: /home/farhad/.vscode/extensions/redhat.java-1.23.0-linux-x64/server/plugins/org.eclipse.equinox.launcher_1.6.500.v20230717-2134.jar -configuration /home/farhad/.config/Code/User/globalStorage/redhat.java/1.23.0/config_linux -data /home/farhad/.config/Code/User/workspaceStorage/272d5d35a52b0053f6d6da278043ada3/redhat.java/jdt_ws
java_class_path (initial): /home/farhad/.vscode/extensions/redhat.java-1.23.0-linux-x64/server/plugins/org.eclipse.equinox.launcher_1.6.500.v20230717-2134.jar
Launcher Type: SUN_STANDARD

[Global flags]
    uintx AdaptiveSizePolicyWeight                 = 90                                        {product} {command line}
     intx CICompilerCount                          = 12                                        {product} {ergonomic}
    uintx GCTimeRatio                              = 4                                         {product} {command line}
     bool HeapDumpOnOutOfMemoryError               = true                                   {manageable} {command line}
    ccstr HeapDumpPath                             = /home/farhad/.config/Code/User/workspaceStorage/272d5d35a52b0053f6d6da278043ada3/redhat.java         {manageable} {command line}
   size_t InitialHeapSize                          = 104857600                                 {product} {command line}
   size_t MaxHeapSize                              = 1073741824                                {product} {command line}
   size_t MaxNewSize                               = 357564416                                 {product} {ergonomic}
   size_t MinHeapDeltaBytes                        = 524288                                    {product} {ergonomic}
   size_t MinHeapSize                              = 104857600                                 {product} {command line}
   size_t NewSize                                  = 34603008                                  {product} {ergonomic}
    uintx NonNMethodCodeHeapSize                   = 7602480                                {pd product} {ergonomic}
    uintx NonProfiledCodeHeapSize                  = 122027880                              {pd product} {ergonomic}
   size_t OldSize                                  = 70254592                                  {product} {ergonomic}
    uintx ProfiledCodeHeapSize                     = 122027880                              {pd product} {ergonomic}
    uintx ReservedCodeCacheSize                    = 251658240                              {pd product} {ergonomic}
     bool SegmentedCodeCache                       = true                                      {product} {ergonomic}
   size_t SoftMaxHeapSize                          = 1073741824                             {manageable} {ergonomic}
     bool UseCompressedClassPointers               = true                           {product lp64_product} {ergonomic}
     bool UseCompressedOops                        = true                           {product lp64_product} {ergonomic}
     bool UseParallelGC                            = true                                      {product} {command line}

Logging:
Log output configuration:
 #0: stdout all=off uptime,level,tags
 #1: stderr all=off uptime,level,tags

Environment Variables:
JAVA_HOME=/home/farhad/.sdkman/candidates/java/current
PATH=/home/farhad/bin:/home/farhad/.nvm/versions/node/v19.3.0/bin:/home/farhad/.sdkman/candidates/visualvm/current/bin:/home/farhad/.sdkman/candidates/springboot/current/bin:/home/farhad/.sdkman/candidates/maven/current/bin:/home/farhad/.sdkman/candidates/jmeter/current/bin:/home/farhad/.sdkman/candidates/java/current/bin:/home/farhad/.sdkman/candidates/gradle/current/bin:/home/farhad/bin:/usr/local/sbin:/usr/local/bin:/usr/sbin:/usr/bin:/sbin:/bin:/usr/games:/usr/local/games:/snap/bin:/snap/bin:/usr/local/go/bin:/home/farhad/go/bin:/usr/local/go/bin:/home/farhad/go/bin
USERNAME=farhad
SHELL=/bin/bash
DISPLAY=:0
LANG=en_US.UTF-8
LC_NUMERIC=az_IR
LC_TIME=az_IR

Active Locale:
LC_ALL=LC_CTYPE=en_US.UTF-8;LC_NUMERIC=az_IR;LC_TIME=az_IR;LC_COLLATE=en_US.UTF-8;LC_MONETARY=az_IR;LC_MESSAGES=en_US.UTF-8;LC_PAPER=az_IR;LC_NAME=az_IR;LC_ADDRESS=az_IR;LC_TELEPHONE=az_IR;LC_MEASUREMENT=az_IR;LC_IDENTIFICATION=az_IR
LC_COLLATE=en_US.UTF-8
LC_CTYPE=en_US.UTF-8
LC_MESSAGES=en_US.UTF-8
LC_MONETARY=az_IR
LC_NUMERIC=az_IR
LC_TIME=az_IR

Signal Handlers:
   SIGSEGV: crash_handler in libjvm.so, mask=11100100010111111101111111111110, flags=SA_RESTART|SA_SIGINFO, unblocked
    SIGBUS: crash_handler in libjvm.so, mask=11100100010111111101111111111110, flags=SA_RESTART|SA_SIGINFO, unblocked
    SIGFPE: crash_handler in libjvm.so, mask=11100100010111111101111111111110, flags=SA_RESTART|SA_SIGINFO, unblocked
   SIGPIPE: javaSignalHandler in libjvm.so, mask=11100100010111111101111111111110, flags=SA_RESTART|SA_SIGINFO, blocked
   SIGXFSZ: javaSignalHandler in libjvm.so, mask=11100100010111111101111111111110, flags=SA_RESTART|SA_SIGINFO, blocked
    SIGILL: crash_handler in libjvm.so, mask=11100100010111111101111111111110, flags=SA_RESTART|SA_SIGINFO, unblocked
   SIGUSR2: SR_handler in libjvm.so, mask=00000000000000000000000000000000, flags=SA_RESTART|SA_SIGINFO, blocked
    SIGHUP: UserHandler in libjvm.so, mask=11100100010111111101111111111110, flags=SA_RESTART|SA_SIGINFO, blocked
    SIGINT: UserHandler in libjvm.so, mask=11100100010111111101111111111110, flags=SA_RESTART|SA_SIGINFO, blocked
   SIGTERM: UserHandler in libjvm.so, mask=11100100010111111101111111111110, flags=SA_RESTART|SA_SIGINFO, blocked
   SIGQUIT: UserHandler in libjvm.so, mask=11100100010111111101111111111110, flags=SA_RESTART|SA_SIGINFO, blocked
   SIGTRAP: crash_handler in libjvm.so, mask=11100100010111111101111111111110, flags=SA_RESTART|SA_SIGINFO, unblocked


---------------  S Y S T E M  ---------------

OS:
DISTRIB_ID=Ubuntu
DISTRIB_RELEASE=22.04
DISTRIB_CODENAME=jammy
DISTRIB_DESCRIPTION="Ubuntu 22.04.3 LTS"
uname: Linux 6.2.0-35-generic #35~22.04.1-Ubuntu SMP PREEMPT_DYNAMIC Fri Oct  6 10:23:26 UTC 2 x86_64
OS uptime: 0 days 0:23 hours
libc: glibc 2.35 NPTL 2.35 
rlimit (soft/hard): STACK 8192k/infinity , CORE 0k/infinity , NPROC 65535/65535 , NOFILE 10000000/10000000 , AS infinity/infinity , CPU infinity/infinity , DATA infinity/infinity , FSIZE infinity/infinity , MEMLOCK 1966352k/1966352k
load average: 1.01 1.01 0.80

/proc/meminfo:
MemTotal:       15730816 kB
MemFree:         5476920 kB
MemAvailable:   10880096 kB
Buffers:          314192 kB
Cached:          5290404 kB
SwapCached:            0 kB
Active:          2629816 kB
Inactive:        6594568 kB
Active(anon):       5424 kB
Inactive(anon):  3682840 kB
Active(file):    2624392 kB
Inactive(file):  2911728 kB
Unevictable:          16 kB
Mlocked:              16 kB
SwapTotal:       6291452 kB
SwapFree:        6291452 kB
Zswap:                 0 kB
Zswapped:              0 kB
Dirty:               136 kB
Writeback:             0 kB
AnonPages:       3620152 kB
Mapped:          1014428 kB
Shmem:             68476 kB
KReclaimable:     202364 kB
Slab:             425692 kB
SReclaimable:     202364 kB
SUnreclaim:       223328 kB
KernelStack:       27760 kB
PageTables:        46608 kB
SecPageTables:         0 kB
NFS_Unstable:          0 kB
Bounce:                0 kB
WritebackTmp:          0 kB
CommitLimit:    14156860 kB
Committed_AS:   10796188 kB
VmallocTotal:   34359738367 kB
VmallocUsed:       84388 kB
VmallocChunk:          0 kB
Percpu:            17152 kB
HardwareCorrupted:     0 kB
AnonHugePages:         0 kB
ShmemHugePages:        0 kB
ShmemPmdMapped:        0 kB
FileHugePages:         0 kB
FilePmdMapped:         0 kB
HugePages_Total:       0
HugePages_Free:        0
HugePages_Rsvd:        0
HugePages_Surp:        0
Hugepagesize:       2048 kB
Hugetlb:               0 kB
DirectMap4k:      682144 kB
DirectMap2M:    11257856 kB
DirectMap1G:     5242880 kB

/sys/kernel/mm/transparent_hugepage/enabled: always [madvise] never
/sys/kernel/mm/transparent_hugepage/defrag (defrag/compaction efforts parameter): always defer defer+madvise [madvise] never

Process Memory:
Virtual Size: 7499760K (peak: 7565268K)
Resident Set Size: 712128K (peak: 777468K) (anon: 681280K, file: 30848K, shmem: 0K)
Swapped out: 0K
C-Heap outstanding allocations: 95378K, retained: 273093K
glibc malloc tunables: (default)

/proc/sys/kernel/threads-max (system-wide limit on the number of threads): 122300
/proc/sys/vm/max_map_count (maximum number of memory map areas a process may have): 262144
/proc/sys/kernel/pid_max (system-wide limit on number of process identifiers): 4194304

container (cgroup) information:
container_type: cgroupv2
cpu_cpuset_cpus: not supported
cpu_memory_nodes: not supported
active_processor_count: 16
cpu_quota: not supported
cpu_period: not supported
cpu_shares: not supported
memory_limit_in_bytes: unlimited
memory_and_swap_limit_in_bytes: unlimited
memory_soft_limit_in_bytes: unlimited
memory_usage_in_bytes: 2349084 k
memory_max_usage_in_bytes: not supported
memory_swap_current_in_bytes: unlimited
memory_swap_max_limit_in_bytes: unlimited
maximum number of tasks: 18345
current number of tasks: 289

Steal ticks since vm start: 0
Steal ticks percentage since vm start:  0.000

CPU: total 16 (initial active 16) (16 cores per cpu, 2 threads per core) family 23 model 104 stepping 1 microcode 0x8608103, cx8, cmov, fxsr, ht, mmx, 3dnowpref, sse, sse2, sse3, ssse3, sse4a, sse4.1, sse4.2, popcnt, lzcnt, tsc, tscinvbit, avx, avx2, aes, clmul, bmi1, bmi2, adx, sha, fma, vzeroupper, clflush, clflushopt
CPU Model and flags from /proc/cpuinfo:
model name	: AMD Ryzen 7 5700U with Radeon Graphics
flags		: fpu vme de pse tsc msr pae mce cx8 apic sep mtrr pge mca cmov pat pse36 clflush mmx fxsr sse sse2 ht syscall nx mmxext fxsr_opt pdpe1gb rdtscp lm constant_tsc rep_good nopl nonstop_tsc cpuid extd_apicid aperfmperf rapl pni pclmulqdq monitor ssse3 fma cx16 sse4_1 sse4_2 movbe popcnt aes xsave avx f16c rdrand lahf_lm cmp_legacy svm extapic cr8_legacy abm sse4a misalignsse 3dnowprefetch osvw ibs skinit wdt tce topoext perfctr_core perfctr_nb bpext perfctr_llc mwaitx cpb cat_l3 cdp_l3 hw_pstate ssbd mba ibrs ibpb stibp vmmcall fsgsbase bmi1 avx2 smep bmi2 cqm rdt_a rdseed adx smap clflushopt clwb sha_ni xsaveopt xsavec xgetbv1 cqm_llc cqm_occup_llc cqm_mbm_total cqm_mbm_local clzero irperf xsaveerptr rdpru wbnoinvd cppc arat npt lbrv svm_lock nrip_save tsc_scale vmcb_clean flushbyasid decodeassists pausefilter pfthreshold avic v_vmsave_vmload vgif v_spec_ctrl umip rdpid overflow_recov succor smca

Online cpus: 0-15
Offline cpus: 
BIOS frequency limitation: 1800000
Frequency switch latency (ns): 0
Available cpu frequencies: 1800000 1700000 1400000 
Current governor: schedutil
Core performance/turbo boost: 1

Memory: 4k page, physical 15730816k(5476740k free), swap 6291452k(6291452k free)
Page Sizes: 4k

vm_info: OpenJDK 64-Bit Server VM (17.0.8.1+1) for linux-amd64 JRE (17.0.8.1+1), built on Aug 24 2023 00:00:00 by "admin" with gcc 10.3.0

END.
