#
# A fatal error has been detected by the Java Runtime Environment:
#
#  SIGSEGV (0xb) at pc=0x00007f9eb41b0b98, pid=156853, tid=156867
#
# JRE version: OpenJDK Runtime Environment Temurin-17.0.7+7 (17.0.7+7) (build 17.0.7+7)
# Java VM: OpenJDK 64-Bit Server VM Temurin-17.0.7+7 (17.0.7+7, mixed mode, tiered, compressed oops, compressed class ptrs, parallel gc, linux-amd64)
# Problematic frame:
# V  [libjvm.so+0x7b0b98]  GraphKit::null_check_common(Node*, BasicType, bool, Node**, bool) [clone .part.0]+0x8d8
#
# Core dump will be written. Default location: Core dumps may be processed with "/usr/share/apport/apport -p%p -s%s -c%c -d%d -P%P -u%u -g%g -- %E" (or dumping to /home/farhad/apps/my-examples/spring-boot/spring-value-object/core.156853)
#
# If you would like to submit a bug report, please visit:
#   https://github.com/adoptium/adoptium-support/issues
#

---------------  S U M M A R Y ------------

Command Line: --add-modules=ALL-SYSTEM --add-opens=java.base/java.util=ALL-UNNAMED --add-opens=java.base/java.lang=ALL-UNNAMED --add-opens=java.base/sun.nio.fs=ALL-UNNAMED -Declipse.application=org.eclipse.jdt.ls.core.id1 -Dosgi.bundles.defaultStartLevel=4 -Declipse.product=org.eclipse.jdt.ls.core.product -Djava.import.generatesMetadataFilesAtProjectRoot=false -Dfile.encoding=utf8 -XX:+UseParallelGC -XX:GCTimeRatio=4 -XX:AdaptiveSizePolicyWeight=90 -Dsun.zip.disableMemoryMapping=true -Xmx1G -Xms100m -Xlog:disable -javaagent:/home/farhad/.vscode/extensions/redhat.java-1.20.0-linux-x64/lombok/lombok-1.18.28.jar -XX:+HeapDumpOnOutOfMemoryError -XX:HeapDumpPath=/home/farhad/.config/Code/User/workspaceStorage/fce38cad94484a371d0cf6519671e8fc/redhat.java -Daether.dependencyCollector.impl=bf /home/farhad/.vscode/extensions/redhat.java-1.20.0-linux-x64/server/plugins/org.eclipse.equinox.launcher_1.6.500.v20230622-2056.jar -configuration /home/farhad/.config/Code/User/globalStorage/redhat.java/1.20.0/config_linux -data /home/farhad/.config/Code/User/workspaceStorage/fce38cad94484a371d0cf6519671e8fc/redhat.java/jdt_ws

Host: AMD Ryzen 7 5700U with Radeon Graphics, 16 cores, 15G, Ubuntu 22.04.2 LTS
Time: Mon Jul 24 07:32:41 2023 +0330 elapsed time: 4534.426676 seconds (0d 1h 15m 34s)

---------------  T H R E A D  ---------------

Current thread (0x00007f9eac2bbd00):  JavaThread "C2 CompilerThread0" daemon [_thread_in_native, id=156867, stack(0x00007f9e900e6000,0x00007f9e901e6000)]


Current CompileTask:
C2:4534426 31421   !   4       org.eclipse.jdt.internal.compiler.parser.Parser::parse (907 bytes)

Stack: [0x00007f9e900e6000,0x00007f9e901e6000],  sp=0x00007f9e901e2e70,  free space=1011k
Native frames: (J=compiled Java code, j=interpreted, Vv=VM code, C=native code)
V  [libjvm.so+0x7b0b98]  GraphKit::null_check_common(Node*, BasicType, bool, Node**, bool) [clone .part.0]+0x8d8
V  [libjvm.so+0xc51db1]  Parse::do_one_bytecode()+0x5261
V  [libjvm.so+0xc40de8]  Parse::do_one_block()+0x208
V  [libjvm.so+0xc41215]  Parse::do_all_blocks()+0xe5
V  [libjvm.so+0xc446ac]  Parse::Parse(JVMState*, ciMethod*, float)+0x79c
V  [libjvm.so+0x515fdb]  ParseGenerator::generate(JVMState*)+0x8b
V  [libjvm.so+0x5d4f35]  Compile::Compile(ciEnv*, ciMethod*, int, bool, bool, bool, bool, bool, DirectiveSet*)+0xcb5
V  [libjvm.so+0x514d19]  C2Compiler::compile_method(ciEnv*, ciMethod*, int, bool, DirectiveSet*)+0xe9
V  [libjvm.so+0x5de072]  CompileBroker::invoke_compiler_on_method(CompileTask*)+0xef2
V  [libjvm.so+0x5ded18]  CompileBroker::compiler_thread_loop()+0x508
V  [libjvm.so+0xe62564]  JavaThread::thread_main_inner()+0x184
V  [libjvm.so+0xe65c10]  Thread::call_run()+0xc0
V  [libjvm.so+0xc1aa21]  thread_native_entry(Thread*)+0xe1


siginfo: si_signo: 11 (SIGSEGV), si_code: 128 (SI_KERNEL), si_addr: 0x0000000000000000

Register to memory mapping:

RAX=0x00007f9e901e3080 is pointing into the stack for thread: 0x00007f9eac2bbd00
RBX=0x00000000fffffff4 is an unallocated location in the heap
RCX=0x00007f9e70147b80 points into unknown readable memory: 0x0000000000001000 | 00 10 00 00 00 00 00 00
RDX=0x00007f9e6d4e3080 points into unknown readable memory: 0x00007f9eb4c91af8 | f8 1a c9 b4 9e 7f 00 00
RSP=0x00007f9e901e2e70 is pointing into the stack for thread: 0x00007f9eac2bbd00
RBP=0x00007f9e901e2f00 is pointing into the stack for thread: 0x00007f9eac2bbd00
RSI=0x0000000000001000 is an unknown value
RDI=0x00007f9e6d238ac0 points into unknown readable memory: 0x00007f9eb4c91af8 | f8 1a c9 b4 9e 7f 00 00
R8 =0x0000000000000098 is an unknown value
R9 =0x0 is NULL
R10=0x00007f9e6d238bb0 points into unknown readable memory: 0x0000000000000000 | 00 00 00 00 00 00 00 00
R11=0x0 is NULL
R12=0x00007f9e901e3080 is pointing into the stack for thread: 0x00007f9eac2bbd00
R13=0x000000000000000c is an unknown value
R14=0x00007f9e6d238a00 points into unknown readable memory: 0x00007f9eb4cb5038 | 38 50 cb b4 9e 7f 00 00
R15=0x00007f9e6d238a00 points into unknown readable memory: 0x00007f9eb4cb5038 | 38 50 cb b4 9e 7f 00 00


Registers:
RAX=0x00007f9e901e3080, RBX=0x00000000fffffff4, RCX=0x00007f9e70147b80, RDX=0x00007f9e6d4e3080
RSP=0x00007f9e901e2e70, RBP=0x00007f9e901e2f00, RSI=0x0000000000001000, RDI=0x00007f9e6d238ac0
R8 =0x0000000000000098, R9 =0x0000000000000000, R10=0x00007f9e6d238bb0, R11=0x0000000000000000
R12=0x00007f9e901e3080, R13=0x000000000000000c, R14=0x00007f9e6d238a00, R15=0x00007f9e6d238a00
RIP=0x00007f9eb41b0b98, EFLAGS=0x0000000000010206, CSGSFS=0x002b000000000033, ERR=0x0000000000000000
  TRAPNO=0x000000000000000d

Top of Stack: (sp=0x00007f9e901e2e70)
0x00007f9e901e2e70:   00007f9e901e2ed0 00007f9eb41a175c
0x00007f9e901e2e80:   00007f9e6d2382c8 00007f9e6d237801
0x00007f9e901e2e90:   00007f9e00000001 0000000000000000
0x00007f9e901e2ea0:   00007f9e7073be90 00007f9e00000000 

Instructions: (pc=0x00007f9eb41b0b98)
0x00007f9eb41b0a98:   5f 5d e9 11 f0 4a 00 90 8b 45 90 3c 01 19 db 81
0x00007f9eb41b0aa8:   e3 98 00 00 00 81 eb a4 00 00 00 3c 01 45 19 c0
0x00007f9eb41b0ab8:   41 83 e0 ed 41 83 c0 14 e9 2b fa ff ff 49 8b 7c
0x00007f9eb41b0ac8:   24 40 48 85 ff 0f 84 d0 fc ff ff 44 89 45 90 e8
0x00007f9eb41b0ad8:   b4 4d da ff 48 63 55 90 0f b6 44 02 70 49 89 d0
0x00007f9eb41b0ae8:   83 c0 01 0f b6 c0 83 e8 01 83 f8 02 0f 86 a9 fc
0x00007f9eb41b0af8:   ff ff 66 0f 1f 44 00 00 f3 0f 10 05 c8 17 80 00
0x00007f9eb41b0b08:   e9 9e fc ff ff 0f 1f 00 80 7d a8 00 0f 84 2c 01
0x00007f9eb41b0b18:   00 00 49 8b 7c 24 20 be 0c 00 00 00 e8 87 ef 4a
0x00007f9eb41b0b28:   00 48 89 c2 48 8b 45 a0 48 39 d0 74 0b 48 89 c6
0x00007f9eb41b0b38:   4c 89 e7 e8 f0 ce fe ff 49 8b 7c 24 20 be 0c 00
0x00007f9eb41b0b48:   00 00 e9 3d ff ff ff 90 49 8b 7c 24 20 44 89 ee
0x00007f9eb41b0b58:   44 89 45 90 e8 4f ef 4a 00 48 8b 75 a0 44 8b 45
0x00007f9eb41b0b68:   90 48 89 c2 48 39 c6 74 0c 4c 89 e7 e8 b7 ce fe
0x00007f9eb41b0b78:   ff 44 8b 45 90 31 d2 44 89 c6 4c 89 e7 e8 96 f1
0x00007f9eb41b0b88:   ff ff e9 7d fc ff ff 90 48 8b 75 a0 31 d2 4c 89
0x00007f9eb41b0b98:   e7 e8 12 0a ff ff 48 8b 4d 98 48 85 c9 74 15 49
0x00007f9eb41b0ba8:   8b 54 24 10 48 8b 9a d8 02 00 00 48 39 19 0f 85
0x00007f9eb41b0bb8:   65 fb ff ff 48 8b 75 a0 48 39 c6 0f 84 58 fb ff
0x00007f9eb41b0bc8:   ff 48 89 c2 4c 89 e7 48 89 45 a8 e8 58 ce fe ff
0x00007f9eb41b0bd8:   48 8b 45 a8 e9 40 fb ff ff 0f 1f 80 00 00 00 00
0x00007f9eb41b0be8:   48 8b 00 ff 50 20 84 c0 0f 85 7f fc ff ff 80 7d
0x00007f9eb41b0bf8:   a8 01 0f 84 75 fc ff ff 48 83 7d 98 00 0f 85 6a
0x00007f9eb41b0c08:   fc ff ff 49 8b 45 00 4c 89 ef ff 90 d8 00 00 00
0x00007f9eb41b0c18:   45 31 c9 45 31 c0 4c 89 e7 48 89 c2 48 8d 0d b0
0x00007f9eb41b0c28:   b1 80 00 be b5 ff ff ff e8 0b 4b ff ff 49 8b 44
0x00007f9eb41b0c38:   24 10 48 8b 80 d8 02 00 00 e9 db fa ff ff 4d 8b
0x00007f9eb41b0c48:   44 24 28 4c 89 fe 49 8b 40 08 4c 89 c7 4c 8b 28
0x00007f9eb41b0c58:   e8 83 ce fe ff 48 8b 75 a0 ba 01 00 00 00 4c 89
0x00007f9eb41b0c68:   e7 e8 42 09 ff ff 49 8b 7c 24 28 4c 89 ee 48 89
0x00007f9eb41b0c78:   45 a8 e8 61 ce fe ff 48 8b 45 a8 e9 99 fa ff ff
0x00007f9eb41b0c88:   0f 1f 84 00 00 00 00 00 4c 8b 57 10 48 8b 47 28 


Stack slot to memory mapping:
stack at sp + 0 slots: 0x00007f9e901e2ed0 is pointing into the stack for thread: 0x00007f9eac2bbd00
stack at sp + 1 slots: 0x00007f9eb41a175c: <offset 0x00000000007a175c> in /home/farhad/.vscode/extensions/redhat.java-1.20.0-linux-x64/jre/17.0.7-linux-x86_64/lib/server/libjvm.so at 0x00007f9eb3a00000
stack at sp + 2 slots: 0x00007f9e6d2382c8 points into unknown readable memory: 0x00007f9eb4c91af8 | f8 1a c9 b4 9e 7f 00 00
stack at sp + 3 slots: 0x00007f9e6d237801 points into unknown readable memory: 00 00 00 00 00 00 00
stack at sp + 4 slots: 0x00007f9e00000001 points into unknown readable memory: 00 00 00 9e 7f 00 00
stack at sp + 5 slots: 0x0 is NULL
stack at sp + 6 slots: 0x00007f9e7073be90 points into unknown readable memory: 0x00007f9eb4c925c8 | c8 25 c9 b4 9e 7f 00 00
stack at sp + 7 slots: 0x00007f9e00000000 points into unknown readable memory: 0x00007f9e00000030 | 30 00 00 00 9e 7f 00 00


---------------  P R O C E S S  ---------------

Threads class SMR info:
_java_thread_list=0x00007f9d9401b1c0, length=35, elements={
0x00007f9eac027e40, 0x00007f9eac28c4e0, 0x00007f9eac28da50, 0x00007f9eac2b5e20,
0x00007f9eac2b9710, 0x00007f9eac2ba680, 0x00007f9eac2bbd00, 0x00007f9eac2bd200,
0x00007f9eac2be640, 0x00007f9eac354190, 0x00007f9eac4432e0, 0x00007f9eac646550,
0x00007f9eac69cfc0, 0x00007f9eac69f210, 0x00007f9e28033a10, 0x00007f9e28269e90,
0x00007f9e288fcbf0, 0x00007f9eac745690, 0x00007f9eac7fb010, 0x00007f9eac7fbfc0,
0x00007f9dc0050610, 0x00007f9e7c000eb0, 0x00007f9dc4054220, 0x00007f9dec007990,
0x00007f9ddc182190, 0x00007f9d840af3e0, 0x00007f9d840b6650, 0x00007f9da8002cb0,
0x00007f9ddc0b46a0, 0x00007f9dc4079380, 0x00007f9d8c01aac0, 0x00007f9dc00bd350,
0x00007f9dc00b9a80, 0x00007f9d940233d0, 0x00007f9d9401d220
}

Java Threads: ( => current thread )
  0x00007f9eac027e40 JavaThread "main" [_thread_blocked, id=156855, stack(0x00007f9eb3900000,0x00007f9eb3a00000)]
  0x00007f9eac28c4e0 JavaThread "Reference Handler" daemon [_thread_blocked, id=156862, stack(0x00007f9e905e6000,0x00007f9e906e6000)]
  0x00007f9eac28da50 JavaThread "Finalizer" daemon [_thread_blocked, id=156863, stack(0x00007f9e904e6000,0x00007f9e905e6000)]
  0x00007f9eac2b5e20 JavaThread "Signal Dispatcher" daemon [_thread_blocked, id=156864, stack(0x00007f9e903e6000,0x00007f9e904e6000)]
  0x00007f9eac2b9710 JavaThread "Service Thread" daemon [_thread_blocked, id=156865, stack(0x00007f9e902e6000,0x00007f9e903e6000)]
  0x00007f9eac2ba680 JavaThread "Monitor Deflation Thread" daemon [_thread_blocked, id=156866, stack(0x00007f9e901e6000,0x00007f9e902e6000)]
=>0x00007f9eac2bbd00 JavaThread "C2 CompilerThread0" daemon [_thread_in_native, id=156867, stack(0x00007f9e900e6000,0x00007f9e901e6000)]
  0x00007f9eac2bd200 JavaThread "C1 CompilerThread0" daemon [_thread_blocked, id=156868, stack(0x00007f9e82b00000,0x00007f9e82c00000)]
  0x00007f9eac2be640 JavaThread "Sweeper thread" daemon [_thread_blocked, id=156869, stack(0x00007f9e82a00000,0x00007f9e82b00000)]
  0x00007f9eac354190 JavaThread "Common-Cleaner" daemon [_thread_blocked, id=156879, stack(0x00007f9e82900000,0x00007f9e82a00000)]
  0x00007f9eac4432e0 JavaThread "Notification Thread" daemon [_thread_blocked, id=156906, stack(0x00007f9e82400000,0x00007f9e82500000)]
  0x00007f9eac646550 JavaThread "Active Thread: Equinox Container: 3803b721-852e-417e-9905-f9b257fcc90d" [_thread_blocked, id=157063, stack(0x00007f9e820fe000,0x00007f9e821fe000)]
  0x00007f9eac69cfc0 JavaThread "Framework Event Dispatcher: Equinox Container: 3803b721-852e-417e-9905-f9b257fcc90d" daemon [_thread_blocked, id=157064, stack(0x00007f9e81ffe000,0x00007f9e820fe000)]
  0x00007f9eac69f210 JavaThread "Start Level: Equinox Container: 3803b721-852e-417e-9905-f9b257fcc90d" daemon [_thread_blocked, id=157065, stack(0x00007f9e819f4000,0x00007f9e81af4000)]
  0x00007f9e28033a10 JavaThread "SCR Component Actor" daemon [_thread_blocked, id=157066, stack(0x00007f9e818f4000,0x00007f9e819f4000)]
  0x00007f9e28269e90 JavaThread "Worker-JM" [_thread_blocked, id=157076, stack(0x00007f9e811fc000,0x00007f9e812fc000)]
  0x00007f9e288fcbf0 JavaThread "Java indexing" daemon [_thread_blocked, id=157123, stack(0x00007f9e808f2000,0x00007f9e809f2000)]
  0x00007f9eac745690 JavaThread "pool-2-thread-1" [_thread_blocked, id=157126, stack(0x00007f9e8030c000,0x00007f9e8040c000)]
  0x00007f9eac7fb010 JavaThread "WorkspaceEventsHandler" [_thread_blocked, id=157129, stack(0x00007f9e8055b000,0x00007f9e8065b000)]
  0x00007f9eac7fbfc0 JavaThread "pool-1-thread-1" [_thread_in_native, id=157130, stack(0x00007f9e8045b000,0x00007f9e8055b000)]
  0x00007f9dc0050610 JavaThread "Bundle File Closer" daemon [_thread_blocked, id=157156, stack(0x00007f9dcbc00000,0x00007f9dcbd00000)]
  0x00007f9e7c000eb0 JavaThread "Attach Listener" daemon [_thread_blocked, id=157406, stack(0x00007f9e806f2000,0x00007f9e807f2000)]
  0x00007f9dc4054220 JavaThread "Worker-39" [_thread_blocked, id=173878, stack(0x00007f9e80bf4000,0x00007f9e80cf4000)]
  0x00007f9dec007990 JavaThread "Worker-46" [_thread_blocked, id=176023, stack(0x00007f9e82500000,0x00007f9e82600000)]
  0x00007f9ddc182190 JavaThread "ForkJoinPool.commonPool-worker-18" daemon [_thread_blocked, id=182807, stack(0x00007f9dcb000000,0x00007f9dcb100000)]
  0x00007f9d840af3e0 JavaThread "ForkJoinPool.commonPool-worker-19" daemon [_thread_blocked, id=183067, stack(0x00007f9dcbf00000,0x00007f9dcc000000)]
  0x00007f9d840b6650 JavaThread "ForkJoinPool.commonPool-worker-20" daemon [_thread_blocked, id=183069, stack(0x00007f9dcb700000,0x00007f9dcb800000)]
  0x00007f9da8002cb0 JavaThread "ForkJoinPool.commonPool-worker-21" daemon [_thread_blocked, id=183070, stack(0x00007f9dcbe00000,0x00007f9dcbf00000)]
  0x00007f9ddc0b46a0 JavaThread "Worker-49" [_thread_blocked, id=183071, stack(0x00007f9e8010c000,0x00007f9e8020c000)]
  0x00007f9dc4079380 JavaThread "ForkJoinPool.commonPool-worker-22" daemon [_thread_blocked, id=183074, stack(0x00007f9dcb200000,0x00007f9dcb300000)]
  0x00007f9d8c01aac0 JavaThread "ForkJoinPool.commonPool-worker-23" daemon [_thread_blocked, id=183103, stack(0x00007f9dcbd00000,0x00007f9dcbe00000)]
  0x00007f9dc00bd350 JavaThread "ForkJoinPool.commonPool-worker-24" daemon [_thread_blocked, id=183105, stack(0x00007f9dcbb00000,0x00007f9dcbc00000)]
  0x00007f9dc00b9a80 JavaThread "ForkJoinPool.commonPool-worker-25" daemon [_thread_in_native, id=183129, stack(0x00007f9dcb400000,0x00007f9dcb500000)]
  0x00007f9d940233d0 JavaThread "ForkJoinPool.commonPool-worker-26" daemon [_thread_blocked, id=183176, stack(0x00007f9dcb500000,0x00007f9dcb600000)]
  0x00007f9d9401d220 JavaThread "ForkJoinPool.commonPool-worker-27" daemon [_thread_blocked, id=183177, stack(0x00007f9dcb600000,0x00007f9dcb700000)]

Other Threads:
  0x00007f9eac27c360 VMThread "VM Thread" [stack: 0x00007f9e906e8000,0x00007f9e907e8000] [id=156860]
  0x00007f9eac071c00 WatcherThread [stack: 0x00007f9e82300000,0x00007f9e82400000] [id=156907]
  0x00007f9eac03f5f0 GCTaskThread "GC Thread#0" [stack: 0x00007f9eb0816000,0x00007f9eb0916000] [id=156858]
  0x00007f9e8c0012f0 GCTaskThread "GC Thread#1" [stack: 0x00007f9e81efe000,0x00007f9e81ffe000] [id=157030]
  0x00007f9e8c0032c0 GCTaskThread "GC Thread#2" [stack: 0x00007f9e81dfc000,0x00007f9e81efc000] [id=157031]
  0x00007f9e8c003c50 GCTaskThread "GC Thread#3" [stack: 0x00007f9e81cfa000,0x00007f9e81dfa000] [id=157032]
  0x00007f9e8c0045e0 GCTaskThread "GC Thread#4" [stack: 0x00007f9e81bf8000,0x00007f9e81cf8000] [id=157033]
  0x00007f9e8c004f70 GCTaskThread "GC Thread#5" [stack: 0x00007f9e81af6000,0x00007f9e81bf6000] [id=157034]
  0x00007f9e8c0065e0 GCTaskThread "GC Thread#6" [stack: 0x00007f9e81500000,0x00007f9e81600000] [id=157068]
  0x00007f9e8c006eb0 GCTaskThread "GC Thread#7" [stack: 0x00007f9e813fe000,0x00007f9e814fe000] [id=157069]
  0x00007f9e8c008460 GCTaskThread "GC Thread#8" [stack: 0x00007f9e810fc000,0x00007f9e811fc000] [id=157078]
  0x00007f9e8c008ce0 GCTaskThread "GC Thread#9" [stack: 0x00007f9e80ffa000,0x00007f9e810fa000] [id=157079]
  0x00007f9e8c00a050 GCTaskThread "GC Thread#10" [stack: 0x00007f9e80ef8000,0x00007f9e80ff8000] [id=157080]
  0x00007f9e8c00a940 GCTaskThread "GC Thread#11" [stack: 0x00007f9e80df6000,0x00007f9e80ef6000] [id=157081]
  0x00007f9e8c00b5c0 GCTaskThread "GC Thread#12" [stack: 0x00007f9e80af4000,0x00007f9e80bf4000] [id=157106]

Threads with active compile tasks:
C2 CompilerThread0  4534430 31421   !   4       org.eclipse.jdt.internal.compiler.parser.Parser::parse (907 bytes)

VM state: not at safepoint (normal execution)

VM Mutex/Monitor currently owned by a thread: None

Heap address: 0x00000000c0000000, size: 1024 MB, Compressed Oops mode: 32-bit

CDS archive(s) not mapped
Compressed class space mapped at: 0x0000000100000000-0x0000000140000000, reserved size: 1073741824
Narrow klass base: 0x0000000000000000, Narrow klass shift: 3, Narrow klass range: 0x140000000

GC Precious Log:
 CPUs: 16 total, 16 available
 Memory: 15366M
 Large Page Support: Disabled
 NUMA Support: Disabled
 Compressed Oops: Enabled (32-bit)
 Alignments: Space 512K, Generation 512K, Heap 2M
 Heap Min Capacity: 100M
 Heap Initial Capacity: 100M
 Heap Max Capacity: 1G
 Pre-touch: Disabled
 Parallel Workers: 13

Heap:
 PSYoungGen      total 25088K, used 7456K [0x00000000eab00000, 0x00000000ecb80000, 0x0000000100000000)
  eden space 23552K, 26% used [0x00000000eab00000,0x00000000eb10dc60,0x00000000ec200000)
  from space 1536K, 81% used [0x00000000eca00000,0x00000000ecb3a400,0x00000000ecb80000)
  to   space 2048K, 0% used [0x00000000ec780000,0x00000000ec780000,0x00000000ec980000)
 ParOldGen       total 212480K, used 147797K [0x00000000c0000000, 0x00000000ccf80000, 0x00000000eab00000)
  object space 212480K, 69% used [0x00000000c0000000,0x00000000c9055428,0x00000000ccf80000)
 Metaspace       used 96390K, committed 97536K, reserved 1179648K
  class space    used 9195K, committed 9664K, reserved 1048576K

Card table byte_map: [0x00007f9eb0916000,0x00007f9eb0b17000] _byte_map_base: 0x00007f9eb0316000

Marking Bits: (ParMarkBitMap*) 0x00007f9eb4d1eb00
 Begin Bits: [0x00007f9e96000000, 0x00007f9e97000000)
 End Bits:   [0x00007f9e97000000, 0x00007f9e98000000)

Polling page: 0x00007f9eb51b2000

Metaspace:

Usage:
  Non-class:     85.15 MB used.
      Class:      8.98 MB used.
       Both:     94.13 MB used.

Virtual space:
  Non-class space:      128.00 MB reserved,      85.81 MB ( 67%) committed,  2 nodes.
      Class space:        1.00 GB reserved,       9.44 MB ( <1%) committed,  1 nodes.
             Both:        1.12 GB reserved,      95.25 MB (  8%) committed. 

Chunk freelists:
   Non-Class:  9.95 MB
       Class:  6.47 MB
        Both:  16.42 MB

MaxMetaspaceSize: unlimited
CompressedClassSpaceSize: 1.00 GB
Initial GC threshold: 21.00 MB
Current GC threshold: 158.75 MB
CDS: off
MetaspaceReclaimPolicy: balanced
 - commit_granule_bytes: 65536.
 - commit_granule_words: 8192.
 - virtual_space_node_default_size: 8388608.
 - enlarge_chunks_in_place: 1.
 - new_chunks_are_fully_committed: 0.
 - uncommit_free_chunks: 1.
 - use_allocation_guard: 0.
 - handle_deallocations: 1.


Internal statistics:

num_allocs_failed_limit: 9.
num_arena_births: 1104.
num_arena_deaths: 252.
num_vsnodes_births: 3.
num_vsnodes_deaths: 0.
num_space_committed: 1524.
num_space_uncommitted: 0.
num_chunks_returned_to_freelist: 330.
num_chunks_taken_from_freelist: 5544.
num_chunk_merges: 87.
num_chunk_splits: 3170.
num_chunks_enlarged: 1591.
num_inconsistent_stats: 0.

CodeHeap 'non-profiled nmethods': size=119168Kb used=31405Kb max_used=32427Kb free=87762Kb
 bounds [0x00007f9ea4ba0000, 0x00007f9ea6b50000, 0x00007f9eac000000]
CodeHeap 'profiled nmethods': size=119164Kb used=45109Kb max_used=46210Kb free=74055Kb
 bounds [0x00007f9e9d000000, 0x00007f9e9fd90000, 0x00007f9ea445f000]
CodeHeap 'non-nmethods': size=7428Kb used=1432Kb max_used=3175Kb free=5996Kb
 bounds [0x00007f9ea445f000, 0x00007f9ea477f000, 0x00007f9ea4ba0000]
 total_blobs=22579 nmethods=21807 adapters=676
 compilation: enabled
              stopped_count=0, restarted_count=0
 full_count=0

Compilation events (20 events):
Event: 4528.424 Thread 0x00007f9eac2bd200 nmethod 31411 0x00007f9e9d555990 code [0x00007f9e9d555b60, 0x00007f9e9d555dd0]
Event: 4532.570 Thread 0x00007f9eac2bbd00 31412       4       org.eclipse.jdt.internal.core.manipulation.search.OccurrencesFinder::getBindingDeclaration (64 bytes)
Event: 4532.570 Thread 0x00007f9eac2bd200 31414       2       org.eclipse.jdt.internal.core.manipulation.search.OccurrencesFinder::addUsage (103 bytes)
Event: 4532.571 Thread 0x00007f9eac2bd200 nmethod 31414 0x00007f9e9e0e4110 code [0x00007f9e9e0e42e0, 0x00007f9e9e0e4630]
Event: 4532.574 Thread 0x00007f9eac2bbd00 nmethod 31412 0x00007f9ea5666710 code [0x00007f9ea5666920, 0x00007f9ea56670d0]
Event: 4532.574 Thread 0x00007f9eac2bbd00 31413       4       org.eclipse.jdt.internal.corext.dom.Bindings::equals (8 bytes)
Event: 4532.574 Thread 0x00007f9eac2bbd00 nmethod 31413 0x00007f9ea5a38590 code [0x00007f9ea5a38720, 0x00007f9ea5a38798]
Event: 4533.251 Thread 0x00007f9eac2bd200 31415       3       org.eclipse.jdt.core.dom.VariableBinding::isEqualTo (113 bytes)
Event: 4533.252 Thread 0x00007f9eac2bd200 nmethod 31415 0x00007f9e9de5e890 code [0x00007f9e9de5eb00, 0x00007f9e9de5f780]
Event: 4533.323 Thread 0x00007f9eac2bd200 31416       3       org.eclipse.jdt.core.dom.MethodBinding::isEqualTo (39 bytes)
Event: 4533.323 Thread 0x00007f9eac2bd200 nmethod 31416 0x00007f9e9d781310 code [0x00007f9e9d781540, 0x00007f9e9d781d60]
Event: 4533.964 Thread 0x00007f9eac2bd200 31417   !   3       org.eclipse.jdt.ls.core.internal.corrections.RefactorProcessor::getAddStaticImportProposals (655 bytes)
Event: 4533.971 Thread 0x00007f9eac2bd200 nmethod 31417 0x00007f9e9f89e590 code [0x00007f9e9f89ed20, 0x00007f9e9f8a3800]
Event: 4534.006 Thread 0x00007f9eac2bbd00 31418       4       org.eclipse.jdt.internal.compiler.lookup.BlockScope::addLocalVariable (85 bytes)
Event: 4534.011 Thread 0x00007f9eac2bbd00 nmethod 31418 0x00007f9ea584ac10 code [0x00007f9ea584ade0, 0x00007f9ea584b2a8]
Event: 4534.011 Thread 0x00007f9eac2bbd00 31419       4       org.eclipse.jdt.internal.compiler.lookup.BlockScope::checkAndSetModifiersForVariable (78 bytes)
Event: 4534.013 Thread 0x00007f9eac2bbd00 nmethod 31419 0x00007f9ea55d3590 code [0x00007f9ea55d3740, 0x00007f9ea55d3908]
Event: 4534.015 Thread 0x00007f9eac2bd200 31420   !   3       org.eclipse.jdt.ls.core.internal.text.correction.RefactorProposalUtility::getChangeSignatureProposal (426 bytes)
Event: 4534.019 Thread 0x00007f9eac2bd200 nmethod 31420 0x00007f9e9dde9490 code [0x00007f9e9dde9b80, 0x00007f9e9ddee280]
Event: 4534.409 Thread 0x00007f9eac2bbd00 31421   !   4       org.eclipse.jdt.internal.compiler.parser.Parser::parse (907 bytes)

GC Heap History (20 events):
Event: 4528.020 GC heap before
{Heap before GC invocations=7647 (full 383):
 PSYoungGen      total 14336K, used 14319K [0x00000000eab00000, 0x00000000ec900000, 0x0000000100000000)
  eden space 9216K, 100% used [0x00000000eab00000,0x00000000eb400000,0x00000000eb400000)
  from space 5120K, 99% used [0x00000000eb800000,0x00000000ebcfbd80,0x00000000ebd00000)
  to   space 10752K, 0% used [0x00000000ebe80000,0x00000000ebe80000,0x00000000ec900000)
 ParOldGen       total 210944K, used 193110K [0x00000000c0000000, 0x00000000cce00000, 0x00000000eab00000)
  object space 210944K, 91% used [0x00000000c0000000,0x00000000cbc95bb8,0x00000000cce00000)
 Metaspace       used 96390K, committed 97536K, reserved 1179648K
  class space    used 9195K, committed 9664K, reserved 1048576K
}
Event: 4528.026 GC heap after
{Heap after GC invocations=7647 (full 383):
 PSYoungGen      total 20992K, used 9376K [0x00000000eab00000, 0x00000000ec900000, 0x0000000100000000)
  eden space 10240K, 0% used [0x00000000eab00000,0x00000000eab00000,0x00000000eb500000)
  from space 10752K, 87% used [0x00000000ebe80000,0x00000000ec7a8000,0x00000000ec900000)
  to   space 9728K, 0% used [0x00000000eb500000,0x00000000eb500000,0x00000000ebe80000)
 ParOldGen       total 210944K, used 198286K [0x00000000c0000000, 0x00000000cce00000, 0x00000000eab00000)
  object space 210944K, 93% used [0x00000000c0000000,0x00000000cc1a3938,0x00000000cce00000)
 Metaspace       used 96390K, committed 97536K, reserved 1179648K
  class space    used 9195K, committed 9664K, reserved 1048576K
}
Event: 4528.037 GC heap before
{Heap before GC invocations=7648 (full 383):
 PSYoungGen      total 20992K, used 19616K [0x00000000eab00000, 0x00000000ec900000, 0x0000000100000000)
  eden space 10240K, 100% used [0x00000000eab00000,0x00000000eb500000,0x00000000eb500000)
  from space 10752K, 87% used [0x00000000ebe80000,0x00000000ec7a8000,0x00000000ec900000)
  to   space 9728K, 0% used [0x00000000eb500000,0x00000000eb500000,0x00000000ebe80000)
 ParOldGen       total 210944K, used 198286K [0x00000000c0000000, 0x00000000cce00000, 0x00000000eab00000)
  object space 210944K, 93% used [0x00000000c0000000,0x00000000cc1a3938,0x00000000cce00000)
 Metaspace       used 96390K, committed 97536K, reserved 1179648K
  class space    used 9195K, committed 9664K, reserved 1048576K
}
Event: 4528.053 GC heap after
{Heap after GC invocations=7648 (full 383):
 PSYoungGen      total 19968K, used 8810K [0x00000000eab00000, 0x00000000ec900000, 0x0000000100000000)
  eden space 10240K, 0% used [0x00000000eab00000,0x00000000eab00000,0x00000000eb500000)
  from space 9728K, 90% used [0x00000000eb500000,0x00000000ebd9a840,0x00000000ebe80000)
  to   space 9216K, 0% used [0x00000000ec000000,0x00000000ec000000,0x00000000ec900000)
 ParOldGen       total 210944K, used 207582K [0x00000000c0000000, 0x00000000cce00000, 0x00000000eab00000)
  object space 210944K, 98% used [0x00000000c0000000,0x00000000ccab7938,0x00000000cce00000)
 Metaspace       used 96390K, committed 97536K, reserved 1179648K
  class space    used 9195K, committed 9664K, reserved 1048576K
}
Event: 4528.053 GC heap before
{Heap before GC invocations=7649 (full 384):
 PSYoungGen      total 19968K, used 8810K [0x00000000eab00000, 0x00000000ec900000, 0x0000000100000000)
  eden space 10240K, 0% used [0x00000000eab00000,0x00000000eab00000,0x00000000eb500000)
  from space 9728K, 90% used [0x00000000eb500000,0x00000000ebd9a840,0x00000000ebe80000)
  to   space 9216K, 0% used [0x00000000ec000000,0x00000000ec000000,0x00000000ec900000)
 ParOldGen       total 210944K, used 207582K [0x00000000c0000000, 0x00000000cce00000, 0x00000000eab00000)
  object space 210944K, 98% used [0x00000000c0000000,0x00000000ccab7938,0x00000000cce00000)
 Metaspace       used 96390K, committed 97536K, reserved 1179648K
  class space    used 9195K, committed 9664K, reserved 1048576K
}
Event: 4528.130 GC heap after
{Heap after GC invocations=7649 (full 384):
 PSYoungGen      total 21504K, used 0K [0x00000000eab00000, 0x00000000ec900000, 0x0000000100000000)
  eden space 12288K, 0% used [0x00000000eab00000,0x00000000eab00000,0x00000000eb700000)
  from space 9216K, 0% used [0x00000000ec000000,0x00000000ec000000,0x00000000ec900000)
  to   space 9216K, 0% used [0x00000000eb700000,0x00000000eb700000,0x00000000ec000000)
 ParOldGen       total 212480K, used 123123K [0x00000000c0000000, 0x00000000ccf80000, 0x00000000eab00000)
  object space 212480K, 57% used [0x00000000c0000000,0x00000000c783cc38,0x00000000ccf80000)
 Metaspace       used 96390K, committed 97536K, reserved 1179648K
  class space    used 9195K, committed 9664K, reserved 1048576K
}
Event: 4528.419 GC heap before
{Heap before GC invocations=7650 (full 384):
 PSYoungGen      total 21504K, used 11817K [0x00000000eab00000, 0x00000000ec900000, 0x0000000100000000)
  eden space 12288K, 96% used [0x00000000eab00000,0x00000000eb68a7f0,0x00000000eb700000)
  from space 9216K, 0% used [0x00000000ec000000,0x00000000ec000000,0x00000000ec900000)
  to   space 9216K, 0% used [0x00000000eb700000,0x00000000eb700000,0x00000000ec000000)
 ParOldGen       total 212480K, used 123123K [0x00000000c0000000, 0x00000000ccf80000, 0x00000000eab00000)
  object space 212480K, 57% used [0x00000000c0000000,0x00000000c783cc38,0x00000000ccf80000)
 Metaspace       used 96390K, committed 97536K, reserved 1179648K
  class space    used 9195K, committed 9664K, reserved 1048576K
}
Event: 4528.421 GC heap after
{Heap after GC invocations=7650 (full 384):
 PSYoungGen      total 13312K, used 832K [0x00000000eab00000, 0x00000000ec180000, 0x0000000100000000)
  eden space 12288K, 0% used [0x00000000eab00000,0x00000000eab00000,0x00000000eb700000)
  from space 1024K, 81% used [0x00000000eb700000,0x00000000eb7d0010,0x00000000eb800000)
  to   space 4096K, 0% used [0x00000000ebd80000,0x00000000ebd80000,0x00000000ec180000)
 ParOldGen       total 212480K, used 123123K [0x00000000c0000000, 0x00000000ccf80000, 0x00000000eab00000)
  object space 212480K, 57% used [0x00000000c0000000,0x00000000c783cc38,0x00000000ccf80000)
 Metaspace       used 96390K, committed 97536K, reserved 1179648K
  class space    used 9195K, committed 9664K, reserved 1048576K
}
Event: 4532.441 GC heap before
{Heap before GC invocations=7651 (full 384):
 PSYoungGen      total 13312K, used 13120K [0x00000000eab00000, 0x00000000ec180000, 0x0000000100000000)
  eden space 12288K, 100% used [0x00000000eab00000,0x00000000eb700000,0x00000000eb700000)
  from space 1024K, 81% used [0x00000000eb700000,0x00000000eb7d0010,0x00000000eb800000)
  to   space 4096K, 0% used [0x00000000ebd80000,0x00000000ebd80000,0x00000000ec180000)
 ParOldGen       total 212480K, used 123123K [0x00000000c0000000, 0x00000000ccf80000, 0x00000000eab00000)
  object space 212480K, 57% used [0x00000000c0000000,0x00000000c783cc38,0x00000000ccf80000)
 Metaspace       used 96390K, committed 97536K, reserved 1179648K
  class space    used 9195K, committed 9664K, reserved 1048576K
}
Event: 4532.443 GC heap after
{Heap after GC invocations=7651 (full 384):
 PSYoungGen      total 17408K, used 2456K [0x00000000eab00000, 0x00000000ec000000, 0x0000000100000000)
  eden space 14848K, 0% used [0x00000000eab00000,0x00000000eab00000,0x00000000eb980000)
  from space 2560K, 95% used [0x00000000ebd80000,0x00000000ebfe6180,0x00000000ec000000)
  to   space 3072K, 0% used [0x00000000eba00000,0x00000000eba00000,0x00000000ebd00000)
 ParOldGen       total 212480K, used 123791K [0x00000000c0000000, 0x00000000ccf80000, 0x00000000eab00000)
  object space 212480K, 58% used [0x00000000c0000000,0x00000000c78e3ca0,0x00000000ccf80000)
 Metaspace       used 96390K, committed 97536K, reserved 1179648K
  class space    used 9195K, committed 9664K, reserved 1048576K
}
Event: 4532.465 GC heap before
{Heap before GC invocations=7652 (full 384):
 PSYoungGen      total 17408K, used 17304K [0x00000000eab00000, 0x00000000ec000000, 0x0000000100000000)
  eden space 14848K, 100% used [0x00000000eab00000,0x00000000eb980000,0x00000000eb980000)
  from space 2560K, 95% used [0x00000000ebd80000,0x00000000ebfe6180,0x00000000ec000000)
  to   space 3072K, 0% used [0x00000000eba00000,0x00000000eba00000,0x00000000ebd00000)
 ParOldGen       total 212480K, used 123791K [0x00000000c0000000, 0x00000000ccf80000, 0x00000000eab00000)
  object space 212480K, 58% used [0x00000000c0000000,0x00000000c78e3ca0,0x00000000ccf80000)
 Metaspace       used 96390K, committed 97536K, reserved 1179648K
  class space    used 9195K, committed 9664K, reserved 1048576K
}
Event: 4532.471 GC heap after
{Heap after GC invocations=7652 (full 384):
 PSYoungGen      total 18432K, used 3061K [0x00000000eab00000, 0x00000000eda80000, 0x0000000100000000)
  eden space 15360K, 0% used [0x00000000eab00000,0x00000000eab00000,0x00000000eba00000)
  from space 3072K, 99% used [0x00000000eba00000,0x00000000ebcfd7a8,0x00000000ebd00000)
  to   space 15360K, 0% used [0x00000000ecb80000,0x00000000ecb80000,0x00000000eda80000)
 ParOldGen       total 212480K, used 133873K [0x00000000c0000000, 0x00000000ccf80000, 0x00000000eab00000)
  object space 212480K, 63% used [0x00000000c0000000,0x00000000c82bc518,0x00000000ccf80000)
 Metaspace       used 96390K, committed 97536K, reserved 1179648K
  class space    used 9195K, committed 9664K, reserved 1048576K
}
Event: 4532.491 GC heap before
{Heap before GC invocations=7653 (full 384):
 PSYoungGen      total 18432K, used 18421K [0x00000000eab00000, 0x00000000eda80000, 0x0000000100000000)
  eden space 15360K, 100% used [0x00000000eab00000,0x00000000eba00000,0x00000000eba00000)
  from space 3072K, 99% used [0x00000000eba00000,0x00000000ebcfd7a8,0x00000000ebd00000)
  to   space 15360K, 0% used [0x00000000ecb80000,0x00000000ecb80000,0x00000000eda80000)
 ParOldGen       total 212480K, used 133873K [0x00000000c0000000, 0x00000000ccf80000, 0x00000000eab00000)
  object space 212480K, 63% used [0x00000000c0000000,0x00000000c82bc518,0x00000000ccf80000)
 Metaspace       used 96390K, committed 97536K, reserved 1179648K
  class space    used 9195K, committed 9664K, reserved 1048576K
}
Event: 4532.500 GC heap after
{Heap after GC invocations=7653 (full 384):
 PSYoungGen      total 32256K, used 13546K [0x00000000eab00000, 0x00000000ed900000, 0x0000000100000000)
  eden space 18432K, 0% used [0x00000000eab00000,0x00000000eab00000,0x00000000ebd00000)
  from space 13824K, 97% used [0x00000000ecb80000,0x00000000ed8bab00,0x00000000ed900000)
  to   space 14336K, 0% used [0x00000000ebd00000,0x00000000ebd00000,0x00000000ecb00000)
 ParOldGen       total 212480K, used 136954K [0x00000000c0000000, 0x00000000ccf80000, 0x00000000eab00000)
  object space 212480K, 64% used [0x00000000c0000000,0x00000000c85beaf8,0x00000000ccf80000)
 Metaspace       used 96390K, committed 97536K, reserved 1179648K
  class space    used 9195K, committed 9664K, reserved 1048576K
}
Event: 4532.512 GC heap before
{Heap before GC invocations=7654 (full 384):
 PSYoungGen      total 32256K, used 31978K [0x00000000eab00000, 0x00000000ed900000, 0x0000000100000000)
  eden space 18432K, 100% used [0x00000000eab00000,0x00000000ebd00000,0x00000000ebd00000)
  from space 13824K, 97% used [0x00000000ecb80000,0x00000000ed8bab00,0x00000000ed900000)
  to   space 14336K, 0% used [0x00000000ebd00000,0x00000000ebd00000,0x00000000ecb00000)
 ParOldGen       total 212480K, used 136954K [0x00000000c0000000, 0x00000000ccf80000, 0x00000000eab00000)
  object space 212480K, 64% used [0x00000000c0000000,0x00000000c85beaf8,0x00000000ccf80000)
 Metaspace       used 96390K, committed 97536K, reserved 1179648K
  class space    used 9195K, committed 9664K, reserved 1048576K
}
Event: 4532.524 GC heap after
{Heap after GC invocations=7654 (full 384):
 PSYoungGen      total 32768K, used 12239K [0x00000000eab00000, 0x00000000eda00000, 0x0000000100000000)
  eden space 18432K, 0% used [0x00000000eab00000,0x00000000eab00000,0x00000000ebd00000)
  from space 14336K, 85% used [0x00000000ebd00000,0x00000000ec8f3d90,0x00000000ecb00000)
  to   space 12800K, 0% used [0x00000000ecd80000,0x00000000ecd80000,0x00000000eda00000)
 ParOldGen       total 212480K, used 144131K [0x00000000c0000000, 0x00000000ccf80000, 0x00000000eab00000)
  object space 212480K, 67% used [0x00000000c0000000,0x00000000c8cc0f08,0x00000000ccf80000)
 Metaspace       used 96390K, committed 97536K, reserved 1179648K
  class space    used 9195K, committed 9664K, reserved 1048576K
}
Event: 4532.543 GC heap before
{Heap before GC invocations=7655 (full 384):
 PSYoungGen      total 32768K, used 30671K [0x00000000eab00000, 0x00000000eda00000, 0x0000000100000000)
  eden space 18432K, 100% used [0x00000000eab00000,0x00000000ebd00000,0x00000000ebd00000)
  from space 14336K, 85% used [0x00000000ebd00000,0x00000000ec8f3d90,0x00000000ecb00000)
  to   space 12800K, 0% used [0x00000000ecd80000,0x00000000ecd80000,0x00000000eda00000)
 ParOldGen       total 212480K, used 144131K [0x00000000c0000000, 0x00000000ccf80000, 0x00000000eab00000)
  object space 212480K, 67% used [0x00000000c0000000,0x00000000c8cc0f08,0x00000000ccf80000)
 Metaspace       used 96390K, committed 97536K, reserved 1179648K
  class space    used 9195K, committed 9664K, reserved 1048576K
}
Event: 4532.547 GC heap after
{Heap after GC invocations=7655 (full 384):
 PSYoungGen      total 30720K, used 8424K [0x00000000eab00000, 0x00000000ed600000, 0x0000000100000000)
  eden space 22016K, 0% used [0x00000000eab00000,0x00000000eab00000,0x00000000ec080000)
  from space 8704K, 96% used [0x00000000ecd80000,0x00000000ed5ba3a8,0x00000000ed600000)
  to   space 10240K, 0% used [0x00000000ec200000,0x00000000ec200000,0x00000000ecc00000)
 ParOldGen       total 212480K, used 147151K [0x00000000c0000000, 0x00000000ccf80000, 0x00000000eab00000)
  object space 212480K, 69% used [0x00000000c0000000,0x00000000c8fb3f90,0x00000000ccf80000)
 Metaspace       used 96390K, committed 97536K, reserved 1179648K
  class space    used 9195K, committed 9664K, reserved 1048576K
}
Event: 4534.003 GC heap before
{Heap before GC invocations=7656 (full 384):
 PSYoungGen      total 30720K, used 30440K [0x00000000eab00000, 0x00000000ed600000, 0x0000000100000000)
  eden space 22016K, 100% used [0x00000000eab00000,0x00000000ec080000,0x00000000ec080000)
  from space 8704K, 96% used [0x00000000ecd80000,0x00000000ed5ba3a8,0x00000000ed600000)
  to   space 10240K, 0% used [0x00000000ec200000,0x00000000ec200000,0x00000000ecc00000)
 ParOldGen       total 212480K, used 147151K [0x00000000c0000000, 0x00000000ccf80000, 0x00000000eab00000)
  object space 212480K, 69% used [0x00000000c0000000,0x00000000c8fb3f90,0x00000000ccf80000)
 Metaspace       used 96390K, committed 97536K, reserved 1179648K
  class space    used 9195K, committed 9664K, reserved 1048576K
}
Event: 4534.006 GC heap after
{Heap after GC invocations=7656 (full 384):
 PSYoungGen      total 24576K, used 777K [0x00000000eab00000, 0x00000000ece00000, 0x0000000100000000)
  eden space 23552K, 0% used [0x00000000eab00000,0x00000000eab00000,0x00000000ec200000)
  from space 1024K, 75% used [0x00000000ec200000,0x00000000ec2c2400,0x00000000ec300000)
  to   space 4096K, 0% used [0x00000000eca00000,0x00000000eca00000,0x00000000ece00000)
 ParOldGen       total 212480K, used 147255K [0x00000000c0000000, 0x00000000ccf80000, 0x00000000eab00000)
  object space 212480K, 69% used [0x00000000c0000000,0x00000000c8fcdf90,0x00000000ccf80000)
 Metaspace       used 96390K, committed 97536K, reserved 1179648K
  class space    used 9195K, committed 9664K, reserved 1048576K
}

Dll operation events (10 events):
Event: 0.002 Loaded shared library /home/farhad/.vscode/extensions/redhat.java-1.20.0-linux-x64/jre/17.0.7-linux-x86_64/lib/libjava.so
Event: 0.109 Loaded shared library /home/farhad/.vscode/extensions/redhat.java-1.20.0-linux-x64/jre/17.0.7-linux-x86_64/lib/libzip.so
Event: 0.110 Loaded shared library /home/farhad/.vscode/extensions/redhat.java-1.20.0-linux-x64/jre/17.0.7-linux-x86_64/lib/libinstrument.so
Event: 0.115 Loaded shared library /home/farhad/.vscode/extensions/redhat.java-1.20.0-linux-x64/jre/17.0.7-linux-x86_64/lib/libnio.so
Event: 0.123 Loaded shared library /home/farhad/.vscode/extensions/redhat.java-1.20.0-linux-x64/jre/17.0.7-linux-x86_64/lib/libzip.so
Event: 0.134 Loaded shared library /home/farhad/.vscode/extensions/redhat.java-1.20.0-linux-x64/jre/17.0.7-linux-x86_64/lib/libjimage.so
Event: 0.161 Loaded shared library /home/farhad/.vscode/extensions/redhat.java-1.20.0-linux-x64/jre/17.0.7-linux-x86_64/lib/libverify.so
Event: 0.644 Loaded shared library /home/farhad/.vscode/extensions/redhat.java-1.20.0-linux-x64/jre/17.0.7-linux-x86_64/lib/libnet.so
Event: 0.938 Loaded shared library /home/farhad/.config/Code/User/globalStorage/redhat.java/1.20.0/config_linux/org.eclipse.equinox.launcher/org.eclipse.equinox.launcher.gtk.linux.x86_64_1.2.700.v20221108-1024/eclipse_11801.so
Event: 26.082 Loaded shared library /home/farhad/.vscode/extensions/redhat.java-1.20.0-linux-x64/jre/17.0.7-linux-x86_64/lib/libextnet.so

Deoptimization events (20 events):
Event: 4526.159 Thread 0x00007f9d8c01aac0 DEOPT PACKING pc=0x00007f9ea67cc32c sp=0x00007f9dcbdfdb00
Event: 4526.159 Thread 0x00007f9d8c01aac0 DEOPT UNPACKING pc=0x00007f9ea44b5399 sp=0x00007f9dcbdfda28 mode 2
Event: 4526.513 Thread 0x00007f9dc00b9a80 DEOPT PACKING pc=0x00007f9e9edf3814 sp=0x00007f9dcb4fd050
Event: 4526.513 Thread 0x00007f9dc00b9a80 DEOPT UNPACKING pc=0x00007f9ea44b5b2f sp=0x00007f9dcb4fc590 mode 0
Event: 4527.686 Thread 0x00007f9ddc0b46a0 DEOPT PACKING pc=0x00007f9e9edf3814 sp=0x00007f9e80209a70
Event: 4527.686 Thread 0x00007f9ddc0b46a0 DEOPT UNPACKING pc=0x00007f9ea44b5b2f sp=0x00007f9e80208fb0 mode 0
Event: 4527.993 Thread 0x00007f9d8c01aac0 DEOPT PACKING pc=0x00007f9e9edf38e1 sp=0x00007f9dcbdfd5a0
Event: 4527.993 Thread 0x00007f9d8c01aac0 DEOPT UNPACKING pc=0x00007f9ea44b5b2f sp=0x00007f9dcbdfcae8 mode 0
Event: 4532.505 Thread 0x00007f9d8c01aac0 DEOPT PACKING pc=0x00007f9e9edf383f sp=0x00007f9dcbdfd5a0
Event: 4532.505 Thread 0x00007f9d8c01aac0 DEOPT UNPACKING pc=0x00007f9ea44b5b2f sp=0x00007f9dcbdfcad8 mode 0
Event: 4533.725 Thread 0x00007f9dc00b9a80 Uncommon trap: trap_request=0xffffff45 fr.pc=0x00007f9ea67ff798 relative=0x0000000000001178
Event: 4533.725 Thread 0x00007f9dc00b9a80 Uncommon trap: reason=unstable_if action=reinterpret pc=0x00007f9ea67ff798 method=org.eclipse.jdt.core.dom.DefaultBindingResolver.resolveExpressionType(Lorg/eclipse/jdt/core/dom/Expression;)Lorg/eclipse/jdt/core/dom/ITypeBinding; @ 4 c2
Event: 4533.725 Thread 0x00007f9dc00b9a80 DEOPT PACKING pc=0x00007f9ea67ff798 sp=0x00007f9dcb4fdf40
Event: 4533.725 Thread 0x00007f9dc00b9a80 DEOPT UNPACKING pc=0x00007f9ea44b5399 sp=0x00007f9dcb4fded0 mode 2
Event: 4534.016 Thread 0x00007f9dc00b9a80 Uncommon trap: trap_request=0xffffffde fr.pc=0x00007f9ea515be94 relative=0x00000000000001d4
Event: 4534.016 Thread 0x00007f9dc00b9a80 Uncommon trap: reason=class_check action=maybe_recompile pc=0x00007f9ea515be94 method=org.eclipse.jdt.internal.corext.fix.VariableDeclarationFixCore.canAddFinal(Lorg/eclipse/jdt/core/dom/IBinding;Lorg/eclipse/jdt/core/dom/ASTNode;)Z @ 122 c2
Event: 4534.016 Thread 0x00007f9dc00b9a80 DEOPT PACKING pc=0x00007f9ea515be94 sp=0x00007f9dcb4fda80
Event: 4534.016 Thread 0x00007f9dc00b9a80 DEOPT UNPACKING pc=0x00007f9ea44b5399 sp=0x00007f9dcb4fda28 mode 2
Event: 4534.409 Thread 0x00007f9dc00b9a80 DEOPT PACKING pc=0x00007f9e9edf3814 sp=0x00007f9dcb4fd0f0
Event: 4534.409 Thread 0x00007f9dc00b9a80 DEOPT UNPACKING pc=0x00007f9ea44b5b2f sp=0x00007f9dcb4fc630 mode 0

Classes unloaded (20 events):
Event: 4526.042 Thread 0x00007f9eac27c360 Unloading class 0x00000001001a1000 'jdk/internal/reflect/GeneratedMethodAccessor81'
Event: 4526.042 Thread 0x00007f9eac27c360 Unloading class 0x00000001001a2000 'jdk/internal/reflect/GeneratedMethodAccessor80'
Event: 4526.042 Thread 0x00007f9eac27c360 Unloading class 0x00000001001a2800 'jdk/internal/reflect/GeneratedMethodAccessor79'
Event: 4526.042 Thread 0x00007f9eac27c360 Unloading class 0x000000010023b800 'jdk/internal/reflect/GeneratedMethodAccessor78'
Event: 4526.042 Thread 0x00007f9eac27c360 Unloading class 0x00000001002a8000 'jdk/internal/reflect/GeneratedMethodAccessor77'
Event: 4526.042 Thread 0x00007f9eac27c360 Unloading class 0x00000001002a8c00 'jdk/internal/reflect/GeneratedMethodAccessor76'
Event: 4526.042 Thread 0x00007f9eac27c360 Unloading class 0x00000001002ab000 'jdk/internal/reflect/GeneratedConstructorAccessor85'
Event: 4526.042 Thread 0x00007f9eac27c360 Unloading class 0x00000001002ae400 'jdk/internal/reflect/GeneratedConstructorAccessor84'
Event: 4526.042 Thread 0x00007f9eac27c360 Unloading class 0x00000001002aec00 'jdk/internal/reflect/GeneratedConstructorAccessor83'
Event: 4526.042 Thread 0x00007f9eac27c360 Unloading class 0x0000000100386000 'jdk/internal/reflect/GeneratedMethodAccessor71'
Event: 4526.042 Thread 0x00007f9eac27c360 Unloading class 0x0000000100301000 'jdk/internal/reflect/GeneratedMethodAccessor70'
Event: 4526.042 Thread 0x00007f9eac27c360 Unloading class 0x00000001006cd000 'jdk/internal/reflect/GeneratedMethodAccessor69'
Event: 4526.042 Thread 0x00007f9eac27c360 Unloading class 0x00000001007c4c00 'jdk/internal/reflect/GeneratedMethodAccessor68'
Event: 4526.042 Thread 0x00007f9eac27c360 Unloading class 0x00000001007c8400 'jdk/internal/reflect/GeneratedMethodAccessor67'
Event: 4526.042 Thread 0x00007f9eac27c360 Unloading class 0x0000000100838800 'jdk/internal/reflect/GeneratedMethodAccessor66'
Event: 4526.042 Thread 0x00007f9eac27c360 Unloading class 0x000000010097c800 'jdk/internal/reflect/GeneratedMethodAccessor61'
Event: 4526.042 Thread 0x00007f9eac27c360 Unloading class 0x0000000100930000 'jdk/internal/reflect/GeneratedConstructorAccessor64'
Event: 4526.042 Thread 0x00007f9eac27c360 Unloading class 0x00000001007c4800 'jdk/internal/reflect/GeneratedMethodAccessor32'
Event: 4526.042 Thread 0x00007f9eac27c360 Unloading class 0x00000001007b0800 'jdk/internal/reflect/GeneratedMethodAccessor26'
Event: 4526.042 Thread 0x00007f9eac27c360 Unloading class 0x00000001006c0000 'jdk/internal/reflect/GeneratedConstructorAccessor16'

Classes redefined (0 events):
No events

Internal exceptions (20 events):
Event: 3625.462 Thread 0x00007f9ddc2300c0 Implicit null exception at 0x00007f9e9f050c4f to 0x00007f9e9f051f6c
Event: 3625.462 Thread 0x00007f9ddc2300c0 Exception <a 'java/lang/NullPointerException'{0x00000000eafd2588}> (0x00000000eafd2588) 
thrown [src/hotspot/share/runtime/sharedRuntime.cpp, line 628]
Event: 3625.462 Thread 0x00007f9ddc2300c0 Implicit null exception at 0x00007f9e9f050c4f to 0x00007f9e9f051f6c
Event: 3625.462 Thread 0x00007f9ddc2300c0 Exception <a 'java/lang/NullPointerException'{0x00000000eafeb290}> (0x00000000eafeb290) 
thrown [src/hotspot/share/runtime/sharedRuntime.cpp, line 628]
Event: 4517.927 Thread 0x00007f9d840b6650 Implicit null exception at 0x00007f9e9f050c4f to 0x00007f9e9f051f6c
Event: 4517.927 Thread 0x00007f9d840b6650 Exception <a 'java/lang/NullPointerException'{0x00000000eaf3fc30}> (0x00000000eaf3fc30) 
thrown [src/hotspot/share/runtime/sharedRuntime.cpp, line 628]
Event: 4517.927 Thread 0x00007f9d840b6650 Implicit null exception at 0x00007f9e9f050c4f to 0x00007f9e9f051f6c
Event: 4517.927 Thread 0x00007f9d840b6650 Exception <a 'java/lang/NullPointerException'{0x00000000eaf953a8}> (0x00000000eaf953a8) 
thrown [src/hotspot/share/runtime/sharedRuntime.cpp, line 628]
Event: 4517.927 Thread 0x00007f9d840b6650 Implicit null exception at 0x00007f9e9f050c4f to 0x00007f9e9f051f6c
Event: 4517.927 Thread 0x00007f9d840b6650 Exception <a 'java/lang/NullPointerException'{0x00000000eaf9ebe0}> (0x00000000eaf9ebe0) 
thrown [src/hotspot/share/runtime/sharedRuntime.cpp, line 628]
Event: 4517.927 Thread 0x00007f9d840b6650 Implicit null exception at 0x00007f9e9f050c4f to 0x00007f9e9f051f6c
Event: 4517.927 Thread 0x00007f9d840b6650 Exception <a 'java/lang/NullPointerException'{0x00000000eafbda50}> (0x00000000eafbda50) 
thrown [src/hotspot/share/runtime/sharedRuntime.cpp, line 628]
Event: 4517.928 Thread 0x00007f9ddc182190 Implicit null exception at 0x00007f9e9f050c4f to 0x00007f9e9f051f6c
Event: 4517.928 Thread 0x00007f9ddc182190 Exception <a 'java/lang/NullPointerException'{0x00000000eafffb40}> (0x00000000eafffb40) 
thrown [src/hotspot/share/runtime/sharedRuntime.cpp, line 628]
Event: 4517.928 Thread 0x00007f9ddc182190 Implicit null exception at 0x00007f9e9f050c4f to 0x00007f9e9f051f6c
Event: 4517.928 Thread 0x00007f9ddc182190 Exception <a 'java/lang/NullPointerException'{0x00000000eb0c84b0}> (0x00000000eb0c84b0) 
thrown [src/hotspot/share/runtime/sharedRuntime.cpp, line 628]
Event: 4517.928 Thread 0x00007f9ddc182190 Implicit null exception at 0x00007f9e9f050c4f to 0x00007f9e9f051f6c
Event: 4517.928 Thread 0x00007f9ddc182190 Exception <a 'java/lang/NullPointerException'{0x00000000eb0d1ce8}> (0x00000000eb0d1ce8) 
thrown [src/hotspot/share/runtime/sharedRuntime.cpp, line 628]
Event: 4517.928 Thread 0x00007f9ddc182190 Implicit null exception at 0x00007f9e9f050c4f to 0x00007f9e9f051f6c
Event: 4517.928 Thread 0x00007f9ddc182190 Exception <a 'java/lang/NullPointerException'{0x00000000eb0dacf0}> (0x00000000eb0dacf0) 
thrown [src/hotspot/share/runtime/sharedRuntime.cpp, line 628]

VM Operations (20 events):
Event: 4528.037 Executing VM operation: ParallelGCFailedAllocation
Event: 4528.130 Executing VM operation: ParallelGCFailedAllocation done
Event: 4528.419 Executing VM operation: ParallelGCFailedAllocation
Event: 4528.421 Executing VM operation: ParallelGCFailedAllocation done
Event: 4529.421 Executing VM operation: Cleanup
Event: 4529.421 Executing VM operation: Cleanup done
Event: 4532.440 Executing VM operation: ParallelGCFailedAllocation
Event: 4532.443 Executing VM operation: ParallelGCFailedAllocation done
Event: 4532.465 Executing VM operation: ParallelGCFailedAllocation
Event: 4532.471 Executing VM operation: ParallelGCFailedAllocation done
Event: 4532.490 Executing VM operation: ParallelGCFailedAllocation
Event: 4532.500 Executing VM operation: ParallelGCFailedAllocation done
Event: 4532.512 Executing VM operation: ParallelGCFailedAllocation
Event: 4532.525 Executing VM operation: ParallelGCFailedAllocation done
Event: 4532.542 Executing VM operation: ParallelGCFailedAllocation
Event: 4532.547 Executing VM operation: ParallelGCFailedAllocation done
Event: 4533.547 Executing VM operation: Cleanup
Event: 4533.547 Executing VM operation: Cleanup done
Event: 4534.003 Executing VM operation: ParallelGCFailedAllocation
Event: 4534.006 Executing VM operation: ParallelGCFailedAllocation done

Events (20 events):
Event: 4521.323 Thread 0x00007f9eac2be640 flushing nmethod 0x00007f9e9eebff90
Event: 4521.324 Thread 0x00007f9eac2be640 flushing nmethod 0x00007f9e9f024f90
Event: 4521.324 Thread 0x00007f9eac2be640 flushing nmethod 0x00007f9e9f034b10
Event: 4521.324 Thread 0x00007f9eac2be640 flushing nmethod 0x00007f9e9f047690
Event: 4521.324 Thread 0x00007f9eac2be640 flushing nmethod 0x00007f9e9f0f4910
Event: 4521.324 Thread 0x00007f9eac2be640 flushing nmethod 0x00007f9e9f10e090
Event: 4521.325 Thread 0x00007f9eac2be640 flushing nmethod 0x00007f9e9f194090
Event: 4521.325 Thread 0x00007f9eac2be640 flushing nmethod 0x00007f9e9f271010
Event: 4521.326 Thread 0x00007f9eac2be640 flushing nmethod 0x00007f9e9f3b8190
Event: 4521.326 Thread 0x00007f9eac2be640 flushing nmethod 0x00007f9e9f4f1290
Event: 4521.330 Thread 0x00007f9eac2be640 flushing nmethod 0x00007f9e9faae090
Event: 4521.331 Thread 0x00007f9eac2be640 flushing nmethod 0x00007f9e9fd55410
Event: 4521.758 Thread 0x00007f9dc00bd350 Thread added: 0x00007f9dc00bd350
Event: 4521.758 Protecting memory [0x00007f9dcbb00000,0x00007f9dcbb04000] with protection modes 0
Event: 4526.128 Thread 0x00007f9dc00b9a80 Thread added: 0x00007f9dc00b9a80
Event: 4526.128 Protecting memory [0x00007f9dcb400000,0x00007f9dcb404000] with protection modes 0
Event: 4533.963 Thread 0x00007f9d940233d0 Thread added: 0x00007f9d940233d0
Event: 4533.963 Protecting memory [0x00007f9dcb500000,0x00007f9dcb504000] with protection modes 0
Event: 4534.377 Thread 0x00007f9d9401d220 Thread added: 0x00007f9d9401d220
Event: 4534.377 Protecting memory [0x00007f9dcb600000,0x00007f9dcb604000] with protection modes 0


Dynamic libraries:
c0000000-ccf80000 rw-p 00000000 00:00 0 
ccf80000-eab00000 ---p 00000000 00:00 0 
eab00000-ecb80000 rw-p 00000000 00:00 0 
ecb80000-100000000 ---p 00000000 00:00 0 
100000000-100020000 rw-p 00000000 00:00 0 
100020000-100040000 rw-p 00000000 00:00 0 
100040000-1000c0000 rw-p 00000000 00:00 0 
1000c0000-1000e0000 rw-p 00000000 00:00 0 
1000e0000-100140000 rw-p 00000000 00:00 0 
100140000-1001c0000 rw-p 00000000 00:00 0 
1001c0000-100200000 rw-p 00000000 00:00 0 
100200000-1002c0000 rw-p 00000000 00:00 0 
1002c0000-100300000 rw-p 00000000 00:00 0 
100300000-100580000 rw-p 00000000 00:00 0 
100580000-1008c0000 rw-p 00000000 00:00 0 
1008c0000-1008e0000 rw-p 00000000 00:00 0 
1008e0000-100900000 ---p 00000000 00:00 0 
100900000-100990000 rw-p 00000000 00:00 0 
100990000-140000000 ---p 00000000 00:00 0 
55b9b7c29000-55b9b7c2a000 r--p 00000000 103:02 7090538                   /home/farhad/.vscode/extensions/redhat.java-1.20.0-linux-x64/jre/17.0.7-linux-x86_64/bin/java
55b9b7c2a000-55b9b7c2b000 r-xp 00001000 103:02 7090538                   /home/farhad/.vscode/extensions/redhat.java-1.20.0-linux-x64/jre/17.0.7-linux-x86_64/bin/java
55b9b7c2b000-55b9b7c2c000 r--p 00002000 103:02 7090538                   /home/farhad/.vscode/extensions/redhat.java-1.20.0-linux-x64/jre/17.0.7-linux-x86_64/bin/java
55b9b7c2c000-55b9b7c2d000 r--p 00002000 103:02 7090538                   /home/farhad/.vscode/extensions/redhat.java-1.20.0-linux-x64/jre/17.0.7-linux-x86_64/bin/java
55b9b7c2d000-55b9b7c2e000 rw-p 00003000 103:02 7090538                   /home/farhad/.vscode/extensions/redhat.java-1.20.0-linux-x64/jre/17.0.7-linux-x86_64/bin/java
55b9b7cd2000-55b9b7d1a000 rw-p 00000000 00:00 0                          [heap]
7f9d48000000-7f9d486ed000 rw-p 00000000 00:00 0 
7f9d486ed000-7f9d4c000000 ---p 00000000 00:00 0 
7f9d4c000000-7f9d4c021000 rw-p 00000000 00:00 0 
7f9d4c021000-7f9d50000000 ---p 00000000 00:00 0 
7f9d50000000-7f9d502c0000 rw-p 00000000 00:00 0 
7f9d502c0000-7f9d50300000 rw-p 00000000 00:00 0 
7f9d50300000-7f9d50500000 rw-p 00000000 00:00 0 
7f9d50500000-7f9d50580000 rw-p 00000000 00:00 0 
7f9d50580000-7f9d50600000 rw-p 00000000 00:00 0 
7f9d50600000-7f9d50700000 rw-p 00000000 00:00 0 
7f9d50700000-7f9d50800000 rw-p 00000000 00:00 0 
7f9d50800000-7f9d50f00000 rw-p 00000000 00:00 0 
7f9d50f00000-7f9d50fb0000 rw-p 00000000 00:00 0 
7f9d50fb0000-7f9d51000000 ---p 00000000 00:00 0 
7f9d51000000-7f9d51620000 rw-p 00000000 00:00 0 
7f9d51620000-7f9d54000000 ---p 00000000 00:00 0 
7f9d54000000-7f9d5402c000 rw-p 00000000 00:00 0 
7f9d5402c000-7f9d58000000 ---p 00000000 00:00 0 
7f9d58000000-7f9d58021000 rw-p 00000000 00:00 0 
7f9d58021000-7f9d5c000000 ---p 00000000 00:00 0 
7f9d5c000000-7f9d5c021000 rw-p 00000000 00:00 0 
7f9d5c021000-7f9d60000000 ---p 00000000 00:00 0 
7f9d60000000-7f9d60021000 rw-p 00000000 00:00 0 
7f9d60021000-7f9d64000000 ---p 00000000 00:00 0 
7f9d64000000-7f9d64021000 rw-p 00000000 00:00 0 
7f9d64021000-7f9d68000000 ---p 00000000 00:00 0 
7f9d68000000-7f9d68021000 rw-p 00000000 00:00 0 
7f9d68021000-7f9d6c000000 ---p 00000000 00:00 0 
7f9d6c000000-7f9d6c021000 rw-p 00000000 00:00 0 
7f9d6c021000-7f9d70000000 ---p 00000000 00:00 0 
7f9d70000000-7f9d71350000 rw-p 00000000 00:00 0 
7f9d71350000-7f9d74000000 ---p 00000000 00:00 0 
7f9d74000000-7f9d74b54000 rw-p 00000000 00:00 0 
7f9d74b54000-7f9d78000000 ---p 00000000 00:00 0 
7f9d78000000-7f9d78023000 rw-p 00000000 00:00 0 
7f9d78023000-7f9d7c000000 ---p 00000000 00:00 0 
7f9d7c000000-7f9d7dc6c000 rw-p 00000000 00:00 0 
7f9d7dc6c000-7f9d80000000 ---p 00000000 00:00 0 
7f9d80000000-7f9d80024000 rw-p 00000000 00:00 0 
7f9d80024000-7f9d84000000 ---p 00000000 00:00 0 
7f9d84000000-7f9d840f0000 rw-p 00000000 00:00 0 
7f9d840f0000-7f9d88000000 ---p 00000000 00:00 0 
7f9d88000000-7f9d892f3000 rw-p 00000000 00:00 0 
7f9d892f3000-7f9d8c000000 ---p 00000000 00:00 0 
7f9d8c000000-7f9d8c034000 rw-p 00000000 00:00 0 
7f9d8c034000-7f9d90000000 ---p 00000000 00:00 0 
7f9d90000000-7f9d900e3000 rw-p 00000000 00:00 0 
7f9d900e3000-7f9d94000000 ---p 00000000 00:00 0 
7f9d94000000-7f9d9405c000 rw-p 00000000 00:00 0 
7f9d9405c000-7f9d98000000 ---p 00000000 00:00 0 
7f9d98000000-7f9d9804d000 rw-p 00000000 00:00 0 
7f9d9804d000-7f9d9c000000 ---p 00000000 00:00 0 
7f9d9c000000-7f9d9c04c000 rw-p 00000000 00:00 0 
7f9d9c04c000-7f9da0000000 ---p 00000000 00:00 0 
7f9da0000000-7f9da0078000 rw-p 00000000 00:00 0 
7f9da0078000-7f9da4000000 ---p 00000000 00:00 0 
7f9da4000000-7f9da4073000 rw-p 00000000 00:00 0 
7f9da4073000-7f9da8000000 ---p 00000000 00:00 0 
7f9da8000000-7f9da804c000 rw-p 00000000 00:00 0 
7f9da804c000-7f9dac000000 ---p 00000000 00:00 0 
7f9dac000000-7f9dac04b000 rw-p 00000000 00:00 0 
7f9dac04b000-7f9db0000000 ---p 00000000 00:00 0 
7f9db0000000-7f9db00d7000 rw-p 00000000 00:00 0 
7f9db00d7000-7f9db4000000 ---p 00000000 00:00 0 
7f9db4000000-7f9db4021000 rw-p 00000000 00:00 0 
7f9db4021000-7f9db8000000 ---p 00000000 00:00 0 
7f9db8000000-7f9db8125000 rw-p 00000000 00:00 0 
7f9db8125000-7f9dbc000000 ---p 00000000 00:00 0 
7f9dbc000000-7f9dbc335000 rw-p 00000000 00:00 0 
7f9dbc335000-7f9dc0000000 ---p 00000000 00:00 0 
7f9dc0000000-7f9dc013b000 rw-p 00000000 00:00 0 
7f9dc013b000-7f9dc4000000 ---p 00000000 00:00 0 
7f9dc4000000-7f9dc409d000 rw-p 00000000 00:00 0 
7f9dc409d000-7f9dc8000000 ---p 00000000 00:00 0 
7f9dca200000-7f9dca204000 ---p 00000000 00:00 0 
7f9dca204000-7f9dca300000 rw-p 00000000 00:00 0 
7f9dca400000-7f9dca404000 ---p 00000000 00:00 0 
7f9dca404000-7f9dca500000 rw-p 00000000 00:00 0 
7f9dca500000-7f9dca504000 ---p 00000000 00:00 0 
7f9dca504000-7f9dca600000 rw-p 00000000 00:00 0 
7f9dca600000-7f9dca604000 ---p 00000000 00:00 0 
7f9dca604000-7f9dca700000 rw-p 00000000 00:00 0 
7f9dca700000-7f9dca704000 ---p 00000000 00:00 0 
7f9dca704000-7f9dca800000 rw-p 00000000 00:00 0 
7f9dca800000-7f9dca804000 ---p 00000000 00:00 0 
7f9dca804000-7f9dca900000 rw-p 00000000 00:00 0 
7f9dca900000-7f9dca904000 ---p 00000000 00:00 0 
7f9dca904000-7f9dcaa00000 rw-p 00000000 00:00 0 
7f9dcaa00000-7f9dcaa04000 ---p 00000000 00:00 0 
7f9dcaa04000-7f9dcab00000 rw-p 00000000 00:00 0 
7f9dcab00000-7f9dcab04000 ---p 00000000 00:00 0 
7f9dcab04000-7f9dcac00000 rw-p 00000000 00:00 0 
7f9dcac00000-7f9dcac04000 ---p 00000000 00:00 0 
7f9dcac04000-7f9dcad00000 rw-p 00000000 00:00 0 
7f9dcad00000-7f9dcad04000 ---p 00000000 00:00 0 
7f9dcad04000-7f9dcae00000 rw-p 00000000 00:00 0 
7f9dcae00000-7f9dcae04000 ---p 00000000 00:00 0 
7f9dcae04000-7f9dcaf00000 rw-p 00000000 00:00 0 
7f9dcaf00000-7f9dcaf04000 ---p 00000000 00:00 0 
7f9dcaf04000-7f9dcb000000 rw-p 00000000 00:00 0 
7f9dcb000000-7f9dcb004000 ---p 00000000 00:00 0 
7f9dcb004000-7f9dcb100000 rw-p 00000000 00:00 0 
7f9dcb100000-7f9dcb104000 ---p 00000000 00:00 0 
7f9dcb104000-7f9dcb200000 rw-p 00000000 00:00 0 
7f9dcb200000-7f9dcb204000 ---p 00000000 00:00 0 
7f9dcb204000-7f9dcb300000 rw-p 00000000 00:00 0 
7f9dcb300000-7f9dcb304000 ---p 00000000 00:00 0 
7f9dcb304000-7f9dcb400000 rw-p 00000000 00:00 0 
7f9dcb400000-7f9dcb404000 ---p 00000000 00:00 0 
7f9dcb404000-7f9dcb500000 rw-p 00000000 00:00 0 
7f9dcb500000-7f9dcb504000 ---p 00000000 00:00 0 
7f9dcb504000-7f9dcb600000 rw-p 00000000 00:00 0 
7f9dcb600000-7f9dcb604000 ---p 00000000 00:00 0 
7f9dcb604000-7f9dcb700000 rw-p 00000000 00:00 0 
7f9dcb700000-7f9dcb704000 ---p 00000000 00:00 0 
7f9dcb704000-7f9dcb800000 rw-p 00000000 00:00 0 
7f9dcb800000-7f9dcb804000 ---p 00000000 00:00 0 
7f9dcb804000-7f9dcb900000 rw-p 00000000 00:00 0 
7f9dcb900000-7f9dcb904000 ---p 00000000 00:00 0 
7f9dcb904000-7f9dcba00000 rw-p 00000000 00:00 0 
7f9dcba00000-7f9dcba04000 ---p 00000000 00:00 0 
7f9dcba04000-7f9dcbb00000 rw-p 00000000 00:00 0 
7f9dcbb00000-7f9dcbb04000 ---p 00000000 00:00 0 
7f9dcbb04000-7f9dcbc00000 rw-p 00000000 00:00 0 
7f9dcbc00000-7f9dcbc04000 ---p 00000000 00:00 0 
7f9dcbc04000-7f9dcbd00000 rw-p 00000000 00:00 0 
7f9dcbd00000-7f9dcbd04000 ---p 00000000 00:00 0 
7f9dcbd04000-7f9dcbe00000 rw-p 00000000 00:00 0 
7f9dcbe00000-7f9dcbe04000 ---p 00000000 00:00 0 
7f9dcbe04000-7f9dcbf00000 rw-p 00000000 00:00 0 
7f9dcbf00000-7f9dcbf04000 ---p 00000000 00:00 0 
7f9dcbf04000-7f9dcc000000 rw-p 00000000 00:00 0 
7f9dcc000000-7f9dccb27000 rw-p 00000000 00:00 0 
7f9dccb27000-7f9dd0000000 ---p 00000000 00:00 0 
7f9dd0000000-7f9dd05ad000 rw-p 00000000 00:00 0 
7f9dd05ad000-7f9dd4000000 ---p 00000000 00:00 0 
7f9dd4000000-7f9dd54ee000 rw-p 00000000 00:00 0 
7f9dd54ee000-7f9dd8000000 ---p 00000000 00:00 0 
7f9dd8000000-7f9dd9e4c000 rw-p 00000000 00:00 0 
7f9dd9e4c000-7f9ddc000000 ---p 00000000 00:00 0 
7f9ddc000000-7f9ddc8bf000 rw-p 00000000 00:00 0 
7f9ddc8bf000-7f9de0000000 ---p 00000000 00:00 0 
7f9de0000000-7f9de2634000 rw-p 00000000 00:00 0 
7f9de2634000-7f9de4000000 ---p 00000000 00:00 0 
7f9de4000000-7f9de4021000 rw-p 00000000 00:00 0 
7f9de4021000-7f9de8000000 ---p 00000000 00:00 0 
7f9de8000000-7f9de8021000 rw-p 00000000 00:00 0 
7f9de8021000-7f9dec000000 ---p 00000000 00:00 0 
7f9dec000000-7f9decab1000 rw-p 00000000 00:00 0 
7f9decab1000-7f9df0000000 ---p 00000000 00:00 0 
7f9df0000000-7f9df0047000 rw-p 00000000 00:00 0 
7f9df0047000-7f9df4000000 ---p 00000000 00:00 0 
7f9df4000000-7f9df5743000 rw-p 00000000 00:00 0 
7f9df5743000-7f9df8000000 ---p 00000000 00:00 0 
7f9df8000000-7f9df8030000 rw-p 00000000 00:00 0 
7f9df8030000-7f9dfc000000 ---p 00000000 00:00 0 
7f9dfc000000-7f9dfc021000 rw-p 00000000 00:00 0 
7f9dfc021000-7f9e00000000 ---p 00000000 00:00 0 
7f9e00000000-7f9e01d2d000 rw-p 00000000 00:00 0 
7f9e01d2d000-7f9e04000000 ---p 00000000 00:00 0 
7f9e04000000-7f9e0402b000 rw-p 00000000 00:00 0 
7f9e0402b000-7f9e08000000 ---p 00000000 00:00 0 
7f9e08000000-7f9e08022000 rw-p 00000000 00:00 0 
7f9e08022000-7f9e0c000000 ---p 00000000 00:00 0 
7f9e0c000000-7f9e0c021000 rw-p 00000000 00:00 0 
7f9e0c021000-7f9e10000000 ---p 00000000 00:00 0 
7f9e10000000-7f9e1002e000 rw-p 00000000 00:00 0 
7f9e1002e000-7f9e14000000 ---p 00000000 00:00 0 
7f9e14000000-7f9e14029000 rw-p 00000000 00:00 0 
7f9e14029000-7f9e18000000 ---p 00000000 00:00 0 
7f9e18000000-7f9e192b6000 rw-p 00000000 00:00 0 
7f9e192b6000-7f9e1c000000 ---p 00000000 00:00 0 
7f9e1c000000-7f9e1c021000 rw-p 00000000 00:00 0 
7f9e1c021000-7f9e20000000 ---p 00000000 00:00 0 
7f9e20000000-7f9e20021000 rw-p 00000000 00:00 0 
7f9e20021000-7f9e24000000 ---p 00000000 00:00 0 
7f9e24000000-7f9e24024000 rw-p 00000000 00:00 0 
7f9e24024000-7f9e28000000 ---p 00000000 00:00 0 
7f9e28000000-7f9e28a1a000 rw-p 00000000 00:00 0 
7f9e28a1a000-7f9e2c000000 ---p 00000000 00:00 0 
7f9e2c000000-7f9e2c034000 rw-p 00000000 00:00 0 
7f9e2c034000-7f9e30000000 ---p 00000000 00:00 0 
7f9e30000000-7f9e30021000 rw-p 00000000 00:00 0 
7f9e30021000-7f9e34000000 ---p 00000000 00:00 0 
7f9e34000000-7f9e340ce000 rw-p 00000000 00:00 0 
7f9e340ce000-7f9e38000000 ---p 00000000 00:00 0 
7f9e38000000-7f9e38029000 rw-p 00000000 00:00 0 
7f9e38029000-7f9e3c000000 ---p 00000000 00:00 0 
7f9e3c000000-7f9e3c09a000 rw-p 00000000 00:00 0 
7f9e3c09a000-7f9e40000000 ---p 00000000 00:00 0 
7f9e40000000-7f9e406cd000 rw-p 00000000 00:00 0 
7f9e406cd000-7f9e44000000 ---p 00000000 00:00 0 
7f9e44000000-7f9e45fd4000 rw-p 00000000 00:00 0 
7f9e45fd4000-7f9e48000000 ---p 00000000 00:00 0 
7f9e48000000-7f9e481e2000 rw-p 00000000 00:00 0 
7f9e481e2000-7f9e4c000000 ---p 00000000 00:00 0 
7f9e4c000000-7f9e4c021000 rw-p 00000000 00:00 0 
7f9e4c021000-7f9e50000000 ---p 00000000 00:00 0 
7f9e50000000-7f9e50021000 rw-p 00000000 00:00 0 
7f9e50021000-7f9e54000000 ---p 00000000 00:00 0 
7f9e54000000-7f9e55ce8000 rw-p 00000000 00:00 0 
7f9e55ce8000-7f9e58000000 ---p 00000000 00:00 0 
7f9e58000000-7f9e59e6b000 rw-p 00000000 00:00 0 
7f9e59e6b000-7f9e5c000000 ---p 00000000 00:00 0 
7f9e5c000000-7f9e5d422000 rw-p 00000000 00:00 0 
7f9e5d422000-7f9e60000000 ---p 00000000 00:00 0 
7f9e60000000-7f9e61d61000 rw-p 00000000 00:00 0 
7f9e61d61000-7f9e64000000 ---p 00000000 00:00 0 
7f9e64000000-7f9e64629000 rw-p 00000000 00:00 0 
7f9e64629000-7f9e68000000 ---p 00000000 00:00 0 
7f9e68000000-7f9e68021000 rw-p 00000000 00:00 0 
7f9e68021000-7f9e6c000000 ---p 00000000 00:00 0 
7f9e6c000000-7f9e6ffff000 rw-p 00000000 00:00 0 
7f9e6ffff000-7f9e70000000 ---p 00000000 00:00 0 
7f9e70000000-7f9e70e78000 rw-p 00000000 00:00 0 
7f9e70e78000-7f9e74000000 ---p 00000000 00:00 0 
7f9e74000000-7f9e74021000 rw-p 00000000 00:00 0 
7f9e74021000-7f9e78000000 ---p 00000000 00:00 0 
7f9e78000000-7f9e78021000 rw-p 00000000 00:00 0 
7f9e78021000-7f9e7c000000 ---p 00000000 00:00 0 
7f9e7c000000-7f9e7c021000 rw-p 00000000 00:00 0 
7f9e7c021000-7f9e80000000 ---p 00000000 00:00 0 
7f9e8000c000-7f9e80010000 ---p 00000000 00:00 0 
7f9e80010000-7f9e8010c000 rw-p 00000000 00:00 0 
7f9e8010c000-7f9e80110000 ---p 00000000 00:00 0 
7f9e80110000-7f9e8020c000 rw-p 00000000 00:00 0 
7f9e8020c000-7f9e80210000 ---p 00000000 00:00 0 
7f9e80210000-7f9e8030c000 rw-p 00000000 00:00 0 
7f9e8030c000-7f9e80310000 ---p 00000000 00:00 0 
7f9e80310000-7f9e8040c000 rw-p 00000000 00:00 0 
7f9e8045b000-7f9e8045f000 ---p 00000000 00:00 0 
7f9e8045f000-7f9e8055b000 rw-p 00000000 00:00 0 
7f9e8055b000-7f9e8055f000 ---p 00000000 00:00 0 
7f9e8055f000-7f9e8065b000 rw-p 00000000 00:00 0 
7f9e806f2000-7f9e806f6000 ---p 00000000 00:00 0 
7f9e806f6000-7f9e807f2000 rw-p 00000000 00:00 0 
7f9e807f2000-7f9e807f6000 ---p 00000000 00:00 0 
7f9e807f6000-7f9e808f2000 rw-p 00000000 00:00 0 
7f9e808f2000-7f9e808f6000 ---p 00000000 00:00 0 
7f9e808f6000-7f9e809f2000 rw-p 00000000 00:00 0 
7f9e809f2000-7f9e809f6000 ---p 00000000 00:00 0 
7f9e809f6000-7f9e80af2000 rw-p 00000000 00:00 0 
7f9e80af2000-7f9e80af3000 ---p 00000000 00:00 0 
7f9e80af3000-7f9e80bf4000 rw-p 00000000 00:00 0 
7f9e80bf4000-7f9e80bf8000 ---p 00000000 00:00 0 
7f9e80bf8000-7f9e80cf4000 rw-p 00000000 00:00 0 
7f9e80cf4000-7f9e80cf8000 ---p 00000000 00:00 0 
7f9e80cf8000-7f9e80df4000 rw-p 00000000 00:00 0 
7f9e80df4000-7f9e80df5000 ---p 00000000 00:00 0 
7f9e80df5000-7f9e80ef6000 rw-p 00000000 00:00 0 
7f9e80ef6000-7f9e80ef7000 ---p 00000000 00:00 0 
7f9e80ef7000-7f9e80ff8000 rw-p 00000000 00:00 0 
7f9e80ff8000-7f9e80ff9000 ---p 00000000 00:00 0 
7f9e80ff9000-7f9e810fa000 rw-p 00000000 00:00 0 
7f9e810fa000-7f9e810fb000 ---p 00000000 00:00 0 
7f9e810fb000-7f9e811fc000 rw-p 00000000 00:00 0 
7f9e811fc000-7f9e81200000 ---p 00000000 00:00 0 
7f9e81200000-7f9e812fc000 rw-p 00000000 00:00 0 
7f9e812fc000-7f9e81300000 ---p 00000000 00:00 0 
7f9e81300000-7f9e813fc000 rw-p 00000000 00:00 0 
7f9e813fc000-7f9e813fd000 ---p 00000000 00:00 0 
7f9e813fd000-7f9e814fe000 rw-p 00000000 00:00 0 
7f9e814fe000-7f9e814ff000 ---p 00000000 00:00 0 
7f9e814ff000-7f9e81600000 rw-p 00000000 00:00 0 
7f9e81600000-7f9e81610000 r-xp 00000000 103:02 7354950                   /home/farhad/.config/Code/User/globalStorage/redhat.java/1.20.0/config_linux/org.eclipse.equinox.launcher/org.eclipse.equinox.launcher.gtk.linux.x86_64_1.2.700.v20221108-1024/eclipse_11801.so
7f9e81610000-7f9e8180f000 ---p 00010000 103:02 7354950                   /home/farhad/.config/Code/User/globalStorage/redhat.java/1.20.0/config_linux/org.eclipse.equinox.launcher/org.eclipse.equinox.launcher.gtk.linux.x86_64_1.2.700.v20221108-1024/eclipse_11801.so
7f9e8180f000-7f9e81810000 r--p 0000f000 103:02 7354950                   /home/farhad/.config/Code/User/globalStorage/redhat.java/1.20.0/config_linux/org.eclipse.equinox.launcher/org.eclipse.equinox.launcher.gtk.linux.x86_64_1.2.700.v20221108-1024/eclipse_11801.so
7f9e81810000-7f9e81811000 rw-p 00010000 103:02 7354950                   /home/farhad/.config/Code/User/globalStorage/redhat.java/1.20.0/config_linux/org.eclipse.equinox.launcher/org.eclipse.equinox.launcher.gtk.linux.x86_64_1.2.700.v20221108-1024/eclipse_11801.so
7f9e81811000-7f9e81812000 rw-p 00000000 00:00 0 
7f9e818f4000-7f9e818f8000 ---p 00000000 00:00 0 
7f9e818f8000-7f9e819f4000 rw-p 00000000 00:00 0 
7f9e819f4000-7f9e819f8000 ---p 00000000 00:00 0 
7f9e819f8000-7f9e81af4000 rw-p 00000000 00:00 0 
7f9e81af4000-7f9e81af5000 ---p 00000000 00:00 0 
7f9e81af5000-7f9e81bf6000 rw-p 00000000 00:00 0 
7f9e81bf6000-7f9e81bf7000 ---p 00000000 00:00 0 
7f9e81bf7000-7f9e81cf8000 rw-p 00000000 00:00 0 
7f9e81cf8000-7f9e81cf9000 ---p 00000000 00:00 0 
7f9e81cf9000-7f9e81dfa000 rw-p 00000000 00:00 0 
7f9e81dfa000-7f9e81dfb000 ---p 00000000 00:00 0 
7f9e81dfb000-7f9e81efc000 rw-p 00000000 00:00 0 
7f9e81efc000-7f9e81efd000 ---p 00000000 00:00 0 
7f9e81efd000-7f9e81ffe000 rw-p 00000000 00:00 0 
7f9e81ffe000-7f9e82002000 ---p 00000000 00:00 0 
7f9e82002000-7f9e820fe000 rw-p 00000000 00:00 0 
7f9e820fe000-7f9e82102000 ---p 00000000 00:00 0 
7f9e82102000-7f9e821fe000 rw-p 00000000 00:00 0 
7f9e821fe000-7f9e82202000 ---p 00000000 00:00 0 
7f9e82202000-7f9e822fe000 rw-p 00000000 00:00 0 
7f9e822fe000-7f9e822ff000 ---p 00000000 00:00 0 
7f9e822ff000-7f9e82400000 rw-p 00000000 00:00 0 
7f9e82400000-7f9e82404000 ---p 00000000 00:00 0 
7f9e82404000-7f9e82500000 rw-p 00000000 00:00 0 
7f9e82500000-7f9e82504000 ---p 00000000 00:00 0 
7f9e82504000-7f9e82600000 rw-p 00000000 00:00 0 
7f9e82600000-7f9e82604000 ---p 00000000 00:00 0 
7f9e82604000-7f9e82700000 rw-p 00000000 00:00 0 
7f9e82700000-7f9e82704000 ---p 00000000 00:00 0 
7f9e82704000-7f9e82800000 rw-p 00000000 00:00 0 
7f9e82800000-7f9e82804000 ---p 00000000 00:00 0 
7f9e82804000-7f9e82900000 rw-p 00000000 00:00 0 
7f9e82900000-7f9e82904000 ---p 00000000 00:00 0 
7f9e82904000-7f9e82a00000 rw-p 00000000 00:00 0 
7f9e82a00000-7f9e82a04000 ---p 00000000 00:00 0 
7f9e82a04000-7f9e82b00000 rw-p 00000000 00:00 0 
7f9e82b00000-7f9e82b04000 ---p 00000000 00:00 0 
7f9e82b04000-7f9e82c00000 rw-p 00000000 00:00 0 
7f9e82c00000-7f9e83f67000 r--p 00000000 103:02 59774277                  /usr/lib/locale/locale-archive
7f9e84000000-7f9e84021000 rw-p 00000000 00:00 0 
7f9e84021000-7f9e88000000 ---p 00000000 00:00 0 
7f9e88000000-7f9e88021000 rw-p 00000000 00:00 0 
7f9e88021000-7f9e8c000000 ---p 00000000 00:00 0 
7f9e8c000000-7f9e8c1ed000 rw-p 00000000 00:00 0 
7f9e8c1ed000-7f9e90000000 ---p 00000000 00:00 0 
7f9e900e6000-7f9e900ea000 ---p 00000000 00:00 0 
7f9e900ea000-7f9e901e6000 rw-p 00000000 00:00 0 
7f9e901e6000-7f9e901ea000 ---p 00000000 00:00 0 
7f9e901ea000-7f9e902e6000 rw-p 00000000 00:00 0 
7f9e902e6000-7f9e902ea000 ---p 00000000 00:00 0 
7f9e902ea000-7f9e903e6000 rw-p 00000000 00:00 0 
7f9e903e6000-7f9e903ea000 ---p 00000000 00:00 0 
7f9e903ea000-7f9e904e6000 rw-p 00000000 00:00 0 
7f9e904e6000-7f9e904ea000 ---p 00000000 00:00 0 
7f9e904ea000-7f9e905e6000 rw-p 00000000 00:00 0 
7f9e905e6000-7f9e905ea000 ---p 00000000 00:00 0 
7f9e905ea000-7f9e906e6000 rw-p 00000000 00:00 0 
7f9e906e6000-7f9e906e7000 ---p 00000000 00:00 0 
7f9e906e7000-7f9e92400000 rw-p 00000000 00:00 0 
7f9e92400000-7f9e92480000 rw-p 00000000 00:00 0 
7f9e92480000-7f9e92500000 rw-p 00000000 00:00 0 
7f9e92500000-7f9e92800000 rw-p 00000000 00:00 0 
7f9e92800000-7f9e928c0000 rw-p 00000000 00:00 0 
7f9e928c0000-7f9e92900000 rw-p 00000000 00:00 0 
7f9e92900000-7f9e92b00000 rw-p 00000000 00:00 0 
7f9e92b00000-7f9e92c00000 rw-p 00000000 00:00 0 
7f9e92c00000-7f9e92da0000 rw-p 00000000 00:00 0 
7f9e92da0000-7f9e92dc0000 rw-p 00000000 00:00 0 
7f9e92dc0000-7f9e92f00000 rw-p 00000000 00:00 0 
7f9e92f00000-7f9e93000000 rw-p 00000000 00:00 0 
7f9e93000000-7f9e93300000 rw-p 00000000 00:00 0 
7f9e93300000-7f9e93400000 rw-p 00000000 00:00 0 
7f9e93400000-7f9e93580000 rw-p 00000000 00:00 0 
7f9e93580000-7f9e93600000 rw-p 00000000 00:00 0 
7f9e93600000-7f9e93780000 rw-p 00000000 00:00 0 
7f9e93780000-7f9e93800000 rw-p 00000000 00:00 0 
7f9e93800000-7f9e93d00000 rw-p 00000000 00:00 0 
7f9e93d00000-7f9e93e00000 rw-p 00000000 00:00 0 
7f9e93e00000-7f9e94100000 rw-p 00000000 00:00 0 
7f9e94100000-7f9e94200000 rw-p 00000000 00:00 0 
7f9e94200000-7f9e95000000 rw-p 00000000 00:00 0 
7f9e95000000-7f9e96000000 rw-p 00000000 00:00 0 
7f9e96000000-7f9e98000000 rw-p 00000000 00:00 0 
7f9e98000000-7f9e9802c000 rw-p 00000000 00:00 0 
7f9e9802c000-7f9e9c000000 ---p 00000000 00:00 0 
7f9e9c0f1000-7f9e9d000000 rw-p 00000000 00:00 0 
7f9e9d000000-7f9e9fd90000 rwxp 00000000 00:00 0 
7f9e9fd90000-7f9ea445f000 ---p 00000000 00:00 0 
7f9ea445f000-7f9ea477f000 rwxp 00000000 00:00 0 
7f9ea477f000-7f9ea4ba0000 ---p 00000000 00:00 0 
7f9ea4ba0000-7f9ea6b50000 rwxp 00000000 00:00 0 
7f9ea6b50000-7f9eac000000 ---p 00000000 00:00 0 
7f9eac000000-7f9eac83f000 rw-p 00000000 00:00 0 
7f9eac83f000-7f9eb0000000 ---p 00000000 00:00 0 
7f9eb00b6000-7f9eb00bd000 r--s 00000000 103:02 60428362                  /usr/lib/x86_64-linux-gnu/gconv/gconv-modules.cache
7f9eb00bd000-7f9eb00c1000 ---p 00000000 00:00 0 
7f9eb00c1000-7f9eb0726000 rw-p 00000000 00:00 0 
7f9eb0726000-7f9eb0814000 ---p 00000000 00:00 0 
7f9eb0814000-7f9eb0815000 ---p 00000000 00:00 0 
7f9eb0815000-7f9eb097e000 rw-p 00000000 00:00 0 
7f9eb097e000-7f9eb0a6b000 ---p 00000000 00:00 0 
7f9eb0a6b000-7f9eb0a7c000 rw-p 00000000 00:00 0 
7f9eb0a7c000-7f9eb0b16000 ---p 00000000 00:00 0 
7f9eb0b16000-7f9eb0b57000 rw-p 00000000 00:00 0 
7f9eb0b57000-7f9eb0c00000 ---p 00000000 00:00 0 
7f9eb0c00000-7f9eb3816000 r--s 00000000 103:02 7090944                   /home/farhad/.vscode/extensions/redhat.java-1.20.0-linux-x64/jre/17.0.7-linux-x86_64/lib/modules
7f9eb3817000-7f9eb3873000 rw-p 00000000 00:00 0 
7f9eb3873000-7f9eb3900000 ---p 00000000 00:00 0 
7f9eb3900000-7f9eb3904000 ---p 00000000 00:00 0 
7f9eb3904000-7f9eb3a00000 rw-p 00000000 00:00 0 
7f9eb3a00000-7f9eb3c52000 r--p 00000000 103:02 7090954                   /home/farhad/.vscode/extensions/redhat.java-1.20.0-linux-x64/jre/17.0.7-linux-x86_64/lib/server/libjvm.so
7f9eb3c52000-7f9eb4972000 r-xp 00252000 103:02 7090954                   /home/farhad/.vscode/extensions/redhat.java-1.20.0-linux-x64/jre/17.0.7-linux-x86_64/lib/server/libjvm.so
7f9eb4972000-7f9eb4bfe000 r--p 00f72000 103:02 7090954                   /home/farhad/.vscode/extensions/redhat.java-1.20.0-linux-x64/jre/17.0.7-linux-x86_64/lib/server/libjvm.so
7f9eb4bfe000-7f9eb4bff000 ---p 011fe000 103:02 7090954                   /home/farhad/.vscode/extensions/redhat.java-1.20.0-linux-x64/jre/17.0.7-linux-x86_64/lib/server/libjvm.so
7f9eb4bff000-7f9eb4cb8000 r--p 011fe000 103:02 7090954                   /home/farhad/.vscode/extensions/redhat.java-1.20.0-linux-x64/jre/17.0.7-linux-x86_64/lib/server/libjvm.so
7f9eb4cb8000-7f9eb4ced000 rw-p 012b7000 103:02 7090954                   /home/farhad/.vscode/extensions/redhat.java-1.20.0-linux-x64/jre/17.0.7-linux-x86_64/lib/server/libjvm.so
7f9eb4ced000-7f9eb4d47000 rw-p 00000000 00:00 0 
7f9eb4d48000-7f9eb4d49000 r--p 00000000 103:02 7090915                   /home/farhad/.vscode/extensions/redhat.java-1.20.0-linux-x64/jre/17.0.7-linux-x86_64/lib/libextnet.so
7f9eb4d49000-7f9eb4d4a000 r-xp 00001000 103:02 7090915                   /home/farhad/.vscode/extensions/redhat.java-1.20.0-linux-x64/jre/17.0.7-linux-x86_64/lib/libextnet.so
7f9eb4d4a000-7f9eb4d4b000 r--p 00002000 103:02 7090915                   /home/farhad/.vscode/extensions/redhat.java-1.20.0-linux-x64/jre/17.0.7-linux-x86_64/lib/libextnet.so
7f9eb4d4b000-7f9eb4d4c000 r--p 00002000 103:02 7090915                   /home/farhad/.vscode/extensions/redhat.java-1.20.0-linux-x64/jre/17.0.7-linux-x86_64/lib/libextnet.so
7f9eb4d4c000-7f9eb4d4d000 rw-p 00003000 103:02 7090915                   /home/farhad/.vscode/extensions/redhat.java-1.20.0-linux-x64/jre/17.0.7-linux-x86_64/lib/libextnet.so
7f9eb4d4d000-7f9eb4d4e000 r--p 00000000 103:02 59776062                  /usr/lib/x86_64-linux-gnu/libnss_mdns4_minimal.so.2
7f9eb4d4e000-7f9eb4d50000 r-xp 00001000 103:02 59776062                  /usr/lib/x86_64-linux-gnu/libnss_mdns4_minimal.so.2
7f9eb4d50000-7f9eb4d51000 r--p 00003000 103:02 59776062                  /usr/lib/x86_64-linux-gnu/libnss_mdns4_minimal.so.2
7f9eb4d51000-7f9eb4d52000 r--p 00003000 103:02 59776062                  /usr/lib/x86_64-linux-gnu/libnss_mdns4_minimal.so.2
7f9eb4d52000-7f9eb4d53000 rw-p 00004000 103:02 59776062                  /usr/lib/x86_64-linux-gnu/libnss_mdns4_minimal.so.2
7f9eb4d53000-7f9eb4d57000 r--p 00000000 103:02 7090942                   /home/farhad/.vscode/extensions/redhat.java-1.20.0-linux-x64/jre/17.0.7-linux-x86_64/lib/libverify.so
7f9eb4d57000-7f9eb4d5e000 r-xp 00004000 103:02 7090942                   /home/farhad/.vscode/extensions/redhat.java-1.20.0-linux-x64/jre/17.0.7-linux-x86_64/lib/libverify.so
7f9eb4d5e000-7f9eb4d60000 r--p 0000b000 103:02 7090942                   /home/farhad/.vscode/extensions/redhat.java-1.20.0-linux-x64/jre/17.0.7-linux-x86_64/lib/libverify.so
7f9eb4d60000-7f9eb4d62000 r--p 0000c000 103:02 7090942                   /home/farhad/.vscode/extensions/redhat.java-1.20.0-linux-x64/jre/17.0.7-linux-x86_64/lib/libverify.so
7f9eb4d62000-7f9eb4d63000 rw-p 0000e000 103:02 7090942                   /home/farhad/.vscode/extensions/redhat.java-1.20.0-linux-x64/jre/17.0.7-linux-x86_64/lib/libverify.so
7f9eb4d63000-7f9eb4d67000 r--p 00000000 103:02 7090935                   /home/farhad/.vscode/extensions/redhat.java-1.20.0-linux-x64/jre/17.0.7-linux-x86_64/lib/libnet.so
7f9eb4d67000-7f9eb4d75000 r-xp 00004000 103:02 7090935                   /home/farhad/.vscode/extensions/redhat.java-1.20.0-linux-x64/jre/17.0.7-linux-x86_64/lib/libnet.so
7f9eb4d75000-7f9eb4d79000 r--p 00012000 103:02 7090935                   /home/farhad/.vscode/extensions/redhat.java-1.20.0-linux-x64/jre/17.0.7-linux-x86_64/lib/libnet.so
7f9eb4d79000-7f9eb4d7a000 r--p 00015000 103:02 7090935                   /home/farhad/.vscode/extensions/redhat.java-1.20.0-linux-x64/jre/17.0.7-linux-x86_64/lib/libnet.so
7f9eb4d7a000-7f9eb4d7b000 rw-p 00016000 103:02 7090935                   /home/farhad/.vscode/extensions/redhat.java-1.20.0-linux-x64/jre/17.0.7-linux-x86_64/lib/libnet.so
7f9eb4d7b000-7f9eb4d82000 r--p 00000000 103:02 7090936                   /home/farhad/.vscode/extensions/redhat.java-1.20.0-linux-x64/jre/17.0.7-linux-x86_64/lib/libnio.so
7f9eb4d82000-7f9eb4d8b000 r-xp 00007000 103:02 7090936                   /home/farhad/.vscode/extensions/redhat.java-1.20.0-linux-x64/jre/17.0.7-linux-x86_64/lib/libnio.so
7f9eb4d8b000-7f9eb4d8f000 r--p 00010000 103:02 7090936                   /home/farhad/.vscode/extensions/redhat.java-1.20.0-linux-x64/jre/17.0.7-linux-x86_64/lib/libnio.so
7f9eb4d8f000-7f9eb4d90000 ---p 00014000 103:02 7090936                   /home/farhad/.vscode/extensions/redhat.java-1.20.0-linux-x64/jre/17.0.7-linux-x86_64/lib/libnio.so
7f9eb4d90000-7f9eb4d91000 r--p 00014000 103:02 7090936                   /home/farhad/.vscode/extensions/redhat.java-1.20.0-linux-x64/jre/17.0.7-linux-x86_64/lib/libnio.so
7f9eb4d91000-7f9eb4d92000 rw-p 00015000 103:02 7090936                   /home/farhad/.vscode/extensions/redhat.java-1.20.0-linux-x64/jre/17.0.7-linux-x86_64/lib/libnio.so
7f9eb4d92000-7f9eb4d94000 r--p 00000000 103:02 7090943                   /home/farhad/.vscode/extensions/redhat.java-1.20.0-linux-x64/jre/17.0.7-linux-x86_64/lib/libzip.so
7f9eb4d94000-7f9eb4d98000 r-xp 00002000 103:02 7090943                   /home/farhad/.vscode/extensions/redhat.java-1.20.0-linux-x64/jre/17.0.7-linux-x86_64/lib/libzip.so
7f9eb4d98000-7f9eb4d9a000 r--p 00006000 103:02 7090943                   /home/farhad/.vscode/extensions/redhat.java-1.20.0-linux-x64/jre/17.0.7-linux-x86_64/lib/libzip.so
7f9eb4d9a000-7f9eb4d9b000 r--p 00007000 103:02 7090943                   /home/farhad/.vscode/extensions/redhat.java-1.20.0-linux-x64/jre/17.0.7-linux-x86_64/lib/libzip.so
7f9eb4d9b000-7f9eb4d9c000 rw-p 00008000 103:02 7090943                   /home/farhad/.vscode/extensions/redhat.java-1.20.0-linux-x64/jre/17.0.7-linux-x86_64/lib/libzip.so
7f9eb4d9c000-7f9eb4df8000 rw-p 00000000 00:00 0 
7f9eb4df8000-7f9eb4e00000 ---p 00000000 00:00 0 
7f9eb4e00000-7f9eb4e28000 r--p 00000000 103:02 59775282                  /usr/lib/x86_64-linux-gnu/libc.so.6
7f9eb4e28000-7f9eb4fbd000 r-xp 00028000 103:02 59775282                  /usr/lib/x86_64-linux-gnu/libc.so.6
7f9eb4fbd000-7f9eb5015000 r--p 001bd000 103:02 59775282                  /usr/lib/x86_64-linux-gnu/libc.so.6
7f9eb5015000-7f9eb5019000 r--p 00214000 103:02 59775282                  /usr/lib/x86_64-linux-gnu/libc.so.6
7f9eb5019000-7f9eb501b000 rw-p 00218000 103:02 59775282                  /usr/lib/x86_64-linux-gnu/libc.so.6
7f9eb501b000-7f9eb5028000 rw-p 00000000 00:00 0 
7f9eb502a000-7f9eb5037000 r--p 00000000 103:02 7090922                   /home/farhad/.vscode/extensions/redhat.java-1.20.0-linux-x64/jre/17.0.7-linux-x86_64/lib/libjava.so
7f9eb5037000-7f9eb5049000 r-xp 0000d000 103:02 7090922                   /home/farhad/.vscode/extensions/redhat.java-1.20.0-linux-x64/jre/17.0.7-linux-x86_64/lib/libjava.so
7f9eb5049000-7f9eb504f000 r--p 0001f000 103:02 7090922                   /home/farhad/.vscode/extensions/redhat.java-1.20.0-linux-x64/jre/17.0.7-linux-x86_64/lib/libjava.so
7f9eb504f000-7f9eb5050000 ---p 00025000 103:02 7090922                   /home/farhad/.vscode/extensions/redhat.java-1.20.0-linux-x64/jre/17.0.7-linux-x86_64/lib/libjava.so
7f9eb5050000-7f9eb5051000 r--p 00025000 103:02 7090922                   /home/farhad/.vscode/extensions/redhat.java-1.20.0-linux-x64/jre/17.0.7-linux-x86_64/lib/libjava.so
7f9eb5051000-7f9eb5052000 rw-p 00026000 103:02 7090922                   /home/farhad/.vscode/extensions/redhat.java-1.20.0-linux-x64/jre/17.0.7-linux-x86_64/lib/libjava.so
7f9eb5052000-7f9eb5053000 rw-p 00000000 00:00 0 
7f9eb5053000-7f9eb5057000 r--p 00000000 103:02 7090926                   /home/farhad/.vscode/extensions/redhat.java-1.20.0-linux-x64/jre/17.0.7-linux-x86_64/lib/libjimage.so
7f9eb5057000-7f9eb506a000 r-xp 00004000 103:02 7090926                   /home/farhad/.vscode/extensions/redhat.java-1.20.0-linux-x64/jre/17.0.7-linux-x86_64/lib/libjimage.so
7f9eb506a000-7f9eb5070000 r--p 00017000 103:02 7090926                   /home/farhad/.vscode/extensions/redhat.java-1.20.0-linux-x64/jre/17.0.7-linux-x86_64/lib/libjimage.so
7f9eb5070000-7f9eb5072000 r--p 0001c000 103:02 7090926                   /home/farhad/.vscode/extensions/redhat.java-1.20.0-linux-x64/jre/17.0.7-linux-x86_64/lib/libjimage.so
7f9eb5072000-7f9eb5073000 rw-p 0001e000 103:02 7090926                   /home/farhad/.vscode/extensions/redhat.java-1.20.0-linux-x64/jre/17.0.7-linux-x86_64/lib/libjimage.so
7f9eb5073000-7f9eb5081000 r--p 00000000 103:02 59775933                  /usr/lib/x86_64-linux-gnu/libm.so.6
7f9eb5081000-7f9eb50fd000 r-xp 0000e000 103:02 59775933                  /usr/lib/x86_64-linux-gnu/libm.so.6
7f9eb50fd000-7f9eb5158000 r--p 0008a000 103:02 59775933                  /usr/lib/x86_64-linux-gnu/libm.so.6
7f9eb5158000-7f9eb5159000 r--p 000e4000 103:02 59775933                  /usr/lib/x86_64-linux-gnu/libm.so.6
7f9eb5159000-7f9eb515a000 rw-p 000e5000 103:02 59775933                  /usr/lib/x86_64-linux-gnu/libm.so.6
7f9eb515a000-7f9eb515b000 r--p 00000000 103:02 59776258                  /usr/lib/x86_64-linux-gnu/librt.so.1
7f9eb515b000-7f9eb515c000 r-xp 00001000 103:02 59776258                  /usr/lib/x86_64-linux-gnu/librt.so.1
7f9eb515c000-7f9eb515d000 r--p 00002000 103:02 59776258                  /usr/lib/x86_64-linux-gnu/librt.so.1
7f9eb515d000-7f9eb515e000 r--p 00002000 103:02 59776258                  /usr/lib/x86_64-linux-gnu/librt.so.1
7f9eb515e000-7f9eb515f000 rw-p 00003000 103:02 59776258                  /usr/lib/x86_64-linux-gnu/librt.so.1
7f9eb515f000-7f9eb5163000 rw-p 00000000 00:00 0 
7f9eb5163000-7f9eb5164000 r--p 00000000 103:02 59775424                  /usr/lib/x86_64-linux-gnu/libdl.so.2
7f9eb5164000-7f9eb5165000 r-xp 00001000 103:02 59775424                  /usr/lib/x86_64-linux-gnu/libdl.so.2
7f9eb5165000-7f9eb5166000 r--p 00002000 103:02 59775424                  /usr/lib/x86_64-linux-gnu/libdl.so.2
7f9eb5166000-7f9eb5167000 r--p 00002000 103:02 59775424                  /usr/lib/x86_64-linux-gnu/libdl.so.2
7f9eb5167000-7f9eb5168000 rw-p 00003000 103:02 59775424                  /usr/lib/x86_64-linux-gnu/libdl.so.2
7f9eb5168000-7f9eb5169000 r--p 00000000 103:02 59776202                  /usr/lib/x86_64-linux-gnu/libpthread.so.0
7f9eb5169000-7f9eb516a000 r-xp 00001000 103:02 59776202                  /usr/lib/x86_64-linux-gnu/libpthread.so.0
7f9eb516a000-7f9eb516b000 r--p 00002000 103:02 59776202                  /usr/lib/x86_64-linux-gnu/libpthread.so.0
7f9eb516b000-7f9eb516c000 r--p 00002000 103:02 59776202                  /usr/lib/x86_64-linux-gnu/libpthread.so.0
7f9eb516c000-7f9eb516d000 rw-p 00003000 103:02 59776202                  /usr/lib/x86_64-linux-gnu/libpthread.so.0
7f9eb516d000-7f9eb5170000 r--p 00000000 103:02 7090927                   /home/farhad/.vscode/extensions/redhat.java-1.20.0-linux-x64/jre/17.0.7-linux-x86_64/lib/libjli.so
7f9eb5170000-7f9eb517a000 r-xp 00003000 103:02 7090927                   /home/farhad/.vscode/extensions/redhat.java-1.20.0-linux-x64/jre/17.0.7-linux-x86_64/lib/libjli.so
7f9eb517a000-7f9eb517d000 r--p 0000d000 103:02 7090927                   /home/farhad/.vscode/extensions/redhat.java-1.20.0-linux-x64/jre/17.0.7-linux-x86_64/lib/libjli.so
7f9eb517d000-7f9eb517e000 ---p 00010000 103:02 7090927                   /home/farhad/.vscode/extensions/redhat.java-1.20.0-linux-x64/jre/17.0.7-linux-x86_64/lib/libjli.so
7f9eb517e000-7f9eb517f000 r--p 00010000 103:02 7090927                   /home/farhad/.vscode/extensions/redhat.java-1.20.0-linux-x64/jre/17.0.7-linux-x86_64/lib/libjli.so
7f9eb517f000-7f9eb5180000 rw-p 00011000 103:02 7090927                   /home/farhad/.vscode/extensions/redhat.java-1.20.0-linux-x64/jre/17.0.7-linux-x86_64/lib/libjli.so
7f9eb5180000-7f9eb5182000 r--p 00000000 103:02 59769187                  /usr/lib/x86_64-linux-gnu/libz.so.1.2.11
7f9eb5182000-7f9eb5193000 r-xp 00002000 103:02 59769187                  /usr/lib/x86_64-linux-gnu/libz.so.1.2.11
7f9eb5193000-7f9eb5199000 r--p 00013000 103:02 59769187                  /usr/lib/x86_64-linux-gnu/libz.so.1.2.11
7f9eb5199000-7f9eb519a000 ---p 00019000 103:02 59769187                  /usr/lib/x86_64-linux-gnu/libz.so.1.2.11
7f9eb519a000-7f9eb519b000 r--p 00019000 103:02 59769187                  /usr/lib/x86_64-linux-gnu/libz.so.1.2.11
7f9eb519b000-7f9eb519c000 rw-p 0001a000 103:02 59769187                  /usr/lib/x86_64-linux-gnu/libz.so.1.2.11
7f9eb519d000-7f9eb51a5000 rw-s 00000000 103:02 54264076                  /tmp/hsperfdata_farhad/156853
7f9eb51a5000-7f9eb51a7000 r--p 00000000 103:02 7090917                   /home/farhad/.vscode/extensions/redhat.java-1.20.0-linux-x64/jre/17.0.7-linux-x86_64/lib/libinstrument.so
7f9eb51a7000-7f9eb51ad000 r-xp 00002000 103:02 7090917                   /home/farhad/.vscode/extensions/redhat.java-1.20.0-linux-x64/jre/17.0.7-linux-x86_64/lib/libinstrument.so
7f9eb51ad000-7f9eb51b0000 r--p 00008000 103:02 7090917                   /home/farhad/.vscode/extensions/redhat.java-1.20.0-linux-x64/jre/17.0.7-linux-x86_64/lib/libinstrument.so
7f9eb51b0000-7f9eb51b1000 r--p 0000a000 103:02 7090917                   /home/farhad/.vscode/extensions/redhat.java-1.20.0-linux-x64/jre/17.0.7-linux-x86_64/lib/libinstrument.so
7f9eb51b1000-7f9eb51b2000 rw-p 0000b000 103:02 7090917                   /home/farhad/.vscode/extensions/redhat.java-1.20.0-linux-x64/jre/17.0.7-linux-x86_64/lib/libinstrument.so
7f9eb51b2000-7f9eb51b3000 ---p 00000000 00:00 0 
7f9eb51b3000-7f9eb51b4000 r--p 00000000 00:00 0 
7f9eb51b4000-7f9eb51b6000 rw-p 00000000 00:00 0 
7f9eb51b6000-7f9eb51b8000 r--p 00000000 103:02 59774945                  /usr/lib/x86_64-linux-gnu/ld-linux-x86-64.so.2
7f9eb51b8000-7f9eb51e2000 r-xp 00002000 103:02 59774945                  /usr/lib/x86_64-linux-gnu/ld-linux-x86-64.so.2
7f9eb51e2000-7f9eb51ed000 r--p 0002c000 103:02 59774945                  /usr/lib/x86_64-linux-gnu/ld-linux-x86-64.so.2
7f9eb51ed000-7f9eb51ee000 ---p 00000000 00:00 0 
7f9eb51ee000-7f9eb51f0000 r--p 00037000 103:02 59774945                  /usr/lib/x86_64-linux-gnu/ld-linux-x86-64.so.2
7f9eb51f0000-7f9eb51f2000 rw-p 00039000 103:02 59774945                  /usr/lib/x86_64-linux-gnu/ld-linux-x86-64.so.2
7ffebfcb6000-7ffebfcd8000 rw-p 00000000 00:00 0                          [stack]
7ffebfd56000-7ffebfd5a000 r--p 00000000 00:00 0                          [vvar]
7ffebfd5a000-7ffebfd5c000 r-xp 00000000 00:00 0                          [vdso]
ffffffffff600000-ffffffffff601000 --xp 00000000 00:00 0                  [vsyscall]


VM Arguments:
jvm_args: --add-modules=ALL-SYSTEM --add-opens=java.base/java.util=ALL-UNNAMED --add-opens=java.base/java.lang=ALL-UNNAMED --add-opens=java.base/sun.nio.fs=ALL-UNNAMED -Declipse.application=org.eclipse.jdt.ls.core.id1 -Dosgi.bundles.defaultStartLevel=4 -Declipse.product=org.eclipse.jdt.ls.core.product -Djava.import.generatesMetadataFilesAtProjectRoot=false -Dfile.encoding=utf8 -XX:+UseParallelGC -XX:GCTimeRatio=4 -XX:AdaptiveSizePolicyWeight=90 -Dsun.zip.disableMemoryMapping=true -Xmx1G -Xms100m -Xlog:disable -javaagent:/home/farhad/.vscode/extensions/redhat.java-1.20.0-linux-x64/lombok/lombok-1.18.28.jar -XX:+HeapDumpOnOutOfMemoryError -XX:HeapDumpPath=/home/farhad/.config/Code/User/workspaceStorage/fce38cad94484a371d0cf6519671e8fc/redhat.java -Daether.dependencyCollector.impl=bf 
java_command: /home/farhad/.vscode/extensions/redhat.java-1.20.0-linux-x64/server/plugins/org.eclipse.equinox.launcher_1.6.500.v20230622-2056.jar -configuration /home/farhad/.config/Code/User/globalStorage/redhat.java/1.20.0/config_linux -data /home/farhad/.config/Code/User/workspaceStorage/fce38cad94484a371d0cf6519671e8fc/redhat.java/jdt_ws
java_class_path (initial): /home/farhad/.vscode/extensions/redhat.java-1.20.0-linux-x64/server/plugins/org.eclipse.equinox.launcher_1.6.500.v20230622-2056.jar
Launcher Type: SUN_STANDARD

[Global flags]
    uintx AdaptiveSizePolicyWeight                 = 90                                        {product} {command line}
     intx CICompilerCount                          = 12                                        {product} {ergonomic}
    uintx GCTimeRatio                              = 4                                         {product} {command line}
     bool HeapDumpOnOutOfMemoryError               = true                                   {manageable} {command line}
    ccstr HeapDumpPath                             = /home/farhad/.config/Code/User/workspaceStorage/fce38cad94484a371d0cf6519671e8fc/redhat.java         {manageable} {command line}
   size_t InitialHeapSize                          = 104857600                                 {product} {command line}
   size_t MaxHeapSize                              = 1073741824                                {product} {command line}
   size_t MaxNewSize                               = 357564416                                 {product} {ergonomic}
   size_t MinHeapDeltaBytes                        = 524288                                    {product} {ergonomic}
   size_t MinHeapSize                              = 104857600                                 {product} {command line}
   size_t NewSize                                  = 34603008                                  {product} {ergonomic}
    uintx NonNMethodCodeHeapSize                   = 7602480                                {pd product} {ergonomic}
    uintx NonProfiledCodeHeapSize                  = 122027880                              {pd product} {ergonomic}
   size_t OldSize                                  = 70254592                                  {product} {ergonomic}
    uintx ProfiledCodeHeapSize                     = 122027880                              {pd product} {ergonomic}
    uintx ReservedCodeCacheSize                    = 251658240                              {pd product} {ergonomic}
     bool SegmentedCodeCache                       = true                                      {product} {ergonomic}
   size_t SoftMaxHeapSize                          = 1073741824                             {manageable} {ergonomic}
     bool UseCompressedClassPointers               = true                           {product lp64_product} {ergonomic}
     bool UseCompressedOops                        = true                           {product lp64_product} {ergonomic}
     bool UseParallelGC                            = true                                      {product} {command line}

Logging:
Log output configuration:
 #0: stdout all=off uptime,level,tags
 #1: stderr all=off uptime,level,tags

Environment Variables:
JAVA_HOME=/home/farhad/.sdkman/candidates/java/current
PATH=/home/farhad/bin:/home/farhad/.nvm/versions/node/v19.3.0/bin:/home/farhad/.sdkman/candidates/visualvm/current/bin:/home/farhad/.sdkman/candidates/springboot/current/bin:/home/farhad/.sdkman/candidates/maven/current/bin:/home/farhad/.sdkman/candidates/jmeter/current/bin:/home/farhad/.sdkman/candidates/java/current/bin:/home/farhad/.sdkman/candidates/gradle/current/bin:/home/farhad/bin:/usr/local/sbin:/usr/local/bin:/usr/sbin:/usr/bin:/sbin:/bin:/usr/games:/usr/local/games:/snap/bin:/snap/bin:/usr/local/go/bin:/home/farhad/go/bin:/usr/local/go/bin:/home/farhad/go/bin
USERNAME=farhad
SHELL=/bin/bash
DISPLAY=:0
LANG=en_US.UTF-8
LC_NUMERIC=az_IR
LC_TIME=az_IR

Active Locale:
LC_ALL=LC_CTYPE=en_US.UTF-8;LC_NUMERIC=az_IR;LC_TIME=az_IR;LC_COLLATE=en_US.UTF-8;LC_MONETARY=az_IR;LC_MESSAGES=en_US.UTF-8;LC_PAPER=az_IR;LC_NAME=az_IR;LC_ADDRESS=az_IR;LC_TELEPHONE=az_IR;LC_MEASUREMENT=az_IR;LC_IDENTIFICATION=az_IR
LC_COLLATE=en_US.UTF-8
LC_CTYPE=en_US.UTF-8
LC_MESSAGES=en_US.UTF-8
LC_MONETARY=az_IR
LC_NUMERIC=az_IR
LC_TIME=az_IR

Signal Handlers:
   SIGSEGV: crash_handler in libjvm.so, mask=11100100010111111101111111111110, flags=SA_RESTART|SA_SIGINFO, unblocked
    SIGBUS: crash_handler in libjvm.so, mask=11100100010111111101111111111110, flags=SA_RESTART|SA_SIGINFO, unblocked
    SIGFPE: crash_handler in libjvm.so, mask=11100100010111111101111111111110, flags=SA_RESTART|SA_SIGINFO, unblocked
   SIGPIPE: javaSignalHandler in libjvm.so, mask=11100100010111111101111111111110, flags=SA_RESTART|SA_SIGINFO, blocked
   SIGXFSZ: javaSignalHandler in libjvm.so, mask=11100100010111111101111111111110, flags=SA_RESTART|SA_SIGINFO, blocked
    SIGILL: crash_handler in libjvm.so, mask=11100100010111111101111111111110, flags=SA_RESTART|SA_SIGINFO, unblocked
   SIGUSR2: SR_handler in libjvm.so, mask=00000000000000000000000000000000, flags=SA_RESTART|SA_SIGINFO, blocked
    SIGHUP: UserHandler in libjvm.so, mask=11100100010111111101111111111110, flags=SA_RESTART|SA_SIGINFO, blocked
    SIGINT: UserHandler in libjvm.so, mask=11100100010111111101111111111110, flags=SA_RESTART|SA_SIGINFO, blocked
   SIGTERM: UserHandler in libjvm.so, mask=11100100010111111101111111111110, flags=SA_RESTART|SA_SIGINFO, blocked
   SIGQUIT: UserHandler in libjvm.so, mask=11100100010111111101111111111110, flags=SA_RESTART|SA_SIGINFO, blocked
   SIGTRAP: crash_handler in libjvm.so, mask=11100100010111111101111111111110, flags=SA_RESTART|SA_SIGINFO, unblocked


---------------  S Y S T E M  ---------------

OS:
DISTRIB_ID=Ubuntu
DISTRIB_RELEASE=22.04
DISTRIB_CODENAME=jammy
DISTRIB_DESCRIPTION="Ubuntu 22.04.2 LTS"
uname: Linux 5.19.0-46-generic #47~22.04.1-Ubuntu SMP PREEMPT_DYNAMIC Wed Jun 21 15:35:31 UTC 2 x86_64
OS uptime: 0 days 9:37 hours
libc: glibc 2.35 NPTL 2.35 
rlimit (soft/hard): STACK 8192k/infinity , CORE 0k/infinity , NPROC 65535/65535 , NOFILE 10000000/10000000 , AS infinity/infinity , CPU infinity/infinity , DATA infinity/infinity , FSIZE infinity/infinity , MEMLOCK 1966860k/1966860k
load average: 0.72 0.34 0.54

/proc/meminfo:
MemTotal:       15734896 kB
MemFree:         4366280 kB
MemAvailable:    9062052 kB
Buffers:          435080 kB
Cached:          4466404 kB
SwapCached:            0 kB
Active:          2456920 kB
Inactive:        7352720 kB
Active(anon):      10636 kB
Inactive(anon):  4995256 kB
Active(file):    2446284 kB
Inactive(file):  2357464 kB
Unevictable:          32 kB
Mlocked:              32 kB
SwapTotal:       6291452 kB
SwapFree:        6291452 kB
Zswap:                 0 kB
Zswapped:              0 kB
Dirty:                52 kB
Writeback:             0 kB
AnonPages:       4908536 kB
Mapped:          1150244 kB
Shmem:            111404 kB
KReclaimable:     227348 kB
Slab:             539984 kB
SReclaimable:     227348 kB
SUnreclaim:       312636 kB
KernelStack:       25392 kB
PageTables:        51868 kB
NFS_Unstable:          0 kB
Bounce:                0 kB
WritebackTmp:          0 kB
CommitLimit:    14158900 kB
Committed_AS:   13070612 kB
VmallocTotal:   34359738367 kB
VmallocUsed:      170152 kB
VmallocChunk:          0 kB
Percpu:            23552 kB
HardwareCorrupted:     0 kB
AnonHugePages:      2048 kB
ShmemHugePages:        0 kB
ShmemPmdMapped:        0 kB
FileHugePages:         0 kB
FilePmdMapped:         0 kB
HugePages_Total:       0
HugePages_Free:        0
HugePages_Rsvd:        0
HugePages_Surp:        0
Hugepagesize:       2048 kB
Hugetlb:               0 kB
DirectMap4k:     1177760 kB
DirectMap2M:    13907968 kB
DirectMap1G:     2097152 kB

/sys/kernel/mm/transparent_hugepage/enabled: always [madvise] never
/sys/kernel/mm/transparent_hugepage/defrag (defrag/compaction efforts parameter): always defer defer+madvise [madvise] never

Process Memory:
Virtual Size: 8038816K (peak: 8039812K)
Resident Set Size: 877468K (peak: 949720K) (anon: 845648K, file: 31820K, shmem: 0K)
Swapped out: 0K
C-Heap outstanding allocations: 95679K, retained: 336288K
glibc malloc tunables: (default)

/proc/sys/kernel/threads-max (system-wide limit on the number of threads): 122306
/proc/sys/vm/max_map_count (maximum number of memory map areas a process may have): 262144
/proc/sys/kernel/pid_max (system-wide limit on number of process identifiers): 4194304

container (cgroup) information:
container_type: cgroupv2
cpu_cpuset_cpus: not supported
cpu_memory_nodes: not supported
active_processor_count: 16
cpu_quota: not supported
cpu_period: not supported
cpu_shares: not supported
memory_limit_in_bytes: unlimited
memory_and_swap_limit_in_bytes: unlimited
memory_soft_limit_in_bytes: unlimited
memory_usage_in_bytes: 2907132 k
memory_max_usage_in_bytes: not supported
memory_swap_current_in_bytes: unlimited
memory_swap_max_limit_in_bytes: unlimited
maximum number of tasks: 18345
current number of tasks: 278

Steal ticks since vm start: 0
Steal ticks percentage since vm start:  0.000

CPU: total 16 (initial active 16) (16 cores per cpu, 2 threads per core) family 23 model 104 stepping 1 microcode 0x8608103, cx8, cmov, fxsr, ht, mmx, 3dnowpref, sse, sse2, sse3, ssse3, sse4a, sse4.1, sse4.2, popcnt, lzcnt, tsc, tscinvbit, avx, avx2, aes, clmul, bmi1, bmi2, adx, sha, fma, vzeroupper, clflush, clflushopt
CPU Model and flags from /proc/cpuinfo:
model name	: AMD Ryzen 7 5700U with Radeon Graphics
flags		: fpu vme de pse tsc msr pae mce cx8 apic sep mtrr pge mca cmov pat pse36 clflush mmx fxsr sse sse2 ht syscall nx mmxext fxsr_opt pdpe1gb rdtscp lm constant_tsc rep_good nopl nonstop_tsc cpuid extd_apicid aperfmperf rapl pni pclmulqdq monitor ssse3 fma cx16 sse4_1 sse4_2 movbe popcnt aes xsave avx f16c rdrand lahf_lm cmp_legacy svm extapic cr8_legacy abm sse4a misalignsse 3dnowprefetch osvw ibs skinit wdt tce topoext perfctr_core perfctr_nb bpext perfctr_llc mwaitx cpb cat_l3 cdp_l3 hw_pstate ssbd mba ibrs ibpb stibp vmmcall fsgsbase bmi1 avx2 smep bmi2 cqm rdt_a rdseed adx smap clflushopt clwb sha_ni xsaveopt xsavec xgetbv1 xsaves cqm_llc cqm_occup_llc cqm_mbm_total cqm_mbm_local clzero irperf xsaveerptr rdpru wbnoinvd cppc arat npt lbrv svm_lock nrip_save tsc_scale vmcb_clean flushbyasid decodeassists pausefilter pfthreshold avic v_vmsave_vmload vgif v_spec_ctrl umip rdpid overflow_recov succor smca

Online cpus: 0-15
Offline cpus: 
BIOS frequency limitation: 1800000
Frequency switch latency (ns): 0
Available cpu frequencies: 1800000 1700000 1400000 
Current governor: schedutil
Core performance/turbo boost: 1

Memory: 4k page, physical 15734896k(4366280k free), swap 6291452k(6291452k free)
Page Sizes: 4k

vm_info: OpenJDK 64-Bit Server VM (17.0.7+7) for linux-amd64 JRE (17.0.7+7), built on Apr 18 2023 00:00:00 by "temurin" with gcc 10.3.0

END.
